[0.540s] Invoking command in '/home/li/Work/Nav2_simple/build/fishbot_application_cpp': CMAKE_PREFIX_PATH=${CMAKE_PREFIX_PATH}:/home/li/Work/Nav2_simple/install/fishbot_application:/home/li/Work/Nav2_simple/install/autopatrol_robot:/home/li/Work/Nav2_simple/install/autonomous_tb3 CONDA_PROMPT_MODIFIER=(ros_humble) /usr/bin/cmake --build /home/li/Work/Nav2_simple/build/fishbot_application_cpp -- -j16 -l16
[0.577s] [35m[1mConsolidate compiler generated dependencies of target nav2pose[0m
[0.593s] [100%] Built target nav2pose
[0.606s] Invoked command in '/home/li/Work/Nav2_simple/build/fishbot_application_cpp' returned '0': CMAKE_PREFIX_PATH=${CMAKE_PREFIX_PATH}:/home/li/Work/Nav2_simple/install/fishbot_application:/home/li/Work/Nav2_simple/install/autopatrol_robot:/home/li/Work/Nav2_simple/install/autonomous_tb3 CONDA_PROMPT_MODIFIER=(ros_humble) /usr/bin/cmake --build /home/li/Work/Nav2_simple/build/fishbot_application_cpp -- -j16 -l16
[0.608s] Invoking command in '/home/li/Work/Nav2_simple/build/fishbot_application_cpp': CMAKE_PREFIX_PATH=${CMAKE_PREFIX_PATH}:/home/li/Work/Nav2_simple/install/fishbot_application:/home/li/Work/Nav2_simple/install/autopatrol_robot:/home/li/Work/Nav2_simple/install/autonomous_tb3 CONDA_PROMPT_MODIFIER=(ros_humble) /usr/bin/cmake --install /home/li/Work/Nav2_simple/build/fishbot_application_cpp
[0.620s] -- Install configuration: ""
[0.620s] -- Installing: /home/li/Work/Nav2_simple/install/fishbot_application_cpp/lib/fishbot_application_cpp/nav2pose
[0.620s] -- Set runtime path of "/home/li/Work/Nav2_simple/install/fishbot_application_cpp/lib/fishbot_application_cpp/nav2pose" to ""
[0.621s] -- Installing: /home/li/Work/Nav2_simple/install/fishbot_application_cpp/share/ament_index/resource_index/package_run_dependencies/fishbot_application_cpp
[0.621s] -- Installing: /home/li/Work/Nav2_simple/install/fishbot_application_cpp/share/ament_index/resource_index/parent_prefix_path/fishbot_application_cpp
[0.621s] -- Installing: /home/li/Work/Nav2_simple/install/fishbot_application_cpp/share/fishbot_application_cpp/environment/ament_prefix_path.sh
[0.621s] -- Installing: /home/li/Work/Nav2_simple/install/fishbot_application_cpp/share/fishbot_application_cpp/environment/ament_prefix_path.dsv
[0.621s] -- Installing: /home/li/Work/Nav2_simple/install/fishbot_application_cpp/share/fishbot_application_cpp/environment/path.sh
[0.621s] -- Installing: /home/li/Work/Nav2_simple/install/fishbot_application_cpp/share/fishbot_application_cpp/environment/path.dsv
[0.621s] -- Installing: /home/li/Work/Nav2_simple/install/fishbot_application_cpp/share/fishbot_application_cpp/local_setup.bash
[0.621s] -- Installing: /home/li/Work/Nav2_simple/install/fishbot_application_cpp/share/fishbot_application_cpp/local_setup.sh
[0.622s] -- Installing: /home/li/Work/Nav2_simple/install/fishbot_application_cpp/share/fishbot_application_cpp/local_setup.zsh
[0.622s] -- Installing: /home/li/Work/Nav2_simple/install/fishbot_application_cpp/share/fishbot_application_cpp/local_setup.dsv
[0.622s] -- Installing: /home/li/Work/Nav2_simple/install/fishbot_application_cpp/share/fishbot_application_cpp/package.dsv
[0.622s] -- Installing: /home/li/Work/Nav2_simple/install/fishbot_application_cpp/share/ament_index/resource_index/packages/fishbot_application_cpp
[0.623s] -- Installing: /home/li/Work/Nav2_simple/install/fishbot_application_cpp/share/fishbot_application_cpp/cmake/fishbot_application_cppConfig.cmake
[0.623s] -- Installing: /home/li/Work/Nav2_simple/install/fishbot_application_cpp/share/fishbot_application_cpp/cmake/fishbot_application_cppConfig-version.cmake
[0.623s] -- Installing: /home/li/Work/Nav2_simple/install/fishbot_application_cpp/share/fishbot_application_cpp/package.xml
[0.623s] Invoked command in '/home/li/Work/Nav2_simple/build/fishbot_application_cpp' returned '0': CMAKE_PREFIX_PATH=${CMAKE_PREFIX_PATH}:/home/li/Work/Nav2_simple/install/fishbot_application:/home/li/Work/Nav2_simple/install/autopatrol_robot:/home/li/Work/Nav2_simple/install/autonomous_tb3 CONDA_PROMPT_MODIFIER=(ros_humble) /usr/bin/cmake --install /home/li/Work/Nav2_simple/build/fishbot_application_cpp
