[1.132s] Invoking command in '/home/li/Work/Nav2_simple/ROS2-Autonomous-Driving-and-Navigation-SLAM-with-TurtleBot3/autonomous_tb3': CONDA_PROMPT_MODIFIER=(ros_humble) PYTHONPATH=/home/li/Work/Nav2_simple/build/autonomous_tb3/prefix_override:/usr/lib/python3/dist-packages/colcon_core/task/python/colcon_distutils_commands:/home/li/Work/Nav2_simple/install/autonomous_tb3/lib/python3.10/site-packages:${PYTHONPATH} /usr/bin/python3 -W ignore:setup.py install is deprecated -W ignore:easy_install command is deprecated setup.py egg_info --egg-base ../../build/autonomous_tb3 build --build-base /home/li/Work/Nav2_simple/build/autonomous_tb3/build install --record /home/li/Work/Nav2_simple/build/autonomous_tb3/install.log --single-version-externally-managed install_data
[1.276s] /home/li/miniconda3/envs/ros_humble/lib/python3.10/site-packages/setuptools/_distutils/dist.py:289: UserWarning: Unknown distribution option: 'tests_require'
[1.276s]   warnings.warn(msg)
[1.340s] running egg_info
[1.351s] writing ../../build/autonomous_tb3/autonomous_tb3.egg-info/PKG-INFO
[1.351s] writing dependency_links to ../../build/autonomous_tb3/autonomous_tb3.egg-info/dependency_links.txt
[1.351s] writing entry points to ../../build/autonomous_tb3/autonomous_tb3.egg-info/entry_points.txt
[1.352s] writing requirements to ../../build/autonomous_tb3/autonomous_tb3.egg-info/requires.txt
[1.352s] writing top-level names to ../../build/autonomous_tb3/autonomous_tb3.egg-info/top_level.txt
[1.373s] reading manifest file '../../build/autonomous_tb3/autonomous_tb3.egg-info/SOURCES.txt'
[1.373s] Traceback (most recent call last):
[1.374s]   File "/home/li/Work/Nav2_simple/ROS2-Autonomous-Driving-and-Navigation-SLAM-with-TurtleBot3/autonomous_tb3/setup.py", line 6, in <module>
[1.374s]     setup(
[1.374s]   File "/home/li/miniconda3/envs/ros_humble/lib/python3.10/site-packages/setuptools/__init__.py", line 117, in setup
[1.374s]     return distutils.core.setup(**attrs)
[1.374s]   File "/home/li/miniconda3/envs/ros_humble/lib/python3.10/site-packages/setuptools/_distutils/core.py", line 186, in setup
[1.374s]     return run_commands(dist)
[1.374s]   File "/home/li/miniconda3/envs/ros_humble/lib/python3.10/site-packages/setuptools/_distutils/core.py", line 202, in run_commands
[1.374s]     dist.run_commands()
[1.374s]   File "/home/li/miniconda3/envs/ros_humble/lib/python3.10/site-packages/setuptools/_distutils/dist.py", line 1002, in run_commands
[1.374s]     self.run_command(cmd)
[1.375s]   File "/home/li/miniconda3/envs/ros_humble/lib/python3.10/site-packages/setuptools/dist.py", line 1104, in run_command
[1.375s]     super().run_command(command)
[1.375s]   File "/home/li/miniconda3/envs/ros_humble/lib/python3.10/site-packages/setuptools/_distutils/dist.py", line 1021, in run_command
[1.375s]     cmd_obj.run()
[1.375s]   File "/home/li/miniconda3/envs/ros_humble/lib/python3.10/site-packages/setuptools/command/egg_info.py", line 312, in run
[1.375s]     self.find_sources()
[1.375s]   File "/home/li/miniconda3/envs/ros_humble/lib/python3.10/site-packages/setuptools/command/egg_info.py", line 320, in find_sources
[1.375s]     mm.run()
[1.375s]   File "/home/li/miniconda3/envs/ros_humble/lib/python3.10/site-packages/setuptools/command/egg_info.py", line 548, in run
[1.375s]     self.prune_file_list()
[1.375s]   File "/home/li/miniconda3/envs/ros_humble/lib/python3.10/site-packages/setuptools/command/sdist.py", line 162, in prune_file_list
[1.375s]     super().prune_file_list()
[1.375s]   File "/home/li/miniconda3/envs/ros_humble/lib/python3.10/site-packages/setuptools/_distutils/command/sdist.py", line 386, in prune_file_list
[1.375s]     base_dir = self.distribution.get_fullname()
[1.375s]   File "/home/li/miniconda3/envs/ros_humble/lib/python3.10/site-packages/setuptools/_core_metadata.py", line 275, in get_fullname
[1.375s]     return _distribution_fullname(self.get_name(), self.get_version())
[1.375s]   File "/home/li/miniconda3/envs/ros_humble/lib/python3.10/site-packages/setuptools/_core_metadata.py", line 293, in _distribution_fullname
[1.375s]     canonicalize_version(version, strip_trailing_zero=False),
[1.375s] TypeError: canonicalize_version() got an unexpected keyword argument 'strip_trailing_zero'
