[0.505s] Invoking command in '/home/li/Work/Nav2_simple/build/fishbot_description': CMAKE_PREFIX_PATH=${CMAKE_PREFIX_PATH}:/home/li/Work/Nav2_simple/install/fishbot_application:/home/li/Work/Nav2_simple/install/autopatrol_robot:/home/li/Work/Nav2_simple/install/autonomous_tb3 CONDA_PROMPT_MODIFIER=(ros_humble) /usr/bin/cmake /home/li/Work/Nav2_simple/src/ros2_patrol_robot/fishbot_description -DCMAKE_INSTALL_PREFIX=/home/li/Work/Nav2_simple/install/fishbot_description
[0.555s] -- The C compiler identification is GNU 11.4.0
[0.594s] -- The CXX compiler identification is GNU 11.4.0
[0.599s] -- Detecting C compiler ABI info
[0.651s] -- Detecting C compiler ABI info - done
[0.656s] -- Check for working C compiler: /usr/bin/cc - skipped
[0.656s] -- Detecting C compile features
[0.656s] -- Detecting C compile features - done
[0.659s] -- Detecting CXX compiler ABI info
[0.714s] -- Detecting CXX compiler ABI info - done
[0.719s] -- Check for working CXX compiler: /usr/bin/c++ - skipped
[0.719s] -- Detecting CXX compile features
[0.719s] -- Detecting CXX compile features - done
[0.721s] -- Found ament_cmake: 1.3.11 (/opt/ros/humble/share/ament_cmake/cmake)
[1.015s] -- Found Python3: /home/li/miniconda3/envs/ros_humble/bin/python3 (found version "3.10.0") found components: Interpreter 
[1.110s] -- Found ament_lint_auto: 0.12.11 (/opt/ros/humble/share/ament_lint_auto/cmake)
[1.182s] -- Added test 'flake8' to check Python code syntax and style conventions
[1.183s] -- Added test 'lint_cmake' to check CMake code style
[1.183s] -- Added test 'pep257' to check Python code against some of the docstring style conventions in PEP 257
[1.184s] -- Added test 'xmllint' to check XML markup files
[1.185s] -- Configuring done
[1.187s] -- Generating done
[1.188s] -- Build files have been written to: /home/li/Work/Nav2_simple/build/fishbot_description
[1.191s] Invoked command in '/home/li/Work/Nav2_simple/build/fishbot_description' returned '0': CMAKE_PREFIX_PATH=${CMAKE_PREFIX_PATH}:/home/li/Work/Nav2_simple/install/fishbot_application:/home/li/Work/Nav2_simple/install/autopatrol_robot:/home/li/Work/Nav2_simple/install/autonomous_tb3 CONDA_PROMPT_MODIFIER=(ros_humble) /usr/bin/cmake /home/li/Work/Nav2_simple/src/ros2_patrol_robot/fishbot_description -DCMAKE_INSTALL_PREFIX=/home/li/Work/Nav2_simple/install/fishbot_description
[1.193s] Invoking command in '/home/li/Work/Nav2_simple/build/fishbot_description': CMAKE_PREFIX_PATH=${CMAKE_PREFIX_PATH}:/home/li/Work/Nav2_simple/install/fishbot_application:/home/li/Work/Nav2_simple/install/autopatrol_robot:/home/li/Work/Nav2_simple/install/autonomous_tb3 CONDA_PROMPT_MODIFIER=(ros_humble) /usr/bin/cmake --build /home/li/Work/Nav2_simple/build/fishbot_description -- -j16 -l16
[1.220s] Invoked command in '/home/li/Work/Nav2_simple/build/fishbot_description' returned '0': CMAKE_PREFIX_PATH=${CMAKE_PREFIX_PATH}:/home/li/Work/Nav2_simple/install/fishbot_application:/home/li/Work/Nav2_simple/install/autopatrol_robot:/home/li/Work/Nav2_simple/install/autonomous_tb3 CONDA_PROMPT_MODIFIER=(ros_humble) /usr/bin/cmake --build /home/li/Work/Nav2_simple/build/fishbot_description -- -j16 -l16
[1.229s] Invoking command in '/home/li/Work/Nav2_simple/build/fishbot_description': CMAKE_PREFIX_PATH=${CMAKE_PREFIX_PATH}:/home/li/Work/Nav2_simple/install/fishbot_application:/home/li/Work/Nav2_simple/install/autopatrol_robot:/home/li/Work/Nav2_simple/install/autonomous_tb3 CONDA_PROMPT_MODIFIER=(ros_humble) /usr/bin/cmake --install /home/li/Work/Nav2_simple/build/fishbot_description
[1.236s] -- Install configuration: ""
[1.236s] -- Installing: /home/li/Work/Nav2_simple/install/fishbot_description/share/fishbot_description/launch
[1.236s] -- Installing: /home/li/Work/Nav2_simple/install/fishbot_description/share/fishbot_description/launch/gazebo_sim.ros2_control.launch.py
[1.236s] -- Installing: /home/li/Work/Nav2_simple/install/fishbot_description/share/fishbot_description/launch/gazebo_sim.launch.py
[1.236s] -- Installing: /home/li/Work/Nav2_simple/install/fishbot_description/share/fishbot_description/launch/ign_gazebo.launch.py
[1.236s] -- Installing: /home/li/Work/Nav2_simple/install/fishbot_description/share/fishbot_description/launch/display_robot.launch.py
[1.236s] -- Installing: /home/li/Work/Nav2_simple/install/fishbot_description/share/fishbot_description/urdf
[1.236s] -- Installing: /home/li/Work/Nav2_simple/install/fishbot_description/share/fishbot_description/urdf/first_robot.urdf
[1.237s] -- Installing: /home/li/Work/Nav2_simple/install/fishbot_description/share/fishbot_description/urdf/fishbot
[1.237s] -- Installing: /home/li/Work/Nav2_simple/install/fishbot_description/share/fishbot_description/urdf/fishbot/plugins
[1.237s] -- Installing: /home/li/Work/Nav2_simple/install/fishbot_description/share/fishbot_description/urdf/fishbot/plugins/gazebo_sensor_plugin.xacro
[1.237s] -- Installing: /home/li/Work/Nav2_simple/install/fishbot_description/share/fishbot_description/urdf/fishbot/plugins/gazebo_control_plugin.xacro
[1.237s] -- Installing: /home/li/Work/Nav2_simple/install/fishbot_description/share/fishbot_description/urdf/fishbot/fishbot.ros2_control.xacro
[1.237s] -- Installing: /home/li/Work/Nav2_simple/install/fishbot_description/share/fishbot_description/urdf/fishbot/sensor
[1.237s] -- Installing: /home/li/Work/Nav2_simple/install/fishbot_description/share/fishbot_description/urdf/fishbot/sensor/laser.urdf.xacro
[1.237s] -- Installing: /home/li/Work/Nav2_simple/install/fishbot_description/share/fishbot_description/urdf/fishbot/sensor/imu.urdf.xacro
[1.237s] -- Installing: /home/li/Work/Nav2_simple/install/fishbot_description/share/fishbot_description/urdf/fishbot/sensor/camera.urdf.xacro
[1.237s] -- Installing: /home/li/Work/Nav2_simple/install/fishbot_description/share/fishbot_description/urdf/fishbot/fishbot.urdf.xacro
[1.237s] -- Installing: /home/li/Work/Nav2_simple/install/fishbot_description/share/fishbot_description/urdf/fishbot/common_inertia.xacro
[1.237s] -- Installing: /home/li/Work/Nav2_simple/install/fishbot_description/share/fishbot_description/urdf/fishbot/actuator
[1.238s] -- Installing: /home/li/Work/Nav2_simple/install/fishbot_description/share/fishbot_description/urdf/fishbot/actuator/wheel.urdf.xacro
[1.238s] -- Installing: /home/li/Work/Nav2_simple/install/fishbot_description/share/fishbot_description/urdf/fishbot/actuator/caster.urdf.xacro
[1.238s] -- Installing: /home/li/Work/Nav2_simple/install/fishbot_description/share/fishbot_description/urdf/fishbot/base.urdf.xacro
[1.238s] -- Installing: /home/li/Work/Nav2_simple/install/fishbot_description/share/fishbot_description/urdf/first_robot.urdf.xacro
[1.238s] -- Installing: /home/li/Work/Nav2_simple/install/fishbot_description/share/fishbot_description/config
[1.238s] -- Installing: /home/li/Work/Nav2_simple/install/fishbot_description/share/fishbot_description/config/rviz
[1.238s] -- Installing: /home/li/Work/Nav2_simple/install/fishbot_description/share/fishbot_description/config/rviz/display_model.rviz
[1.238s] -- Installing: /home/li/Work/Nav2_simple/install/fishbot_description/share/fishbot_description/config/fishbot_ros2_controller copy.yaml
[1.238s] -- Installing: /home/li/Work/Nav2_simple/install/fishbot_description/share/fishbot_description/config/fishbot_ros2_controller.yaml
[1.238s] -- Installing: /home/li/Work/Nav2_simple/install/fishbot_description/share/fishbot_description/world
[1.238s] -- Installing: /home/li/Work/Nav2_simple/install/fishbot_description/share/fishbot_description/world/custom_room.world
[1.238s] -- Installing: /home/li/Work/Nav2_simple/install/fishbot_description/share/fishbot_description/world/room
[1.239s] -- Installing: /home/li/Work/Nav2_simple/install/fishbot_description/share/fishbot_description/world/room/model.config
[1.239s] -- Installing: /home/li/Work/Nav2_simple/install/fishbot_description/share/fishbot_description/world/room/model.sdf
[1.239s] -- Installing: /home/li/Work/Nav2_simple/install/fishbot_description/share/ament_index/resource_index/package_run_dependencies/fishbot_description
[1.239s] -- Installing: /home/li/Work/Nav2_simple/install/fishbot_description/share/ament_index/resource_index/parent_prefix_path/fishbot_description
[1.239s] -- Installing: /home/li/Work/Nav2_simple/install/fishbot_description/share/fishbot_description/environment/ament_prefix_path.sh
[1.239s] -- Installing: /home/li/Work/Nav2_simple/install/fishbot_description/share/fishbot_description/environment/ament_prefix_path.dsv
[1.239s] -- Installing: /home/li/Work/Nav2_simple/install/fishbot_description/share/fishbot_description/environment/path.sh
[1.239s] -- Installing: /home/li/Work/Nav2_simple/install/fishbot_description/share/fishbot_description/environment/path.dsv
[1.239s] -- Installing: /home/li/Work/Nav2_simple/install/fishbot_description/share/fishbot_description/local_setup.bash
[1.239s] -- Installing: /home/li/Work/Nav2_simple/install/fishbot_description/share/fishbot_description/local_setup.sh
[1.240s] -- Installing: /home/li/Work/Nav2_simple/install/fishbot_description/share/fishbot_description/local_setup.zsh
[1.240s] -- Installing: /home/li/Work/Nav2_simple/install/fishbot_description/share/fishbot_description/local_setup.dsv
[1.240s] -- Installing: /home/li/Work/Nav2_simple/install/fishbot_description/share/fishbot_description/package.dsv
[1.240s] -- Installing: /home/li/Work/Nav2_simple/install/fishbot_description/share/ament_index/resource_index/packages/fishbot_description
[1.240s] -- Installing: /home/li/Work/Nav2_simple/install/fishbot_description/share/fishbot_description/cmake/fishbot_descriptionConfig.cmake
[1.240s] -- Installing: /home/li/Work/Nav2_simple/install/fishbot_description/share/fishbot_description/cmake/fishbot_descriptionConfig-version.cmake
[1.240s] -- Installing: /home/li/Work/Nav2_simple/install/fishbot_description/share/fishbot_description/package.xml
[1.242s] Invoked command in '/home/li/Work/Nav2_simple/build/fishbot_description' returned '0': CMAKE_PREFIX_PATH=${CMAKE_PREFIX_PATH}:/home/li/Work/Nav2_simple/install/fishbot_application:/home/li/Work/Nav2_simple/install/autopatrol_robot:/home/li/Work/Nav2_simple/install/autonomous_tb3 CONDA_PROMPT_MODIFIER=(ros_humble) /usr/bin/cmake --install /home/li/Work/Nav2_simple/build/fishbot_description
