-- Install configuration: ""
-- Installing: /home/li/Work/Nav2_simple/install/fishbot_description/share/fishbot_description/launch
-- Installing: /home/li/Work/Nav2_simple/install/fishbot_description/share/fishbot_description/launch/gazebo_sim.ros2_control.launch.py
-- Installing: /home/li/Work/Nav2_simple/install/fishbot_description/share/fishbot_description/launch/gazebo_sim.launch.py
-- Installing: /home/li/Work/Nav2_simple/install/fishbot_description/share/fishbot_description/launch/ign_gazebo.launch.py
-- Installing: /home/li/Work/Nav2_simple/install/fishbot_description/share/fishbot_description/launch/display_robot.launch.py
-- Installing: /home/li/Work/Nav2_simple/install/fishbot_description/share/fishbot_description/urdf
-- Installing: /home/li/Work/Nav2_simple/install/fishbot_description/share/fishbot_description/urdf/first_robot.urdf
-- Installing: /home/li/Work/Nav2_simple/install/fishbot_description/share/fishbot_description/urdf/fishbot
-- Installing: /home/li/Work/Nav2_simple/install/fishbot_description/share/fishbot_description/urdf/fishbot/plugins
-- Installing: /home/li/Work/Nav2_simple/install/fishbot_description/share/fishbot_description/urdf/fishbot/plugins/gazebo_sensor_plugin.xacro
-- Installing: /home/li/Work/Nav2_simple/install/fishbot_description/share/fishbot_description/urdf/fishbot/plugins/gazebo_control_plugin.xacro
-- Installing: /home/li/Work/Nav2_simple/install/fishbot_description/share/fishbot_description/urdf/fishbot/fishbot.ros2_control.xacro
-- Installing: /home/li/Work/Nav2_simple/install/fishbot_description/share/fishbot_description/urdf/fishbot/sensor
-- Installing: /home/li/Work/Nav2_simple/install/fishbot_description/share/fishbot_description/urdf/fishbot/sensor/laser.urdf.xacro
-- Installing: /home/li/Work/Nav2_simple/install/fishbot_description/share/fishbot_description/urdf/fishbot/sensor/imu.urdf.xacro
-- Installing: /home/li/Work/Nav2_simple/install/fishbot_description/share/fishbot_description/urdf/fishbot/sensor/camera.urdf.xacro
-- Installing: /home/li/Work/Nav2_simple/install/fishbot_description/share/fishbot_description/urdf/fishbot/fishbot.urdf.xacro
-- Installing: /home/li/Work/Nav2_simple/install/fishbot_description/share/fishbot_description/urdf/fishbot/common_inertia.xacro
-- Installing: /home/li/Work/Nav2_simple/install/fishbot_description/share/fishbot_description/urdf/fishbot/actuator
-- Installing: /home/li/Work/Nav2_simple/install/fishbot_description/share/fishbot_description/urdf/fishbot/actuator/wheel.urdf.xacro
-- Installing: /home/li/Work/Nav2_simple/install/fishbot_description/share/fishbot_description/urdf/fishbot/actuator/caster.urdf.xacro
-- Installing: /home/li/Work/Nav2_simple/install/fishbot_description/share/fishbot_description/urdf/fishbot/base.urdf.xacro
-- Installing: /home/li/Work/Nav2_simple/install/fishbot_description/share/fishbot_description/urdf/first_robot.urdf.xacro
-- Installing: /home/li/Work/Nav2_simple/install/fishbot_description/share/fishbot_description/config
-- Installing: /home/li/Work/Nav2_simple/install/fishbot_description/share/fishbot_description/config/rviz
-- Installing: /home/li/Work/Nav2_simple/install/fishbot_description/share/fishbot_description/config/rviz/display_model.rviz
-- Installing: /home/li/Work/Nav2_simple/install/fishbot_description/share/fishbot_description/config/fishbot_ros2_controller copy.yaml
-- Installing: /home/li/Work/Nav2_simple/install/fishbot_description/share/fishbot_description/config/fishbot_ros2_controller.yaml
-- Installing: /home/li/Work/Nav2_simple/install/fishbot_description/share/fishbot_description/world
-- Installing: /home/li/Work/Nav2_simple/install/fishbot_description/share/fishbot_description/world/custom_room.world
-- Installing: /home/li/Work/Nav2_simple/install/fishbot_description/share/fishbot_description/world/room
-- Installing: /home/li/Work/Nav2_simple/install/fishbot_description/share/fishbot_description/world/room/model.config
-- Installing: /home/li/Work/Nav2_simple/install/fishbot_description/share/fishbot_description/world/room/model.sdf
-- Installing: /home/li/Work/Nav2_simple/install/fishbot_description/share/ament_index/resource_index/package_run_dependencies/fishbot_description
-- Installing: /home/li/Work/Nav2_simple/install/fishbot_description/share/ament_index/resource_index/parent_prefix_path/fishbot_description
-- Installing: /home/li/Work/Nav2_simple/install/fishbot_description/share/fishbot_description/environment/ament_prefix_path.sh
-- Installing: /home/li/Work/Nav2_simple/install/fishbot_description/share/fishbot_description/environment/ament_prefix_path.dsv
-- Installing: /home/li/Work/Nav2_simple/install/fishbot_description/share/fishbot_description/environment/path.sh
-- Installing: /home/li/Work/Nav2_simple/install/fishbot_description/share/fishbot_description/environment/path.dsv
-- Installing: /home/li/Work/Nav2_simple/install/fishbot_description/share/fishbot_description/local_setup.bash
-- Installing: /home/li/Work/Nav2_simple/install/fishbot_description/share/fishbot_description/local_setup.sh
-- Installing: /home/li/Work/Nav2_simple/install/fishbot_description/share/fishbot_description/local_setup.zsh
-- Installing: /home/li/Work/Nav2_simple/install/fishbot_description/share/fishbot_description/local_setup.dsv
-- Installing: /home/li/Work/Nav2_simple/install/fishbot_description/share/fishbot_description/package.dsv
-- Installing: /home/li/Work/Nav2_simple/install/fishbot_description/share/ament_index/resource_index/packages/fishbot_description
-- Installing: /home/li/Work/Nav2_simple/install/fishbot_description/share/fishbot_description/cmake/fishbot_descriptionConfig.cmake
-- Installing: /home/li/Work/Nav2_simple/install/fishbot_description/share/fishbot_description/cmake/fishbot_descriptionConfig-version.cmake
-- Installing: /home/li/Work/Nav2_simple/install/fishbot_description/share/fishbot_description/package.xml
