[0.446s] Invoking command in '/home/li/Work/Nav2_simple/build/fishbot_description': CONDA_PROMPT_MODIFIER=(base) /usr/bin/cmake --build /home/li/Work/Nav2_simple/build/fishbot_description -- -j16 -l16
[0.481s] Invoked command in '/home/li/Work/Nav2_simple/build/fishbot_description' returned '0': CONDA_PROMPT_MODIFIER=(base) /usr/bin/cmake --build /home/li/Work/Nav2_simple/build/fishbot_description -- -j16 -l16
[0.492s] Invoking command in '/home/li/Work/Nav2_simple/build/fishbot_description': CONDA_PROMPT_MODIFIER=(base) /usr/bin/cmake --install /home/li/Work/Nav2_simple/build/fishbot_description
[0.501s] -- Install configuration: ""
[0.501s] -- Installing: /home/li/Work/Nav2_simple/install/fishbot_description/share/fishbot_description/launch
[0.501s] -- Installing: /home/li/Work/Nav2_simple/install/fishbot_description/share/fishbot_description/launch/gazebo_sim.ros2_control.launch.py
[0.501s] -- Installing: /home/li/Work/Nav2_simple/install/fishbot_description/share/fishbot_description/launch/gazebo_sim.launch.py
[0.501s] -- Installing: /home/li/Work/Nav2_simple/install/fishbot_description/share/fishbot_description/launch/ign_gazebo.launch.py
[0.501s] -- Installing: /home/li/Work/Nav2_simple/install/fishbot_description/share/fishbot_description/launch/display_robot.launch.py
[0.502s] -- Installing: /home/li/Work/Nav2_simple/install/fishbot_description/share/fishbot_description/urdf
[0.502s] -- Installing: /home/li/Work/Nav2_simple/install/fishbot_description/share/fishbot_description/urdf/first_robot.urdf
[0.502s] -- Installing: /home/li/Work/Nav2_simple/install/fishbot_description/share/fishbot_description/urdf/fishbot
[0.502s] -- Installing: /home/li/Work/Nav2_simple/install/fishbot_description/share/fishbot_description/urdf/fishbot/plugins
[0.502s] -- Installing: /home/li/Work/Nav2_simple/install/fishbot_description/share/fishbot_description/urdf/fishbot/plugins/gazebo_sensor_plugin.xacro
[0.502s] -- Installing: /home/li/Work/Nav2_simple/install/fishbot_description/share/fishbot_description/urdf/fishbot/plugins/gazebo_control_plugin.xacro
[0.502s] -- Installing: /home/li/Work/Nav2_simple/install/fishbot_description/share/fishbot_description/urdf/fishbot/fishbot.ros2_control.xacro
[0.502s] -- Installing: /home/li/Work/Nav2_simple/install/fishbot_description/share/fishbot_description/urdf/fishbot/sensor
[0.503s] -- Installing: /home/li/Work/Nav2_simple/install/fishbot_description/share/fishbot_description/urdf/fishbot/sensor/laser.urdf.xacro
[0.503s] -- Installing: /home/li/Work/Nav2_simple/install/fishbot_description/share/fishbot_description/urdf/fishbot/sensor/imu.urdf.xacro
[0.503s] -- Installing: /home/li/Work/Nav2_simple/install/fishbot_description/share/fishbot_description/urdf/fishbot/sensor/camera.urdf.xacro
[0.503s] -- Installing: /home/li/Work/Nav2_simple/install/fishbot_description/share/fishbot_description/urdf/fishbot/fishbot.urdf.xacro
[0.503s] -- Installing: /home/li/Work/Nav2_simple/install/fishbot_description/share/fishbot_description/urdf/fishbot/common_inertia.xacro
[0.503s] -- Installing: /home/li/Work/Nav2_simple/install/fishbot_description/share/fishbot_description/urdf/fishbot/actuator
[0.504s] -- Installing: /home/li/Work/Nav2_simple/install/fishbot_description/share/fishbot_description/urdf/fishbot/actuator/wheel.urdf.xacro
[0.504s] -- Installing: /home/li/Work/Nav2_simple/install/fishbot_description/share/fishbot_description/urdf/fishbot/actuator/caster.urdf.xacro
[0.504s] -- Installing: /home/li/Work/Nav2_simple/install/fishbot_description/share/fishbot_description/urdf/fishbot/base.urdf.xacro
[0.504s] -- Installing: /home/li/Work/Nav2_simple/install/fishbot_description/share/fishbot_description/urdf/first_robot.urdf.xacro
[0.504s] -- Installing: /home/li/Work/Nav2_simple/install/fishbot_description/share/fishbot_description/config
[0.504s] -- Installing: /home/li/Work/Nav2_simple/install/fishbot_description/share/fishbot_description/config/rviz
[0.504s] -- Installing: /home/li/Work/Nav2_simple/install/fishbot_description/share/fishbot_description/config/rviz/display_model.rviz
[0.504s] -- Installing: /home/li/Work/Nav2_simple/install/fishbot_description/share/fishbot_description/config/fishbot_ros2_controller copy.yaml
[0.505s] -- Installing: /home/li/Work/Nav2_simple/install/fishbot_description/share/fishbot_description/config/fishbot_ros2_controller.yaml
[0.505s] -- Installing: /home/li/Work/Nav2_simple/install/fishbot_description/share/fishbot_description/world
[0.505s] -- Installing: /home/li/Work/Nav2_simple/install/fishbot_description/share/fishbot_description/world/custom_room.world
[0.505s] -- Installing: /home/li/Work/Nav2_simple/install/fishbot_description/share/fishbot_description/world/room
[0.505s] -- Installing: /home/li/Work/Nav2_simple/install/fishbot_description/share/fishbot_description/world/room/model.config
[0.506s] -- Installing: /home/li/Work/Nav2_simple/install/fishbot_description/share/fishbot_description/world/room/model.sdf
[0.506s] -- Installing: /home/li/Work/Nav2_simple/install/fishbot_description/share/ament_index/resource_index/package_run_dependencies/fishbot_description
[0.506s] -- Installing: /home/li/Work/Nav2_simple/install/fishbot_description/share/ament_index/resource_index/parent_prefix_path/fishbot_description
[0.507s] -- Installing: /home/li/Work/Nav2_simple/install/fishbot_description/share/fishbot_description/environment/ament_prefix_path.sh
[0.507s] -- Installing: /home/li/Work/Nav2_simple/install/fishbot_description/share/fishbot_description/environment/ament_prefix_path.dsv
[0.507s] -- Installing: /home/li/Work/Nav2_simple/install/fishbot_description/share/fishbot_description/environment/path.sh
[0.507s] -- Installing: /home/li/Work/Nav2_simple/install/fishbot_description/share/fishbot_description/environment/path.dsv
[0.507s] -- Installing: /home/li/Work/Nav2_simple/install/fishbot_description/share/fishbot_description/local_setup.bash
[0.508s] -- Installing: /home/li/Work/Nav2_simple/install/fishbot_description/share/fishbot_description/local_setup.sh
[0.508s] -- Installing: /home/li/Work/Nav2_simple/install/fishbot_description/share/fishbot_description/local_setup.zsh
[0.509s] -- Installing: /home/li/Work/Nav2_simple/install/fishbot_description/share/fishbot_description/local_setup.dsv
[0.509s] -- Installing: /home/li/Work/Nav2_simple/install/fishbot_description/share/fishbot_description/package.dsv
[0.509s] -- Installing: /home/li/Work/Nav2_simple/install/fishbot_description/share/ament_index/resource_index/packages/fishbot_description
[0.509s] -- Installing: /home/li/Work/Nav2_simple/install/fishbot_description/share/fishbot_description/cmake/fishbot_descriptionConfig.cmake
[0.509s] -- Installing: /home/li/Work/Nav2_simple/install/fishbot_description/share/fishbot_description/cmake/fishbot_descriptionConfig-version.cmake
[0.509s] -- Installing: /home/li/Work/Nav2_simple/install/fishbot_description/share/fishbot_description/package.xml
[0.511s] Invoked command in '/home/li/Work/Nav2_simple/build/fishbot_description' returned '0': CONDA_PROMPT_MODIFIER=(base) /usr/bin/cmake --install /home/li/Work/Nav2_simple/build/fishbot_description
