[0.207s] Invoking command in '/home/li/Work/Nav2_simple/build/autopatrol_interfaces': CMAKE_PREFIX_PATH=${CMAKE_PREFIX_PATH}:/home/li/Work/Nav2_simple/install/fishbot_application:/home/li/Work/Nav2_simple/install/autopatrol_robot:/home/li/Work/Nav2_simple/install/autonomous_tb3 CONDA_PROMPT_MODIFIER=(ros_humble) /usr/bin/cmake --build /home/li/Work/Nav2_simple/build/autopatrol_interfaces -- -j16 -l16
[0.597s] [  3%] [34m[1mGenerating C code for ROS interfaces[0m
[0.597s] [  6%] [34m[1mGenerating C++ code for ROS interfaces[0m
[0.597s] [  6%] Built target ament_cmake_python_copy_autopatrol_interfaces
[0.597s] running egg_info
[0.597s] creating autopatrol_interfaces.egg-info
[0.597s] writing autopatrol_interfaces.egg-info/PKG-INFO
[0.598s] writing dependency_links to autopatrol_interfaces.egg-info/dependency_links.txt
[0.598s] writing top-level names to autopatrol_interfaces.egg-info/top_level.txt
[0.598s] writing manifest file 'autopatrol_interfaces.egg-info/SOURCES.txt'
[0.598s] reading manifest file 'autopatrol_interfaces.egg-info/SOURCES.txt'
[0.598s] writing manifest file 'autopatrol_interfaces.egg-info/SOURCES.txt'
[0.598s] [  6%] Built target ament_cmake_python_build_autopatrol_interfaces_egg
[0.598s] [  6%] Built target autopatrol_interfaces__cpp
[0.598s] [  9%] [34m[1mGenerating C++ type support for eProsima Fast-RTPS[0m
[0.598s] [ 12%] [34m[1mGenerating C++ type support dispatch for ROS interfaces[0m
[0.598s] [ 16%] [32mBuilding C object CMakeFiles/autopatrol_interfaces__rosidl_generator_c.dir/rosidl_generator_c/autopatrol_interfaces/srv/detail/speach_text__functions.c.o[0m
[0.598s] [ 19%] [34m[1mGenerating C++ introspection for ROS interfaces[0m
[0.598s] [ 22%] [32m[1mLinking C shared library libautopatrol_interfaces__rosidl_generator_c.so[0m
[0.598s] [ 22%] Built target autopatrol_interfaces__rosidl_generator_c
[0.599s] [ 29%] [34m[1mGenerating C type support dispatch for ROS interfaces[0m
[0.599s] [ 29%] [34m[1mGenerating C introspection for ROS interfaces[0m
[0.599s] [ 32%] [34m[1mGenerating C type support for eProsima Fast-RTPS[0m
[0.660s] [ 35%] [32mBuilding CXX object CMakeFiles/autopatrol_interfaces__rosidl_typesupport_cpp.dir/rosidl_typesupport_cpp/autopatrol_interfaces/srv/speach_text__type_support.cpp.o[0m
[0.683s] [ 38%] [32mBuilding CXX object CMakeFiles/autopatrol_interfaces__rosidl_typesupport_introspection_cpp.dir/rosidl_typesupport_introspection_cpp/autopatrol_interfaces/srv/detail/speach_text__type_support.cpp.o[0m
[0.698s] [ 41%] [32mBuilding CXX object CMakeFiles/autopatrol_interfaces__rosidl_typesupport_fastrtps_cpp.dir/rosidl_typesupport_fastrtps_cpp/autopatrol_interfaces/srv/detail/dds_fastrtps/speach_text__type_support.cpp.o[0m
[0.780s] [ 45%] [32mBuilding CXX object CMakeFiles/autopatrol_interfaces__rosidl_typesupport_c.dir/rosidl_typesupport_c/autopatrol_interfaces/srv/speach_text__type_support.cpp.o[0m
[0.806s] [ 48%] [32m[1mLinking CXX shared library libautopatrol_interfaces__rosidl_typesupport_c.so[0m
[0.836s] [ 51%] [32mBuilding CXX object CMakeFiles/autopatrol_interfaces__rosidl_typesupport_fastrtps_c.dir/rosidl_typesupport_fastrtps_c/autopatrol_interfaces/srv/detail/speach_text__type_support_c.cpp.o[0m
[0.840s] [ 51%] Built target autopatrol_interfaces__rosidl_typesupport_c
[0.883s] [ 54%] [32mBuilding C object CMakeFiles/autopatrol_interfaces__rosidl_typesupport_introspection_c.dir/rosidl_typesupport_introspection_c/autopatrol_interfaces/srv/detail/speach_text__type_support.c.o[0m
[0.907s] [ 58%] [32m[1mLinking C shared library libautopatrol_interfaces__rosidl_typesupport_introspection_c.so[0m
[0.926s] [ 61%] [32m[1mLinking CXX shared library libautopatrol_interfaces__rosidl_typesupport_cpp.so[0m
[0.934s] [ 61%] Built target autopatrol_interfaces__rosidl_typesupport_introspection_c
[0.955s] [ 61%] Built target autopatrol_interfaces__rosidl_typesupport_cpp
[0.972s] [ 64%] [32m[1mLinking CXX shared library libautopatrol_interfaces__rosidl_typesupport_introspection_cpp.so[0m
[1.017s] [ 64%] Built target autopatrol_interfaces__rosidl_typesupport_introspection_cpp
[1.070s] [ 67%] [32m[1mLinking CXX shared library libautopatrol_interfaces__rosidl_typesupport_fastrtps_c.so[0m
[1.085s] [ 70%] [32m[1mLinking CXX shared library libautopatrol_interfaces__rosidl_typesupport_fastrtps_cpp.so[0m
[1.134s] [ 70%] Built target autopatrol_interfaces__rosidl_typesupport_fastrtps_c
[1.145s] [ 70%] Built target autopatrol_interfaces__rosidl_typesupport_fastrtps_cpp
[1.165s] [ 70%] Built target autopatrol_interfaces
[1.183s] [ 74%] [34m[1mGenerating Python code for ROS interfaces[0m
[1.439s] [ 74%] Built target autopatrol_interfaces__py
[1.455s] [ 77%] [32mBuilding C object CMakeFiles/autopatrol_interfaces__rosidl_generator_py.dir/rosidl_generator_py/autopatrol_interfaces/srv/_speach_text_s.c.o[0m
[1.542s] [ 80%] [32m[1mLinking C shared library rosidl_generator_py/autopatrol_interfaces/libautopatrol_interfaces__rosidl_generator_py.so[0m
[1.575s] [ 80%] Built target autopatrol_interfaces__rosidl_generator_py
[1.590s] [ 87%] [32mBuilding C object CMakeFiles/autopatrol_interfaces__rosidl_typesupport_introspection_c__pyext.dir/rosidl_generator_py/autopatrol_interfaces/_autopatrol_interfaces_s.ep.rosidl_typesupport_introspection_c.c.o[0m
[1.590s] [ 87%] [32mBuilding C object CMakeFiles/autopatrol_interfaces__rosidl_typesupport_fastrtps_c__pyext.dir/rosidl_generator_py/autopatrol_interfaces/_autopatrol_interfaces_s.ep.rosidl_typesupport_fastrtps_c.c.o[0m
[1.591s] [ 90%] [32mBuilding C object CMakeFiles/autopatrol_interfaces__rosidl_typesupport_c__pyext.dir/rosidl_generator_py/autopatrol_interfaces/_autopatrol_interfaces_s.ep.rosidl_typesupport_c.c.o[0m
[1.654s] [ 93%] [32m[1mLinking C shared library rosidl_generator_py/autopatrol_interfaces/autopatrol_interfaces_s__rosidl_typesupport_c.cpython-310-x86_64-linux-gnu.so[0m
[1.658s] [ 96%] [32m[1mLinking C shared library rosidl_generator_py/autopatrol_interfaces/autopatrol_interfaces_s__rosidl_typesupport_introspection_c.cpython-310-x86_64-linux-gnu.so[0m
[1.660s] [100%] [32m[1mLinking C shared library rosidl_generator_py/autopatrol_interfaces/autopatrol_interfaces_s__rosidl_typesupport_fastrtps_c.cpython-310-x86_64-linux-gnu.so[0m
[1.678s] [100%] Built target autopatrol_interfaces__rosidl_typesupport_c__pyext
[1.683s] [100%] Built target autopatrol_interfaces__rosidl_typesupport_introspection_c__pyext
[1.687s] [100%] Built target autopatrol_interfaces__rosidl_typesupport_fastrtps_c__pyext
