[0.506s] Invoking command in '/home/li/Work/Nav2_simple/build/fishbot_application_cpp': CMAKE_PREFIX_PATH=${CMAKE_PREFIX_PATH}:/home/li/Work/Nav2_simple/install/fishbot_application:/home/li/Work/Nav2_simple/install/autopatrol_robot:/home/li/Work/Nav2_simple/install/autonomous_tb3 CONDA_PROMPT_MODIFIER=(ros_humble) /usr/bin/cmake /home/li/Work/Nav2_simple/src/ros2_patrol_robot/fishbot_application_cpp -DCMAKE_INSTALL_PREFIX=/home/li/Work/Nav2_simple/install/fishbot_application_cpp
[0.547s] -- The C compiler identification is GNU 11.4.0
[0.591s] -- The CXX compiler identification is GNU 11.4.0
[0.599s] -- Detecting C compiler ABI info
[0.649s] -- Detecting C compiler ABI info - done
[0.655s] -- Check for working C compiler: /usr/bin/cc - skipped
[0.655s] -- Detecting C compile features
[0.655s] -- Detecting C compile features - done
[0.658s] -- Detecting CXX compiler ABI info
[0.716s] -- Detecting CXX compiler ABI info - done
[0.725s] -- Check for working CXX compiler: /usr/bin/c++ - skipped
[0.726s] -- Detecting CXX compile features
[0.726s] -- Detecting CXX compile features - done
[0.729s] -- Found ament_cmake: 1.3.11 (/opt/ros/humble/share/ament_cmake/cmake)
[1.057s] -- Found Python3: /home/li/miniconda3/envs/ros_humble/bin/python3 (found version "3.10.0") found components: Interpreter 
[1.142s] -- Found rclcpp: 16.0.11 (/opt/ros/humble/share/rclcpp/cmake)
[1.192s] -- Found rosidl_generator_c: 3.1.6 (/opt/ros/humble/share/rosidl_generator_c/cmake)
[1.200s] -- Found rosidl_adapter: 3.1.6 (/opt/ros/humble/share/rosidl_adapter/cmake)
[1.212s] -- Found rosidl_generator_cpp: 3.1.6 (/opt/ros/humble/share/rosidl_generator_cpp/cmake)
[1.224s] -- Using all available rosidl_typesupport_c: rosidl_typesupport_fastrtps_c;rosidl_typesupport_introspection_c
[1.247s] -- Using all available rosidl_typesupport_cpp: rosidl_typesupport_fastrtps_cpp;rosidl_typesupport_introspection_cpp
[1.301s] -- Found rmw_implementation_cmake: 6.1.2 (/opt/ros/humble/share/rmw_implementation_cmake/cmake)
[1.304s] -- Found rmw_cyclonedds_cpp: 1.3.4 (/opt/ros/humble/share/rmw_cyclonedds_cpp/cmake)
[1.318s] -- Using RMW implementation 'rmw_cyclonedds_cpp' as default
[1.329s] -- Looking for pthread.h
[1.387s] -- Looking for pthread.h - found
[1.388s] -- Performing Test CMAKE_HAVE_LIBC_PTHREAD
[1.464s] -- Performing Test CMAKE_HAVE_LIBC_PTHREAD - Success
[1.464s] -- Found Threads: TRUE  
[1.528s] -- Found nav2_msgs: 1.1.17 (/opt/ros/humble/share/nav2_msgs/cmake)
[1.584s] -- Found rclcpp_action: 16.0.11 (/opt/ros/humble/share/rclcpp_action/cmake)
[1.593s] -- Found ament_lint_auto: 0.12.11 (/opt/ros/humble/share/ament_lint_auto/cmake)
[1.666s] -- Added test 'cppcheck' to perform static code analysis on C / C++ code
[1.666s] -- Configured cppcheck include dirs: 
[1.666s] -- Configured cppcheck exclude dirs and/or files: 
[1.666s] -- Added test 'lint_cmake' to check CMake code style
[1.667s] -- Added test 'uncrustify' to check C / C++ code style
[1.667s] -- Configured uncrustify additional arguments: 
[1.667s] -- Added test 'xmllint' to check XML markup files
[1.668s] -- Configuring done
[1.675s] -- Generating done
[1.677s] -- Build files have been written to: /home/li/Work/Nav2_simple/build/fishbot_application_cpp
