[0.188s] Invoking command in '/home/li/Work/Nav2_simple/build/autopatrol_interfaces': CMAKE_PREFIX_PATH=${CMAKE_PREFIX_PATH}:/home/li/Work/Nav2_simple/install/fishbot_application:/home/li/Work/Nav2_simple/install/autopatrol_robot:/home/li/Work/Nav2_simple/install/autonomous_tb3 CONDA_PROMPT_MODIFIER=(ros_humble) /usr/bin/cmake --build /home/li/Work/Nav2_simple/build/autopatrol_interfaces -- -j16 -l16
[0.539s] [  3%] [34m[1mGenerating C code for ROS interfaces[0m
[0.539s] [  6%] [34m[1mGenerating C++ code for ROS interfaces[0m
[0.539s] [  6%] Built target ament_cmake_python_copy_autopatrol_interfaces
[0.539s] running egg_info
[0.539s] creating autopatrol_interfaces.egg-info
[0.539s] writing autopatrol_interfaces.egg-info/PKG-INFO
[0.539s] writing dependency_links to autopatrol_interfaces.egg-info/dependency_links.txt
[0.539s] writing top-level names to autopatrol_interfaces.egg-info/top_level.txt
[0.539s] writing manifest file 'autopatrol_interfaces.egg-info/SOURCES.txt'
[0.539s] reading manifest file 'autopatrol_interfaces.egg-info/SOURCES.txt'
[0.540s] writing manifest file 'autopatrol_interfaces.egg-info/SOURCES.txt'
[0.540s] [  6%] Built target ament_cmake_python_build_autopatrol_interfaces_egg
[0.540s] [  9%] [32mBuilding C object CMakeFiles/autopatrol_interfaces__rosidl_generator_c.dir/rosidl_generator_c/autopatrol_interfaces/srv/detail/speach_text__functions.c.o[0m
[0.540s] [  9%] Built target autopatrol_interfaces__cpp
[0.540s] [ 12%] [34m[1mGenerating C++ introspection for ROS interfaces[0m
[0.540s] [ 16%] [34m[1mGenerating C++ type support for eProsima Fast-RTPS[0m
[0.540s] [ 19%] [34m[1mGenerating C++ type support dispatch for ROS interfaces[0m
[0.540s] [ 22%] [32m[1mLinking C shared library libautopatrol_interfaces__rosidl_generator_c.so[0m
[0.540s] [ 22%] Built target autopatrol_interfaces__rosidl_generator_c
[0.540s] [ 29%] [34m[1mGenerating C type support dispatch for ROS interfaces[0m
[0.540s] [ 29%] [34m[1mGenerating C type support for eProsima Fast-RTPS[0m
[0.540s] [ 32%] [34m[1mGenerating C introspection for ROS interfaces[0m
[0.632s] [ 35%] [32mBuilding CXX object CMakeFiles/autopatrol_interfaces__rosidl_typesupport_fastrtps_cpp.dir/rosidl_typesupport_fastrtps_cpp/autopatrol_interfaces/srv/detail/dds_fastrtps/speach_text__type_support.cpp.o[0m
[0.639s] [ 38%] [32mBuilding CXX object CMakeFiles/autopatrol_interfaces__rosidl_typesupport_introspection_cpp.dir/rosidl_typesupport_introspection_cpp/autopatrol_interfaces/srv/detail/speach_text__type_support.cpp.o[0m
[0.678s] [ 41%] [32mBuilding CXX object CMakeFiles/autopatrol_interfaces__rosidl_typesupport_cpp.dir/rosidl_typesupport_cpp/autopatrol_interfaces/srv/speach_text__type_support.cpp.o[0m
[0.694s] [ 45%] [32mBuilding CXX object CMakeFiles/autopatrol_interfaces__rosidl_typesupport_c.dir/rosidl_typesupport_c/autopatrol_interfaces/srv/speach_text__type_support.cpp.o[0m
[0.717s] [ 48%] [32m[1mLinking CXX shared library libautopatrol_interfaces__rosidl_typesupport_c.so[0m
[0.748s] [ 48%] Built target autopatrol_interfaces__rosidl_typesupport_c
[0.771s] [ 51%] [32mBuilding CXX object CMakeFiles/autopatrol_interfaces__rosidl_typesupport_fastrtps_c.dir/rosidl_typesupport_fastrtps_c/autopatrol_interfaces/srv/detail/speach_text__type_support_c.cpp.o[0m
[0.821s] [ 54%] [32mBuilding C object CMakeFiles/autopatrol_interfaces__rosidl_typesupport_introspection_c.dir/rosidl_typesupport_introspection_c/autopatrol_interfaces/srv/detail/speach_text__type_support.c.o[0m
[0.848s] [ 58%] [32m[1mLinking C shared library libautopatrol_interfaces__rosidl_typesupport_introspection_c.so[0m
[0.884s] [ 58%] Built target autopatrol_interfaces__rosidl_typesupport_introspection_c
[0.891s] [ 61%] [32m[1mLinking CXX shared library libautopatrol_interfaces__rosidl_typesupport_cpp.so[0m
[0.901s] [ 64%] [32m[1mLinking CXX shared library libautopatrol_interfaces__rosidl_typesupport_fastrtps_cpp.so[0m
[0.926s] [ 64%] Built target autopatrol_interfaces__rosidl_typesupport_cpp
[0.960s] [ 64%] Built target autopatrol_interfaces__rosidl_typesupport_fastrtps_cpp
[0.967s] [ 67%] [32m[1mLinking CXX shared library libautopatrol_interfaces__rosidl_typesupport_introspection_cpp.so[0m
[0.995s] [ 70%] [32m[1mLinking CXX shared library libautopatrol_interfaces__rosidl_typesupport_fastrtps_c.so[0m
[1.029s] [ 70%] Built target autopatrol_interfaces__rosidl_typesupport_introspection_cpp
[1.066s] [ 70%] Built target autopatrol_interfaces__rosidl_typesupport_fastrtps_c
[1.086s] [ 70%] Built target autopatrol_interfaces
[1.106s] [ 74%] [34m[1mGenerating Python code for ROS interfaces[0m
[1.351s] [ 74%] Built target autopatrol_interfaces__py
[1.372s] [ 77%] [32mBuilding C object CMakeFiles/autopatrol_interfaces__rosidl_generator_py.dir/rosidl_generator_py/autopatrol_interfaces/srv/_speach_text_s.c.o[0m
[1.452s] [ 80%] [32m[1mLinking C shared library rosidl_generator_py/autopatrol_interfaces/libautopatrol_interfaces__rosidl_generator_py.so[0m
[1.482s] [ 80%] Built target autopatrol_interfaces__rosidl_generator_py
[1.496s] [ 83%] [32mBuilding C object CMakeFiles/autopatrol_interfaces__rosidl_typesupport_introspection_c__pyext.dir/rosidl_generator_py/autopatrol_interfaces/_autopatrol_interfaces_s.ep.rosidl_typesupport_introspection_c.c.o[0m
[1.496s] [ 87%] [32mBuilding C object CMakeFiles/autopatrol_interfaces__rosidl_typesupport_c__pyext.dir/rosidl_generator_py/autopatrol_interfaces/_autopatrol_interfaces_s.ep.rosidl_typesupport_c.c.o[0m
[1.497s] [ 90%] [32mBuilding C object CMakeFiles/autopatrol_interfaces__rosidl_typesupport_fastrtps_c__pyext.dir/rosidl_generator_py/autopatrol_interfaces/_autopatrol_interfaces_s.ep.rosidl_typesupport_fastrtps_c.c.o[0m
[1.556s] [ 93%] [32m[1mLinking C shared library rosidl_generator_py/autopatrol_interfaces/autopatrol_interfaces_s__rosidl_typesupport_c.cpython-310-x86_64-linux-gnu.so[0m
[1.557s] [ 96%] [32m[1mLinking C shared library rosidl_generator_py/autopatrol_interfaces/autopatrol_interfaces_s__rosidl_typesupport_introspection_c.cpython-310-x86_64-linux-gnu.so[0m
[1.561s] [100%] [32m[1mLinking C shared library rosidl_generator_py/autopatrol_interfaces/autopatrol_interfaces_s__rosidl_typesupport_fastrtps_c.cpython-310-x86_64-linux-gnu.so[0m
[1.580s] [100%] Built target autopatrol_interfaces__rosidl_typesupport_introspection_c__pyext
[1.581s] [100%] Built target autopatrol_interfaces__rosidl_typesupport_c__pyext
[1.585s] [100%] Built target autopatrol_interfaces__rosidl_typesupport_fastrtps_c__pyext
