[1.157s] Invoking command in '/home/li/Work/Nav2_simple/src/ros2_patrol_robot/autopatrol_robot': CONDA_PROMPT_MODIFIER=(base) PYTHONPATH=/home/li/Work/Nav2_simple/build/autopatrol_robot/prefix_override:/usr/lib/python3/dist-packages/colcon_core/task/python/colcon_distutils_commands:/home/li/Work/Nav2_simple/install/autopatrol_robot/lib/python3.10/site-packages:${PYTHONPATH} /usr/bin/python3 -W ignore:setup.py install is deprecated -W ignore:easy_install command is deprecated setup.py egg_info --egg-base ../../../build/autopatrol_robot build --build-base /home/li/Work/Nav2_simple/build/autopatrol_robot/build install --record /home/li/Work/Nav2_simple/build/autopatrol_robot/install.log --single-version-externally-managed install_data
[1.318s] running egg_info
[1.327s] writing ../../../build/autopatrol_robot/autopatrol_robot.egg-info/PKG-INFO
[1.327s] writing dependency_links to ../../../build/autopatrol_robot/autopatrol_robot.egg-info/dependency_links.txt
[1.327s] writing entry points to ../../../build/autopatrol_robot/autopatrol_robot.egg-info/entry_points.txt
[1.327s] writing requirements to ../../../build/autopatrol_robot/autopatrol_robot.egg-info/requires.txt
[1.328s] writing top-level names to ../../../build/autopatrol_robot/autopatrol_robot.egg-info/top_level.txt
[1.348s] reading manifest file '../../../build/autopatrol_robot/autopatrol_robot.egg-info/SOURCES.txt'
[1.349s] writing manifest file '../../../build/autopatrol_robot/autopatrol_robot.egg-info/SOURCES.txt'
[1.349s] running build
[1.349s] running build_py
[1.349s] creating /home/li/Work/Nav2_simple/build/autopatrol_robot/build
[1.349s] creating /home/li/Work/Nav2_simple/build/autopatrol_robot/build/lib
[1.350s] creating /home/li/Work/Nav2_simple/build/autopatrol_robot/build/lib/autopatrol_robot
[1.350s] copying autopatrol_robot/patrol_node.py -> /home/li/Work/Nav2_simple/build/autopatrol_robot/build/lib/autopatrol_robot
[1.350s] copying autopatrol_robot/speaker.py -> /home/li/Work/Nav2_simple/build/autopatrol_robot/build/lib/autopatrol_robot
[1.350s] copying autopatrol_robot/__init__.py -> /home/li/Work/Nav2_simple/build/autopatrol_robot/build/lib/autopatrol_robot
[1.351s] running install
[1.357s] running install_lib
[1.367s] creating /home/li/Work/Nav2_simple/install/autopatrol_robot/lib/python3.10/site-packages/autopatrol_robot
[1.367s] copying /home/li/Work/Nav2_simple/build/autopatrol_robot/build/lib/autopatrol_robot/patrol_node.py -> /home/li/Work/Nav2_simple/install/autopatrol_robot/lib/python3.10/site-packages/autopatrol_robot
[1.367s] copying /home/li/Work/Nav2_simple/build/autopatrol_robot/build/lib/autopatrol_robot/speaker.py -> /home/li/Work/Nav2_simple/install/autopatrol_robot/lib/python3.10/site-packages/autopatrol_robot
[1.367s] copying /home/li/Work/Nav2_simple/build/autopatrol_robot/build/lib/autopatrol_robot/__init__.py -> /home/li/Work/Nav2_simple/install/autopatrol_robot/lib/python3.10/site-packages/autopatrol_robot
[1.367s] byte-compiling /home/li/Work/Nav2_simple/install/autopatrol_robot/lib/python3.10/site-packages/autopatrol_robot/patrol_node.py to patrol_node.cpython-310.pyc
[1.368s] byte-compiling /home/li/Work/Nav2_simple/install/autopatrol_robot/lib/python3.10/site-packages/autopatrol_robot/speaker.py to speaker.cpython-310.pyc
[1.368s] byte-compiling /home/li/Work/Nav2_simple/install/autopatrol_robot/lib/python3.10/site-packages/autopatrol_robot/__init__.py to __init__.cpython-310.pyc
[1.368s] running install_data
[1.368s] creating /home/li/Work/Nav2_simple/install/autopatrol_robot/share/ament_index
[1.368s] creating /home/li/Work/Nav2_simple/install/autopatrol_robot/share/ament_index/resource_index
[1.368s] creating /home/li/Work/Nav2_simple/install/autopatrol_robot/share/ament_index/resource_index/packages
[1.368s] copying resource/autopatrol_robot -> /home/li/Work/Nav2_simple/install/autopatrol_robot/share/ament_index/resource_index/packages
[1.368s] copying package.xml -> /home/li/Work/Nav2_simple/install/autopatrol_robot/share/autopatrol_robot
[1.369s] creating /home/li/Work/Nav2_simple/install/autopatrol_robot/share/autopatrol_robot/config
[1.369s] copying config/patrol_config.yaml -> /home/li/Work/Nav2_simple/install/autopatrol_robot/share/autopatrol_robot/config
[1.369s] creating /home/li/Work/Nav2_simple/install/autopatrol_robot/share/autopatrol_robot/launch
[1.369s] copying launch/autopatrol.launch.py -> /home/li/Work/Nav2_simple/install/autopatrol_robot/share/autopatrol_robot/launch
[1.369s] running install_egg_info
[1.380s] Copying ../../../build/autopatrol_robot/autopatrol_robot.egg-info to /home/li/Work/Nav2_simple/install/autopatrol_robot/lib/python3.10/site-packages/autopatrol_robot-0.0.0-py3.10.egg-info
[1.380s] running install_scripts
[1.469s] Installing param_test script to /home/li/Work/Nav2_simple/install/autopatrol_robot/lib/autopatrol_robot
[1.469s] Installing patrol_node script to /home/li/Work/Nav2_simple/install/autopatrol_robot/lib/autopatrol_robot
[1.469s] Installing speaker script to /home/li/Work/Nav2_simple/install/autopatrol_robot/lib/autopatrol_robot
[1.469s] writing list of installed files to '/home/li/Work/Nav2_simple/build/autopatrol_robot/install.log'
[1.488s] Invoked command in '/home/li/Work/Nav2_simple/src/ros2_patrol_robot/autopatrol_robot' returned '0': CONDA_PROMPT_MODIFIER=(base) PYTHONPATH=/home/li/Work/Nav2_simple/build/autopatrol_robot/prefix_override:/usr/lib/python3/dist-packages/colcon_core/task/python/colcon_distutils_commands:/home/li/Work/Nav2_simple/install/autopatrol_robot/lib/python3.10/site-packages:${PYTHONPATH} /usr/bin/python3 -W ignore:setup.py install is deprecated -W ignore:easy_install command is deprecated setup.py egg_info --egg-base ../../../build/autopatrol_robot build --build-base /home/li/Work/Nav2_simple/build/autopatrol_robot/build install --record /home/li/Work/Nav2_simple/build/autopatrol_robot/install.log --single-version-externally-managed install_data
