[0.108s] DEBUG:colcon:Command line arguments: ['/usr/bin/colcon', 'build']
[0.108s] DEBUG:colcon:Parsed command line arguments: Namespace(log_base=None, log_level=None, verb_name='build', build_base='build', install_base='install', merge_install=False, symlink_install=False, test_result_base=None, continue_on_error=False, executor='parallel', parallel_workers=16, event_handlers=None, ignore_user_meta=False, metas=['./colcon.meta'], base_paths=['.'], packages_ignore=None, packages_ignore_regex=None, paths=None, packages_up_to=None, packages_up_to_regex=None, packages_above=None, packages_above_and_dependencies=None, packages_above_depth=None, packages_select_by_dep=None, packages_skip_by_dep=None, packages_skip_up_to=None, packages_select_build_failed=False, packages_skip_build_finished=False, packages_select_test_failures=False, packages_skip_test_passed=False, packages_select=None, packages_skip=None, packages_select_regex=None, packages_skip_regex=None, packages_start=None, packages_end=None, allow_overriding=[], cmake_args=None, cmake_target=None, cmake_target_skip_unavailable=False, cmake_clean_cache=False, cmake_clean_first=False, cmake_force_configure=False, ament_cmake_args=None, catkin_cmake_args=None, catkin_skip_building_tests=False, mixin_files=None, mixin=None, verb_parser=<colcon_mixin.mixin.mixin_argument.MixinArgumentDecorator object at 0x7b00cf403730>, verb_extension=<colcon_core.verb.build.BuildVerb object at 0x7b00cf5ac5e0>, main=<bound method BuildVerb.main of <colcon_core.verb.build.BuildVerb object at 0x7b00cf5ac5e0>>, mixin_verb=('build',))
[0.144s] Level 1:colcon.colcon_core.package_discovery:discover_packages(colcon_meta) check parameters
[0.144s] Level 1:colcon.colcon_core.package_discovery:discover_packages(recursive) check parameters
[0.144s] Level 1:colcon.colcon_core.package_discovery:discover_packages(ignore) check parameters
[0.145s] Level 1:colcon.colcon_core.package_discovery:discover_packages(path) check parameters
[0.145s] Level 1:colcon.colcon_core.package_discovery:discover_packages(colcon_meta) discover
[0.145s] Level 1:colcon.colcon_core.package_discovery:discover_packages(recursive) discover
[0.145s] INFO:colcon.colcon_core.package_discovery:Crawling recursively for packages in '/home/li/Work/Nav2_simple'
[0.145s] Level 1:colcon.colcon_core.package_identification:_identify(.) by extensions ['ignore', 'ignore_ament_install']
[0.145s] Level 1:colcon.colcon_core.package_identification:_identify(.) by extension 'ignore'
[0.145s] Level 1:colcon.colcon_core.package_identification:_identify(.) by extension 'ignore_ament_install'
[0.145s] Level 1:colcon.colcon_core.package_identification:_identify(.) by extensions ['colcon_pkg']
[0.145s] Level 1:colcon.colcon_core.package_identification:_identify(.) by extension 'colcon_pkg'
[0.145s] Level 1:colcon.colcon_core.package_identification:_identify(.) by extensions ['colcon_meta']
[0.145s] Level 1:colcon.colcon_core.package_identification:_identify(.) by extension 'colcon_meta'
[0.145s] Level 1:colcon.colcon_core.package_identification:_identify(.) by extensions ['ros']
[0.145s] Level 1:colcon.colcon_core.package_identification:_identify(.) by extension 'ros'
[0.164s] Level 1:colcon.colcon_core.package_identification:_identify(.) by extensions ['cmake', 'python']
[0.164s] Level 1:colcon.colcon_core.package_identification:_identify(.) by extension 'cmake'
[0.164s] Level 1:colcon.colcon_core.package_identification:_identify(.) by extension 'python'
[0.164s] Level 1:colcon.colcon_core.package_identification:_identify(.) by extensions ['python_setup_py']
[0.164s] Level 1:colcon.colcon_core.package_identification:_identify(.) by extension 'python_setup_py'
[0.164s] Level 1:colcon.colcon_core.package_identification:_identify(ROS2-Autonomous-Driving-and-Navigation-SLAM-with-TurtleBot3) by extensions ['ignore', 'ignore_ament_install']
[0.164s] Level 1:colcon.colcon_core.package_identification:_identify(ROS2-Autonomous-Driving-and-Navigation-SLAM-with-TurtleBot3) by extension 'ignore'
[0.165s] Level 1:colcon.colcon_core.package_identification:_identify(ROS2-Autonomous-Driving-and-Navigation-SLAM-with-TurtleBot3) by extension 'ignore_ament_install'
[0.165s] Level 1:colcon.colcon_core.package_identification:_identify(ROS2-Autonomous-Driving-and-Navigation-SLAM-with-TurtleBot3) by extensions ['colcon_pkg']
[0.165s] Level 1:colcon.colcon_core.package_identification:_identify(ROS2-Autonomous-Driving-and-Navigation-SLAM-with-TurtleBot3) by extension 'colcon_pkg'
[0.165s] Level 1:colcon.colcon_core.package_identification:_identify(ROS2-Autonomous-Driving-and-Navigation-SLAM-with-TurtleBot3) by extensions ['colcon_meta']
[0.165s] Level 1:colcon.colcon_core.package_identification:_identify(ROS2-Autonomous-Driving-and-Navigation-SLAM-with-TurtleBot3) by extension 'colcon_meta'
[0.165s] Level 1:colcon.colcon_core.package_identification:_identify(ROS2-Autonomous-Driving-and-Navigation-SLAM-with-TurtleBot3) by extensions ['ros']
[0.165s] Level 1:colcon.colcon_core.package_identification:_identify(ROS2-Autonomous-Driving-and-Navigation-SLAM-with-TurtleBot3) by extension 'ros'
[0.165s] Level 1:colcon.colcon_core.package_identification:_identify(ROS2-Autonomous-Driving-and-Navigation-SLAM-with-TurtleBot3) by extensions ['cmake', 'python']
[0.165s] Level 1:colcon.colcon_core.package_identification:_identify(ROS2-Autonomous-Driving-and-Navigation-SLAM-with-TurtleBot3) by extension 'cmake'
[0.165s] Level 1:colcon.colcon_core.package_identification:_identify(ROS2-Autonomous-Driving-and-Navigation-SLAM-with-TurtleBot3) by extension 'python'
[0.165s] Level 1:colcon.colcon_core.package_identification:_identify(ROS2-Autonomous-Driving-and-Navigation-SLAM-with-TurtleBot3) by extensions ['python_setup_py']
[0.165s] Level 1:colcon.colcon_core.package_identification:_identify(ROS2-Autonomous-Driving-and-Navigation-SLAM-with-TurtleBot3) by extension 'python_setup_py'
[0.165s] Level 1:colcon.colcon_core.package_identification:_identify(ROS2-Autonomous-Driving-and-Navigation-SLAM-with-TurtleBot3/autonomous_tb3) by extensions ['ignore', 'ignore_ament_install']
[0.165s] Level 1:colcon.colcon_core.package_identification:_identify(ROS2-Autonomous-Driving-and-Navigation-SLAM-with-TurtleBot3/autonomous_tb3) by extension 'ignore'
[0.165s] Level 1:colcon.colcon_core.package_identification:_identify(ROS2-Autonomous-Driving-and-Navigation-SLAM-with-TurtleBot3/autonomous_tb3) by extension 'ignore_ament_install'
[0.165s] Level 1:colcon.colcon_core.package_identification:_identify(ROS2-Autonomous-Driving-and-Navigation-SLAM-with-TurtleBot3/autonomous_tb3) by extensions ['colcon_pkg']
[0.165s] Level 1:colcon.colcon_core.package_identification:_identify(ROS2-Autonomous-Driving-and-Navigation-SLAM-with-TurtleBot3/autonomous_tb3) by extension 'colcon_pkg'
[0.165s] Level 1:colcon.colcon_core.package_identification:_identify(ROS2-Autonomous-Driving-and-Navigation-SLAM-with-TurtleBot3/autonomous_tb3) by extensions ['colcon_meta']
[0.165s] Level 1:colcon.colcon_core.package_identification:_identify(ROS2-Autonomous-Driving-and-Navigation-SLAM-with-TurtleBot3/autonomous_tb3) by extension 'colcon_meta'
[0.165s] Level 1:colcon.colcon_core.package_identification:_identify(ROS2-Autonomous-Driving-and-Navigation-SLAM-with-TurtleBot3/autonomous_tb3) by extensions ['ros']
[0.165s] Level 1:colcon.colcon_core.package_identification:_identify(ROS2-Autonomous-Driving-and-Navigation-SLAM-with-TurtleBot3/autonomous_tb3) by extension 'ros'
[0.167s] DEBUG:colcon.colcon_core.package_identification:Package 'ROS2-Autonomous-Driving-and-Navigation-SLAM-with-TurtleBot3/autonomous_tb3' with type 'ros.ament_python' and name 'autonomous_tb3'
[0.167s] Level 1:colcon.colcon_core.package_identification:_identify(ROS2-Autonomous-Driving-and-Navigation-SLAM-with-TurtleBot3/image_resources) by extensions ['ignore', 'ignore_ament_install']
[0.167s] Level 1:colcon.colcon_core.package_identification:_identify(ROS2-Autonomous-Driving-and-Navigation-SLAM-with-TurtleBot3/image_resources) by extension 'ignore'
[0.167s] Level 1:colcon.colcon_core.package_identification:_identify(ROS2-Autonomous-Driving-and-Navigation-SLAM-with-TurtleBot3/image_resources) by extension 'ignore_ament_install'
[0.167s] Level 1:colcon.colcon_core.package_identification:_identify(ROS2-Autonomous-Driving-and-Navigation-SLAM-with-TurtleBot3/image_resources) by extensions ['colcon_pkg']
[0.167s] Level 1:colcon.colcon_core.package_identification:_identify(ROS2-Autonomous-Driving-and-Navigation-SLAM-with-TurtleBot3/image_resources) by extension 'colcon_pkg'
[0.167s] Level 1:colcon.colcon_core.package_identification:_identify(ROS2-Autonomous-Driving-and-Navigation-SLAM-with-TurtleBot3/image_resources) by extensions ['colcon_meta']
[0.167s] Level 1:colcon.colcon_core.package_identification:_identify(ROS2-Autonomous-Driving-and-Navigation-SLAM-with-TurtleBot3/image_resources) by extension 'colcon_meta'
[0.167s] Level 1:colcon.colcon_core.package_identification:_identify(ROS2-Autonomous-Driving-and-Navigation-SLAM-with-TurtleBot3/image_resources) by extensions ['ros']
[0.167s] Level 1:colcon.colcon_core.package_identification:_identify(ROS2-Autonomous-Driving-and-Navigation-SLAM-with-TurtleBot3/image_resources) by extension 'ros'
[0.168s] Level 1:colcon.colcon_core.package_identification:_identify(ROS2-Autonomous-Driving-and-Navigation-SLAM-with-TurtleBot3/image_resources) by extensions ['cmake', 'python']
[0.168s] Level 1:colcon.colcon_core.package_identification:_identify(ROS2-Autonomous-Driving-and-Navigation-SLAM-with-TurtleBot3/image_resources) by extension 'cmake'
[0.168s] Level 1:colcon.colcon_core.package_identification:_identify(ROS2-Autonomous-Driving-and-Navigation-SLAM-with-TurtleBot3/image_resources) by extension 'python'
[0.168s] Level 1:colcon.colcon_core.package_identification:_identify(ROS2-Autonomous-Driving-and-Navigation-SLAM-with-TurtleBot3/image_resources) by extensions ['python_setup_py']
[0.168s] Level 1:colcon.colcon_core.package_identification:_identify(ROS2-Autonomous-Driving-and-Navigation-SLAM-with-TurtleBot3/image_resources) by extension 'python_setup_py'
[0.168s] Level 1:colcon.colcon_core.package_identification:_identify(build) by extensions ['ignore', 'ignore_ament_install']
[0.168s] Level 1:colcon.colcon_core.package_identification:_identify(build) by extension 'ignore'
[0.168s] Level 1:colcon.colcon_core.package_identification:_identify(build) ignored
[0.168s] Level 1:colcon.colcon_core.package_identification:_identify(install) by extensions ['ignore', 'ignore_ament_install']
[0.168s] Level 1:colcon.colcon_core.package_identification:_identify(install) by extension 'ignore'
[0.168s] Level 1:colcon.colcon_core.package_identification:_identify(install) ignored
[0.168s] Level 1:colcon.colcon_core.package_identification:_identify(log) by extensions ['ignore', 'ignore_ament_install']
[0.168s] Level 1:colcon.colcon_core.package_identification:_identify(log) by extension 'ignore'
[0.168s] Level 1:colcon.colcon_core.package_identification:_identify(log) ignored
[0.168s] Level 1:colcon.colcon_core.package_identification:_identify(src) by extensions ['ignore', 'ignore_ament_install']
[0.168s] Level 1:colcon.colcon_core.package_identification:_identify(src) by extension 'ignore'
[0.168s] Level 1:colcon.colcon_core.package_identification:_identify(src) by extension 'ignore_ament_install'
[0.168s] Level 1:colcon.colcon_core.package_identification:_identify(src) by extensions ['colcon_pkg']
[0.168s] Level 1:colcon.colcon_core.package_identification:_identify(src) by extension 'colcon_pkg'
[0.168s] Level 1:colcon.colcon_core.package_identification:_identify(src) by extensions ['colcon_meta']
[0.168s] Level 1:colcon.colcon_core.package_identification:_identify(src) by extension 'colcon_meta'
[0.168s] Level 1:colcon.colcon_core.package_identification:_identify(src) by extensions ['ros']
[0.168s] Level 1:colcon.colcon_core.package_identification:_identify(src) by extension 'ros'
[0.168s] Level 1:colcon.colcon_core.package_identification:_identify(src) by extensions ['cmake', 'python']
[0.168s] Level 1:colcon.colcon_core.package_identification:_identify(src) by extension 'cmake'
[0.168s] Level 1:colcon.colcon_core.package_identification:_identify(src) by extension 'python'
[0.168s] Level 1:colcon.colcon_core.package_identification:_identify(src) by extensions ['python_setup_py']
[0.168s] Level 1:colcon.colcon_core.package_identification:_identify(src) by extension 'python_setup_py'
[0.168s] Level 1:colcon.colcon_core.package_identification:_identify(src/ros2_patrol_robot) by extensions ['ignore', 'ignore_ament_install']
[0.168s] Level 1:colcon.colcon_core.package_identification:_identify(src/ros2_patrol_robot) by extension 'ignore'
[0.168s] Level 1:colcon.colcon_core.package_identification:_identify(src/ros2_patrol_robot) by extension 'ignore_ament_install'
[0.169s] Level 1:colcon.colcon_core.package_identification:_identify(src/ros2_patrol_robot) by extensions ['colcon_pkg']
[0.169s] Level 1:colcon.colcon_core.package_identification:_identify(src/ros2_patrol_robot) by extension 'colcon_pkg'
[0.169s] Level 1:colcon.colcon_core.package_identification:_identify(src/ros2_patrol_robot) by extensions ['colcon_meta']
[0.169s] Level 1:colcon.colcon_core.package_identification:_identify(src/ros2_patrol_robot) by extension 'colcon_meta'
[0.169s] Level 1:colcon.colcon_core.package_identification:_identify(src/ros2_patrol_robot) by extensions ['ros']
[0.169s] Level 1:colcon.colcon_core.package_identification:_identify(src/ros2_patrol_robot) by extension 'ros'
[0.169s] Level 1:colcon.colcon_core.package_identification:_identify(src/ros2_patrol_robot) by extensions ['cmake', 'python']
[0.169s] Level 1:colcon.colcon_core.package_identification:_identify(src/ros2_patrol_robot) by extension 'cmake'
[0.169s] Level 1:colcon.colcon_core.package_identification:_identify(src/ros2_patrol_robot) by extension 'python'
[0.169s] Level 1:colcon.colcon_core.package_identification:_identify(src/ros2_patrol_robot) by extensions ['python_setup_py']
[0.169s] Level 1:colcon.colcon_core.package_identification:_identify(src/ros2_patrol_robot) by extension 'python_setup_py'
[0.169s] Level 1:colcon.colcon_core.package_identification:_identify(src/ros2_patrol_robot/autopatrol_interfaces) by extensions ['ignore', 'ignore_ament_install']
[0.169s] Level 1:colcon.colcon_core.package_identification:_identify(src/ros2_patrol_robot/autopatrol_interfaces) by extension 'ignore'
[0.169s] Level 1:colcon.colcon_core.package_identification:_identify(src/ros2_patrol_robot/autopatrol_interfaces) by extension 'ignore_ament_install'
[0.169s] Level 1:colcon.colcon_core.package_identification:_identify(src/ros2_patrol_robot/autopatrol_interfaces) by extensions ['colcon_pkg']
[0.169s] Level 1:colcon.colcon_core.package_identification:_identify(src/ros2_patrol_robot/autopatrol_interfaces) by extension 'colcon_pkg'
[0.169s] Level 1:colcon.colcon_core.package_identification:_identify(src/ros2_patrol_robot/autopatrol_interfaces) by extensions ['colcon_meta']
[0.169s] Level 1:colcon.colcon_core.package_identification:_identify(src/ros2_patrol_robot/autopatrol_interfaces) by extension 'colcon_meta'
[0.169s] Level 1:colcon.colcon_core.package_identification:_identify(src/ros2_patrol_robot/autopatrol_interfaces) by extensions ['ros']
[0.169s] Level 1:colcon.colcon_core.package_identification:_identify(src/ros2_patrol_robot/autopatrol_interfaces) by extension 'ros'
[0.169s] DEBUG:colcon.colcon_core.package_identification:Package 'src/ros2_patrol_robot/autopatrol_interfaces' with type 'ros.ament_cmake' and name 'autopatrol_interfaces'
[0.170s] Level 1:colcon.colcon_core.package_identification:_identify(src/ros2_patrol_robot/autopatrol_robot) by extensions ['ignore', 'ignore_ament_install']
[0.170s] Level 1:colcon.colcon_core.package_identification:_identify(src/ros2_patrol_robot/autopatrol_robot) by extension 'ignore'
[0.170s] Level 1:colcon.colcon_core.package_identification:_identify(src/ros2_patrol_robot/autopatrol_robot) by extension 'ignore_ament_install'
[0.170s] Level 1:colcon.colcon_core.package_identification:_identify(src/ros2_patrol_robot/autopatrol_robot) by extensions ['colcon_pkg']
[0.170s] Level 1:colcon.colcon_core.package_identification:_identify(src/ros2_patrol_robot/autopatrol_robot) by extension 'colcon_pkg'
[0.170s] Level 1:colcon.colcon_core.package_identification:_identify(src/ros2_patrol_robot/autopatrol_robot) by extensions ['colcon_meta']
[0.170s] Level 1:colcon.colcon_core.package_identification:_identify(src/ros2_patrol_robot/autopatrol_robot) by extension 'colcon_meta'
[0.170s] Level 1:colcon.colcon_core.package_identification:_identify(src/ros2_patrol_robot/autopatrol_robot) by extensions ['ros']
[0.170s] Level 1:colcon.colcon_core.package_identification:_identify(src/ros2_patrol_robot/autopatrol_robot) by extension 'ros'
[0.170s] DEBUG:colcon.colcon_core.package_identification:Package 'src/ros2_patrol_robot/autopatrol_robot' with type 'ros.ament_python' and name 'autopatrol_robot'
[0.170s] Level 1:colcon.colcon_core.package_identification:_identify(src/ros2_patrol_robot/fishbot_application) by extensions ['ignore', 'ignore_ament_install']
[0.170s] Level 1:colcon.colcon_core.package_identification:_identify(src/ros2_patrol_robot/fishbot_application) by extension 'ignore'
[0.170s] Level 1:colcon.colcon_core.package_identification:_identify(src/ros2_patrol_robot/fishbot_application) by extension 'ignore_ament_install'
[0.170s] Level 1:colcon.colcon_core.package_identification:_identify(src/ros2_patrol_robot/fishbot_application) by extensions ['colcon_pkg']
[0.170s] Level 1:colcon.colcon_core.package_identification:_identify(src/ros2_patrol_robot/fishbot_application) by extension 'colcon_pkg'
[0.170s] Level 1:colcon.colcon_core.package_identification:_identify(src/ros2_patrol_robot/fishbot_application) by extensions ['colcon_meta']
[0.170s] Level 1:colcon.colcon_core.package_identification:_identify(src/ros2_patrol_robot/fishbot_application) by extension 'colcon_meta'
[0.170s] Level 1:colcon.colcon_core.package_identification:_identify(src/ros2_patrol_robot/fishbot_application) by extensions ['ros']
[0.170s] Level 1:colcon.colcon_core.package_identification:_identify(src/ros2_patrol_robot/fishbot_application) by extension 'ros'
[0.171s] DEBUG:colcon.colcon_core.package_identification:Package 'src/ros2_patrol_robot/fishbot_application' with type 'ros.ament_python' and name 'fishbot_application'
[0.171s] Level 1:colcon.colcon_core.package_identification:_identify(src/ros2_patrol_robot/fishbot_application_cpp) by extensions ['ignore', 'ignore_ament_install']
[0.171s] Level 1:colcon.colcon_core.package_identification:_identify(src/ros2_patrol_robot/fishbot_application_cpp) by extension 'ignore'
[0.171s] Level 1:colcon.colcon_core.package_identification:_identify(src/ros2_patrol_robot/fishbot_application_cpp) by extension 'ignore_ament_install'
[0.171s] Level 1:colcon.colcon_core.package_identification:_identify(src/ros2_patrol_robot/fishbot_application_cpp) by extensions ['colcon_pkg']
[0.171s] Level 1:colcon.colcon_core.package_identification:_identify(src/ros2_patrol_robot/fishbot_application_cpp) by extension 'colcon_pkg'
[0.171s] Level 1:colcon.colcon_core.package_identification:_identify(src/ros2_patrol_robot/fishbot_application_cpp) by extensions ['colcon_meta']
[0.171s] Level 1:colcon.colcon_core.package_identification:_identify(src/ros2_patrol_robot/fishbot_application_cpp) by extension 'colcon_meta'
[0.171s] Level 1:colcon.colcon_core.package_identification:_identify(src/ros2_patrol_robot/fishbot_application_cpp) by extensions ['ros']
[0.171s] Level 1:colcon.colcon_core.package_identification:_identify(src/ros2_patrol_robot/fishbot_application_cpp) by extension 'ros'
[0.172s] DEBUG:colcon.colcon_core.package_identification:Package 'src/ros2_patrol_robot/fishbot_application_cpp' with type 'ros.ament_cmake' and name 'fishbot_application_cpp'
[0.172s] Level 1:colcon.colcon_core.package_identification:_identify(src/ros2_patrol_robot/fishbot_description) by extensions ['ignore', 'ignore_ament_install']
[0.172s] Level 1:colcon.colcon_core.package_identification:_identify(src/ros2_patrol_robot/fishbot_description) by extension 'ignore'
[0.172s] Level 1:colcon.colcon_core.package_identification:_identify(src/ros2_patrol_robot/fishbot_description) by extension 'ignore_ament_install'
[0.172s] Level 1:colcon.colcon_core.package_identification:_identify(src/ros2_patrol_robot/fishbot_description) by extensions ['colcon_pkg']
[0.172s] Level 1:colcon.colcon_core.package_identification:_identify(src/ros2_patrol_robot/fishbot_description) by extension 'colcon_pkg'
[0.172s] Level 1:colcon.colcon_core.package_identification:_identify(src/ros2_patrol_robot/fishbot_description) by extensions ['colcon_meta']
[0.172s] Level 1:colcon.colcon_core.package_identification:_identify(src/ros2_patrol_robot/fishbot_description) by extension 'colcon_meta'
[0.172s] Level 1:colcon.colcon_core.package_identification:_identify(src/ros2_patrol_robot/fishbot_description) by extensions ['ros']
[0.172s] Level 1:colcon.colcon_core.package_identification:_identify(src/ros2_patrol_robot/fishbot_description) by extension 'ros'
[0.172s] DEBUG:colcon.colcon_core.package_identification:Package 'src/ros2_patrol_robot/fishbot_description' with type 'ros.ament_cmake' and name 'fishbot_description'
[0.172s] Level 1:colcon.colcon_core.package_identification:_identify(src/ros2_patrol_robot/fishbot_navigation2) by extensions ['ignore', 'ignore_ament_install']
[0.172s] Level 1:colcon.colcon_core.package_identification:_identify(src/ros2_patrol_robot/fishbot_navigation2) by extension 'ignore'
[0.173s] Level 1:colcon.colcon_core.package_identification:_identify(src/ros2_patrol_robot/fishbot_navigation2) by extension 'ignore_ament_install'
[0.173s] Level 1:colcon.colcon_core.package_identification:_identify(src/ros2_patrol_robot/fishbot_navigation2) by extensions ['colcon_pkg']
[0.173s] Level 1:colcon.colcon_core.package_identification:_identify(src/ros2_patrol_robot/fishbot_navigation2) by extension 'colcon_pkg'
[0.173s] Level 1:colcon.colcon_core.package_identification:_identify(src/ros2_patrol_robot/fishbot_navigation2) by extensions ['colcon_meta']
[0.173s] Level 1:colcon.colcon_core.package_identification:_identify(src/ros2_patrol_robot/fishbot_navigation2) by extension 'colcon_meta'
[0.173s] Level 1:colcon.colcon_core.package_identification:_identify(src/ros2_patrol_robot/fishbot_navigation2) by extensions ['ros']
[0.173s] Level 1:colcon.colcon_core.package_identification:_identify(src/ros2_patrol_robot/fishbot_navigation2) by extension 'ros'
[0.173s] DEBUG:colcon.colcon_core.package_identification:Package 'src/ros2_patrol_robot/fishbot_navigation2' with type 'ros.ament_cmake' and name 'fishbot_navigation2'
[0.173s] Level 1:colcon.colcon_core.package_discovery:discover_packages(recursive) using defaults
[0.173s] Level 1:colcon.colcon_core.package_discovery:discover_packages(ignore) discover
[0.173s] Level 1:colcon.colcon_core.package_discovery:discover_packages(ignore) using defaults
[0.173s] Level 1:colcon.colcon_core.package_discovery:discover_packages(path) discover
[0.173s] Level 1:colcon.colcon_core.package_discovery:discover_packages(path) using defaults
[0.189s] Level 1:colcon.colcon_core.package_discovery:discover_packages(prefix_path) check parameters
[0.189s] Level 1:colcon.colcon_core.package_discovery:discover_packages(prefix_path) discover
[0.192s] DEBUG:colcon.colcon_installed_package_information.package_discovery:Found 549 installed packages in /opt/ros/humble
[0.193s] Level 1:colcon.colcon_core.package_discovery:discover_packages(prefix_path) using defaults
[0.235s] Level 5:colcon.colcon_core.verb:set package 'autonomous_tb3' build argument 'cmake_args' from command line to 'None'
[0.236s] Level 5:colcon.colcon_core.verb:set package 'autonomous_tb3' build argument 'cmake_target' from command line to 'None'
[0.236s] Level 5:colcon.colcon_core.verb:set package 'autonomous_tb3' build argument 'cmake_target_skip_unavailable' from command line to 'False'
[0.236s] Level 5:colcon.colcon_core.verb:set package 'autonomous_tb3' build argument 'cmake_clean_cache' from command line to 'False'
[0.236s] Level 5:colcon.colcon_core.verb:set package 'autonomous_tb3' build argument 'cmake_clean_first' from command line to 'False'
[0.236s] Level 5:colcon.colcon_core.verb:set package 'autonomous_tb3' build argument 'cmake_force_configure' from command line to 'False'
[0.236s] Level 5:colcon.colcon_core.verb:set package 'autonomous_tb3' build argument 'ament_cmake_args' from command line to 'None'
[0.236s] Level 5:colcon.colcon_core.verb:set package 'autonomous_tb3' build argument 'catkin_cmake_args' from command line to 'None'
[0.236s] Level 5:colcon.colcon_core.verb:set package 'autonomous_tb3' build argument 'catkin_skip_building_tests' from command line to 'False'
[0.236s] DEBUG:colcon.colcon_core.verb:Building package 'autonomous_tb3' with the following arguments: {'ament_cmake_args': None, 'build_base': '/home/li/Work/Nav2_simple/build/autonomous_tb3', 'catkin_cmake_args': None, 'catkin_skip_building_tests': False, 'cmake_args': None, 'cmake_clean_cache': False, 'cmake_clean_first': False, 'cmake_force_configure': False, 'cmake_target': None, 'cmake_target_skip_unavailable': False, 'install_base': '/home/li/Work/Nav2_simple/install/autonomous_tb3', 'merge_install': False, 'path': '/home/li/Work/Nav2_simple/ROS2-Autonomous-Driving-and-Navigation-SLAM-with-TurtleBot3/autonomous_tb3', 'symlink_install': False, 'test_result_base': None}
[0.236s] Level 5:colcon.colcon_core.verb:set package 'autopatrol_interfaces' build argument 'cmake_args' from command line to 'None'
[0.236s] Level 5:colcon.colcon_core.verb:set package 'autopatrol_interfaces' build argument 'cmake_target' from command line to 'None'
[0.236s] Level 5:colcon.colcon_core.verb:set package 'autopatrol_interfaces' build argument 'cmake_target_skip_unavailable' from command line to 'False'
[0.236s] Level 5:colcon.colcon_core.verb:set package 'autopatrol_interfaces' build argument 'cmake_clean_cache' from command line to 'False'
[0.236s] Level 5:colcon.colcon_core.verb:set package 'autopatrol_interfaces' build argument 'cmake_clean_first' from command line to 'False'
[0.236s] Level 5:colcon.colcon_core.verb:set package 'autopatrol_interfaces' build argument 'cmake_force_configure' from command line to 'False'
[0.236s] Level 5:colcon.colcon_core.verb:set package 'autopatrol_interfaces' build argument 'ament_cmake_args' from command line to 'None'
[0.236s] Level 5:colcon.colcon_core.verb:set package 'autopatrol_interfaces' build argument 'catkin_cmake_args' from command line to 'None'
[0.236s] Level 5:colcon.colcon_core.verb:set package 'autopatrol_interfaces' build argument 'catkin_skip_building_tests' from command line to 'False'
[0.236s] DEBUG:colcon.colcon_core.verb:Building package 'autopatrol_interfaces' with the following arguments: {'ament_cmake_args': None, 'build_base': '/home/li/Work/Nav2_simple/build/autopatrol_interfaces', 'catkin_cmake_args': None, 'catkin_skip_building_tests': False, 'cmake_args': None, 'cmake_clean_cache': False, 'cmake_clean_first': False, 'cmake_force_configure': False, 'cmake_target': None, 'cmake_target_skip_unavailable': False, 'install_base': '/home/li/Work/Nav2_simple/install/autopatrol_interfaces', 'merge_install': False, 'path': '/home/li/Work/Nav2_simple/src/ros2_patrol_robot/autopatrol_interfaces', 'symlink_install': False, 'test_result_base': None}
[0.236s] Level 5:colcon.colcon_core.verb:set package 'autopatrol_robot' build argument 'cmake_args' from command line to 'None'
[0.236s] Level 5:colcon.colcon_core.verb:set package 'autopatrol_robot' build argument 'cmake_target' from command line to 'None'
[0.236s] Level 5:colcon.colcon_core.verb:set package 'autopatrol_robot' build argument 'cmake_target_skip_unavailable' from command line to 'False'
[0.236s] Level 5:colcon.colcon_core.verb:set package 'autopatrol_robot' build argument 'cmake_clean_cache' from command line to 'False'
[0.236s] Level 5:colcon.colcon_core.verb:set package 'autopatrol_robot' build argument 'cmake_clean_first' from command line to 'False'
[0.236s] Level 5:colcon.colcon_core.verb:set package 'autopatrol_robot' build argument 'cmake_force_configure' from command line to 'False'
[0.236s] Level 5:colcon.colcon_core.verb:set package 'autopatrol_robot' build argument 'ament_cmake_args' from command line to 'None'
[0.236s] Level 5:colcon.colcon_core.verb:set package 'autopatrol_robot' build argument 'catkin_cmake_args' from command line to 'None'
[0.236s] Level 5:colcon.colcon_core.verb:set package 'autopatrol_robot' build argument 'catkin_skip_building_tests' from command line to 'False'
[0.236s] DEBUG:colcon.colcon_core.verb:Building package 'autopatrol_robot' with the following arguments: {'ament_cmake_args': None, 'build_base': '/home/li/Work/Nav2_simple/build/autopatrol_robot', 'catkin_cmake_args': None, 'catkin_skip_building_tests': False, 'cmake_args': None, 'cmake_clean_cache': False, 'cmake_clean_first': False, 'cmake_force_configure': False, 'cmake_target': None, 'cmake_target_skip_unavailable': False, 'install_base': '/home/li/Work/Nav2_simple/install/autopatrol_robot', 'merge_install': False, 'path': '/home/li/Work/Nav2_simple/src/ros2_patrol_robot/autopatrol_robot', 'symlink_install': False, 'test_result_base': None}
[0.236s] Level 5:colcon.colcon_core.verb:set package 'fishbot_application' build argument 'cmake_args' from command line to 'None'
[0.237s] Level 5:colcon.colcon_core.verb:set package 'fishbot_application' build argument 'cmake_target' from command line to 'None'
[0.237s] Level 5:colcon.colcon_core.verb:set package 'fishbot_application' build argument 'cmake_target_skip_unavailable' from command line to 'False'
[0.237s] Level 5:colcon.colcon_core.verb:set package 'fishbot_application' build argument 'cmake_clean_cache' from command line to 'False'
[0.237s] Level 5:colcon.colcon_core.verb:set package 'fishbot_application' build argument 'cmake_clean_first' from command line to 'False'
[0.237s] Level 5:colcon.colcon_core.verb:set package 'fishbot_application' build argument 'cmake_force_configure' from command line to 'False'
[0.237s] Level 5:colcon.colcon_core.verb:set package 'fishbot_application' build argument 'ament_cmake_args' from command line to 'None'
[0.237s] Level 5:colcon.colcon_core.verb:set package 'fishbot_application' build argument 'catkin_cmake_args' from command line to 'None'
[0.237s] Level 5:colcon.colcon_core.verb:set package 'fishbot_application' build argument 'catkin_skip_building_tests' from command line to 'False'
[0.237s] DEBUG:colcon.colcon_core.verb:Building package 'fishbot_application' with the following arguments: {'ament_cmake_args': None, 'build_base': '/home/li/Work/Nav2_simple/build/fishbot_application', 'catkin_cmake_args': None, 'catkin_skip_building_tests': False, 'cmake_args': None, 'cmake_clean_cache': False, 'cmake_clean_first': False, 'cmake_force_configure': False, 'cmake_target': None, 'cmake_target_skip_unavailable': False, 'install_base': '/home/li/Work/Nav2_simple/install/fishbot_application', 'merge_install': False, 'path': '/home/li/Work/Nav2_simple/src/ros2_patrol_robot/fishbot_application', 'symlink_install': False, 'test_result_base': None}
[0.237s] Level 5:colcon.colcon_core.verb:set package 'fishbot_application_cpp' build argument 'cmake_args' from command line to 'None'
[0.237s] Level 5:colcon.colcon_core.verb:set package 'fishbot_application_cpp' build argument 'cmake_target' from command line to 'None'
[0.237s] Level 5:colcon.colcon_core.verb:set package 'fishbot_application_cpp' build argument 'cmake_target_skip_unavailable' from command line to 'False'
[0.237s] Level 5:colcon.colcon_core.verb:set package 'fishbot_application_cpp' build argument 'cmake_clean_cache' from command line to 'False'
[0.237s] Level 5:colcon.colcon_core.verb:set package 'fishbot_application_cpp' build argument 'cmake_clean_first' from command line to 'False'
[0.237s] Level 5:colcon.colcon_core.verb:set package 'fishbot_application_cpp' build argument 'cmake_force_configure' from command line to 'False'
[0.237s] Level 5:colcon.colcon_core.verb:set package 'fishbot_application_cpp' build argument 'ament_cmake_args' from command line to 'None'
[0.237s] Level 5:colcon.colcon_core.verb:set package 'fishbot_application_cpp' build argument 'catkin_cmake_args' from command line to 'None'
[0.237s] Level 5:colcon.colcon_core.verb:set package 'fishbot_application_cpp' build argument 'catkin_skip_building_tests' from command line to 'False'
[0.237s] DEBUG:colcon.colcon_core.verb:Building package 'fishbot_application_cpp' with the following arguments: {'ament_cmake_args': None, 'build_base': '/home/li/Work/Nav2_simple/build/fishbot_application_cpp', 'catkin_cmake_args': None, 'catkin_skip_building_tests': False, 'cmake_args': None, 'cmake_clean_cache': False, 'cmake_clean_first': False, 'cmake_force_configure': False, 'cmake_target': None, 'cmake_target_skip_unavailable': False, 'install_base': '/home/li/Work/Nav2_simple/install/fishbot_application_cpp', 'merge_install': False, 'path': '/home/li/Work/Nav2_simple/src/ros2_patrol_robot/fishbot_application_cpp', 'symlink_install': False, 'test_result_base': None}
[0.237s] Level 5:colcon.colcon_core.verb:set package 'fishbot_description' build argument 'cmake_args' from command line to 'None'
[0.237s] Level 5:colcon.colcon_core.verb:set package 'fishbot_description' build argument 'cmake_target' from command line to 'None'
[0.237s] Level 5:colcon.colcon_core.verb:set package 'fishbot_description' build argument 'cmake_target_skip_unavailable' from command line to 'False'
[0.237s] Level 5:colcon.colcon_core.verb:set package 'fishbot_description' build argument 'cmake_clean_cache' from command line to 'False'
[0.237s] Level 5:colcon.colcon_core.verb:set package 'fishbot_description' build argument 'cmake_clean_first' from command line to 'False'
[0.237s] Level 5:colcon.colcon_core.verb:set package 'fishbot_description' build argument 'cmake_force_configure' from command line to 'False'
[0.237s] Level 5:colcon.colcon_core.verb:set package 'fishbot_description' build argument 'ament_cmake_args' from command line to 'None'
[0.237s] Level 5:colcon.colcon_core.verb:set package 'fishbot_description' build argument 'catkin_cmake_args' from command line to 'None'
[0.237s] Level 5:colcon.colcon_core.verb:set package 'fishbot_description' build argument 'catkin_skip_building_tests' from command line to 'False'
[0.237s] DEBUG:colcon.colcon_core.verb:Building package 'fishbot_description' with the following arguments: {'ament_cmake_args': None, 'build_base': '/home/li/Work/Nav2_simple/build/fishbot_description', 'catkin_cmake_args': None, 'catkin_skip_building_tests': False, 'cmake_args': None, 'cmake_clean_cache': False, 'cmake_clean_first': False, 'cmake_force_configure': False, 'cmake_target': None, 'cmake_target_skip_unavailable': False, 'install_base': '/home/li/Work/Nav2_simple/install/fishbot_description', 'merge_install': False, 'path': '/home/li/Work/Nav2_simple/src/ros2_patrol_robot/fishbot_description', 'symlink_install': False, 'test_result_base': None}
[0.237s] Level 5:colcon.colcon_core.verb:set package 'fishbot_navigation2' build argument 'cmake_args' from command line to 'None'
[0.237s] Level 5:colcon.colcon_core.verb:set package 'fishbot_navigation2' build argument 'cmake_target' from command line to 'None'
[0.237s] Level 5:colcon.colcon_core.verb:set package 'fishbot_navigation2' build argument 'cmake_target_skip_unavailable' from command line to 'False'
[0.237s] Level 5:colcon.colcon_core.verb:set package 'fishbot_navigation2' build argument 'cmake_clean_cache' from command line to 'False'
[0.237s] Level 5:colcon.colcon_core.verb:set package 'fishbot_navigation2' build argument 'cmake_clean_first' from command line to 'False'
[0.237s] Level 5:colcon.colcon_core.verb:set package 'fishbot_navigation2' build argument 'cmake_force_configure' from command line to 'False'
[0.238s] Level 5:colcon.colcon_core.verb:set package 'fishbot_navigation2' build argument 'ament_cmake_args' from command line to 'None'
[0.238s] Level 5:colcon.colcon_core.verb:set package 'fishbot_navigation2' build argument 'catkin_cmake_args' from command line to 'None'
[0.238s] Level 5:colcon.colcon_core.verb:set package 'fishbot_navigation2' build argument 'catkin_skip_building_tests' from command line to 'False'
[0.238s] DEBUG:colcon.colcon_core.verb:Building package 'fishbot_navigation2' with the following arguments: {'ament_cmake_args': None, 'build_base': '/home/li/Work/Nav2_simple/build/fishbot_navigation2', 'catkin_cmake_args': None, 'catkin_skip_building_tests': False, 'cmake_args': None, 'cmake_clean_cache': False, 'cmake_clean_first': False, 'cmake_force_configure': False, 'cmake_target': None, 'cmake_target_skip_unavailable': False, 'install_base': '/home/li/Work/Nav2_simple/install/fishbot_navigation2', 'merge_install': False, 'path': '/home/li/Work/Nav2_simple/src/ros2_patrol_robot/fishbot_navigation2', 'symlink_install': False, 'test_result_base': None}
[0.238s] INFO:colcon.colcon_core.executor:Executing jobs using 'parallel' executor
[0.238s] DEBUG:colcon.colcon_parallel_executor.executor.parallel:run_until_complete
[0.239s] INFO:colcon.colcon_ros.task.ament_python.build:Building ROS package in '/home/li/Work/Nav2_simple/ROS2-Autonomous-Driving-and-Navigation-SLAM-with-TurtleBot3/autonomous_tb3' with build type 'ament_python'
[0.239s] Level 1:colcon.colcon_core.shell:create_environment_hook('autonomous_tb3', 'ament_prefix_path')
[0.241s] INFO:colcon.colcon_core.plugin_system:Skipping extension 'colcon_core.shell.bat': Not used on non-Windows systems
[0.241s] INFO:colcon.colcon_core.shell:Creating environment hook '/home/li/Work/Nav2_simple/install/autonomous_tb3/share/autonomous_tb3/hook/ament_prefix_path.ps1'
[0.242s] INFO:colcon.colcon_core.shell:Creating environment descriptor '/home/li/Work/Nav2_simple/install/autonomous_tb3/share/autonomous_tb3/hook/ament_prefix_path.dsv'
[0.242s] INFO:colcon.colcon_core.shell:Creating environment hook '/home/li/Work/Nav2_simple/install/autonomous_tb3/share/autonomous_tb3/hook/ament_prefix_path.sh'
[0.243s] INFO:colcon.colcon_core.shell:Skip shell extension 'powershell' for command environment: Not usable outside of PowerShell
[0.243s] DEBUG:colcon.colcon_core.shell:Skip shell extension 'dsv' for command environment
[0.246s] INFO:colcon.colcon_ros.task.ament_cmake.build:Building ROS package in '/home/li/Work/Nav2_simple/src/ros2_patrol_robot/autopatrol_interfaces' with build type 'ament_cmake'
[0.246s] INFO:colcon.colcon_cmake.task.cmake.build:Building CMake package in '/home/li/Work/Nav2_simple/src/ros2_patrol_robot/autopatrol_interfaces'
[0.246s] INFO:colcon.colcon_core.shell:Skip shell extension 'powershell' for command environment: Not usable outside of PowerShell
[0.246s] DEBUG:colcon.colcon_core.shell:Skip shell extension 'dsv' for command environment
[0.248s] INFO:colcon.colcon_ros.task.ament_python.build:Building ROS package in '/home/li/Work/Nav2_simple/src/ros2_patrol_robot/autopatrol_robot' with build type 'ament_python'
[0.248s] Level 1:colcon.colcon_core.shell:create_environment_hook('autopatrol_robot', 'ament_prefix_path')
[0.248s] INFO:colcon.colcon_core.shell:Creating environment hook '/home/li/Work/Nav2_simple/install/autopatrol_robot/share/autopatrol_robot/hook/ament_prefix_path.ps1'
[0.249s] INFO:colcon.colcon_core.shell:Creating environment descriptor '/home/li/Work/Nav2_simple/install/autopatrol_robot/share/autopatrol_robot/hook/ament_prefix_path.dsv'
[0.249s] INFO:colcon.colcon_core.shell:Creating environment hook '/home/li/Work/Nav2_simple/install/autopatrol_robot/share/autopatrol_robot/hook/ament_prefix_path.sh'
[0.249s] INFO:colcon.colcon_core.shell:Skip shell extension 'powershell' for command environment: Not usable outside of PowerShell
[0.249s] DEBUG:colcon.colcon_core.shell:Skip shell extension 'dsv' for command environment
[0.251s] INFO:colcon.colcon_ros.task.ament_python.build:Building ROS package in '/home/li/Work/Nav2_simple/src/ros2_patrol_robot/fishbot_application' with build type 'ament_python'
[0.251s] Level 1:colcon.colcon_core.shell:create_environment_hook('fishbot_application', 'ament_prefix_path')
[0.251s] INFO:colcon.colcon_core.shell:Creating environment hook '/home/li/Work/Nav2_simple/install/fishbot_application/share/fishbot_application/hook/ament_prefix_path.ps1'
[0.252s] INFO:colcon.colcon_core.shell:Creating environment descriptor '/home/li/Work/Nav2_simple/install/fishbot_application/share/fishbot_application/hook/ament_prefix_path.dsv'
[0.252s] INFO:colcon.colcon_core.shell:Creating environment hook '/home/li/Work/Nav2_simple/install/fishbot_application/share/fishbot_application/hook/ament_prefix_path.sh'
[0.252s] INFO:colcon.colcon_core.shell:Skip shell extension 'powershell' for command environment: Not usable outside of PowerShell
[0.252s] DEBUG:colcon.colcon_core.shell:Skip shell extension 'dsv' for command environment
[0.255s] INFO:colcon.colcon_ros.task.ament_cmake.build:Building ROS package in '/home/li/Work/Nav2_simple/src/ros2_patrol_robot/fishbot_application_cpp' with build type 'ament_cmake'
[0.255s] INFO:colcon.colcon_cmake.task.cmake.build:Building CMake package in '/home/li/Work/Nav2_simple/src/ros2_patrol_robot/fishbot_application_cpp'
[0.255s] INFO:colcon.colcon_core.shell:Skip shell extension 'powershell' for command environment: Not usable outside of PowerShell
[0.255s] DEBUG:colcon.colcon_core.shell:Skip shell extension 'dsv' for command environment
[0.257s] INFO:colcon.colcon_ros.task.ament_cmake.build:Building ROS package in '/home/li/Work/Nav2_simple/src/ros2_patrol_robot/fishbot_description' with build type 'ament_cmake'
[0.257s] INFO:colcon.colcon_cmake.task.cmake.build:Building CMake package in '/home/li/Work/Nav2_simple/src/ros2_patrol_robot/fishbot_description'
[0.257s] INFO:colcon.colcon_core.shell:Skip shell extension 'powershell' for command environment: Not usable outside of PowerShell
[0.257s] DEBUG:colcon.colcon_core.shell:Skip shell extension 'dsv' for command environment
[0.259s] INFO:colcon.colcon_ros.task.ament_cmake.build:Building ROS package in '/home/li/Work/Nav2_simple/src/ros2_patrol_robot/fishbot_navigation2' with build type 'ament_cmake'
[0.259s] INFO:colcon.colcon_cmake.task.cmake.build:Building CMake package in '/home/li/Work/Nav2_simple/src/ros2_patrol_robot/fishbot_navigation2'
[0.259s] INFO:colcon.colcon_core.shell:Skip shell extension 'powershell' for command environment: Not usable outside of PowerShell
[0.259s] DEBUG:colcon.colcon_core.shell:Skip shell extension 'dsv' for command environment
[0.401s] INFO:colcon.colcon_core.task.python.build:Building Python package in '/home/li/Work/Nav2_simple/ROS2-Autonomous-Driving-and-Navigation-SLAM-with-TurtleBot3/autonomous_tb3'
[0.401s] INFO:colcon.colcon_core.shell:Skip shell extension 'powershell' for command environment: Not usable outside of PowerShell
[0.401s] DEBUG:colcon.colcon_core.shell:Skip shell extension 'dsv' for command environment
[0.406s] DEBUG:colcon.colcon_core.event_handler.log_command:Invoking command in '/home/li/Work/Nav2_simple/build/autopatrol_interfaces': CONDA_PROMPT_MODIFIER=(base) /usr/bin/cmake --build /home/li/Work/Nav2_simple/build/autopatrol_interfaces -- -j16 -l16
[0.545s] INFO:colcon.colcon_core.task.python.build:Building Python package in '/home/li/Work/Nav2_simple/src/ros2_patrol_robot/autopatrol_robot'
[0.545s] INFO:colcon.colcon_core.shell:Skip shell extension 'powershell' for command environment: Not usable outside of PowerShell
[0.545s] DEBUG:colcon.colcon_core.shell:Skip shell extension 'dsv' for command environment
[0.694s] INFO:colcon.colcon_core.task.python.build:Building Python package in '/home/li/Work/Nav2_simple/src/ros2_patrol_robot/fishbot_application'
[0.694s] INFO:colcon.colcon_core.shell:Skip shell extension 'powershell' for command environment: Not usable outside of PowerShell
[0.694s] DEBUG:colcon.colcon_core.shell:Skip shell extension 'dsv' for command environment
[0.699s] DEBUG:colcon.colcon_core.event_handler.log_command:Invoking command in '/home/li/Work/Nav2_simple/build/fishbot_application_cpp': CONDA_PROMPT_MODIFIER=(base) /usr/bin/cmake --build /home/li/Work/Nav2_simple/build/fishbot_application_cpp -- -j16 -l16
[0.703s] DEBUG:colcon.colcon_core.event_handler.log_command:Invoking command in '/home/li/Work/Nav2_simple/build/fishbot_description': CONDA_PROMPT_MODIFIER=(base) /usr/bin/cmake --build /home/li/Work/Nav2_simple/build/fishbot_description -- -j16 -l16
[0.709s] DEBUG:colcon.colcon_core.event_handler.log_command:Invoking command in '/home/li/Work/Nav2_simple/build/fishbot_navigation2': CONDA_PROMPT_MODIFIER=(base) /usr/bin/cmake --build /home/li/Work/Nav2_simple/build/fishbot_navigation2 -- -j16 -l16
[0.739s] DEBUG:colcon.colcon_core.event_handler.log_command:Invoked command in '/home/li/Work/Nav2_simple/build/fishbot_description' returned '0': CONDA_PROMPT_MODIFIER=(base) /usr/bin/cmake --build /home/li/Work/Nav2_simple/build/fishbot_description -- -j16 -l16
[0.750s] DEBUG:colcon.colcon_core.event_handler.log_command:Invoking command in '/home/li/Work/Nav2_simple/build/fishbot_description': CONDA_PROMPT_MODIFIER=(base) /usr/bin/cmake --install /home/li/Work/Nav2_simple/build/fishbot_description
[0.768s] Level 1:colcon.colcon_core.environment:create_environment_scripts_only(fishbot_description)
[0.769s] DEBUG:colcon.colcon_core.event_handler.log_command:Invoked command in '/home/li/Work/Nav2_simple/build/fishbot_description' returned '0': CONDA_PROMPT_MODIFIER=(base) /usr/bin/cmake --install /home/li/Work/Nav2_simple/build/fishbot_description
[0.773s] Level 1:colcon.colcon_core.environment:checking '/home/li/Work/Nav2_simple/install/fishbot_description' for CMake module files
[0.774s] Level 1:colcon.colcon_core.environment:checking '/home/li/Work/Nav2_simple/install/fishbot_description' for CMake config files
[0.774s] Level 1:colcon.colcon_core.shell:create_environment_hook('fishbot_description', 'cmake_prefix_path')
[0.774s] INFO:colcon.colcon_core.shell:Creating environment hook '/home/li/Work/Nav2_simple/install/fishbot_description/share/fishbot_description/hook/cmake_prefix_path.ps1'
[0.775s] INFO:colcon.colcon_core.shell:Creating environment descriptor '/home/li/Work/Nav2_simple/install/fishbot_description/share/fishbot_description/hook/cmake_prefix_path.dsv'
[0.775s] INFO:colcon.colcon_core.shell:Creating environment hook '/home/li/Work/Nav2_simple/install/fishbot_description/share/fishbot_description/hook/cmake_prefix_path.sh'
[0.776s] Level 1:colcon.colcon_core.environment:checking '/home/li/Work/Nav2_simple/install/fishbot_description/bin'
[0.776s] Level 1:colcon.colcon_core.environment:checking '/home/li/Work/Nav2_simple/install/fishbot_description/lib/pkgconfig/fishbot_description.pc'
[0.777s] Level 1:colcon.colcon_core.environment:checking '/home/li/Work/Nav2_simple/install/fishbot_description/lib/python3.10/site-packages'
[0.777s] Level 1:colcon.colcon_core.environment:checking '/home/li/Work/Nav2_simple/install/fishbot_description/bin'
[0.777s] INFO:colcon.colcon_core.shell:Creating package script '/home/li/Work/Nav2_simple/install/fishbot_description/share/fishbot_description/package.ps1'
[0.778s] INFO:colcon.colcon_core.shell:Creating package descriptor '/home/li/Work/Nav2_simple/install/fishbot_description/share/fishbot_description/package.dsv'
[0.779s] INFO:colcon.colcon_core.shell:Creating package script '/home/li/Work/Nav2_simple/install/fishbot_description/share/fishbot_description/package.sh'
[0.780s] INFO:colcon.colcon_core.shell:Creating package script '/home/li/Work/Nav2_simple/install/fishbot_description/share/fishbot_description/package.bash'
[0.781s] INFO:colcon.colcon_core.shell:Creating package script '/home/li/Work/Nav2_simple/install/fishbot_description/share/fishbot_description/package.zsh'
[0.782s] Level 1:colcon.colcon_core.environment:create_file_with_runtime_dependencies(/home/li/Work/Nav2_simple/install/fishbot_description/share/colcon-core/packages/fishbot_description)
[0.783s] Level 1:colcon.colcon_core.environment:create_environment_scripts_only(fishbot_description)
[0.783s] Level 1:colcon.colcon_core.environment:checking '/home/li/Work/Nav2_simple/install/fishbot_description' for CMake module files
[0.784s] Level 1:colcon.colcon_core.environment:checking '/home/li/Work/Nav2_simple/install/fishbot_description' for CMake config files
[0.784s] Level 1:colcon.colcon_core.shell:create_environment_hook('fishbot_description', 'cmake_prefix_path')
[0.785s] INFO:colcon.colcon_core.shell:Creating environment hook '/home/li/Work/Nav2_simple/install/fishbot_description/share/fishbot_description/hook/cmake_prefix_path.ps1'
[0.785s] INFO:colcon.colcon_core.shell:Creating environment descriptor '/home/li/Work/Nav2_simple/install/fishbot_description/share/fishbot_description/hook/cmake_prefix_path.dsv'
[0.786s] INFO:colcon.colcon_core.shell:Creating environment hook '/home/li/Work/Nav2_simple/install/fishbot_description/share/fishbot_description/hook/cmake_prefix_path.sh'
[0.786s] Level 1:colcon.colcon_core.environment:checking '/home/li/Work/Nav2_simple/install/fishbot_description/bin'
[0.787s] Level 1:colcon.colcon_core.environment:checking '/home/li/Work/Nav2_simple/install/fishbot_description/lib/pkgconfig/fishbot_description.pc'
[0.787s] Level 1:colcon.colcon_core.environment:checking '/home/li/Work/Nav2_simple/install/fishbot_description/lib/python3.10/site-packages'
[0.787s] Level 1:colcon.colcon_core.environment:checking '/home/li/Work/Nav2_simple/install/fishbot_description/bin'
[0.788s] INFO:colcon.colcon_core.shell:Creating package script '/home/li/Work/Nav2_simple/install/fishbot_description/share/fishbot_description/package.ps1'
[0.788s] INFO:colcon.colcon_core.shell:Creating package descriptor '/home/li/Work/Nav2_simple/install/fishbot_description/share/fishbot_description/package.dsv'
[0.789s] INFO:colcon.colcon_core.shell:Creating package script '/home/li/Work/Nav2_simple/install/fishbot_description/share/fishbot_description/package.sh'
[0.789s] INFO:colcon.colcon_core.shell:Creating package script '/home/li/Work/Nav2_simple/install/fishbot_description/share/fishbot_description/package.bash'
[0.790s] INFO:colcon.colcon_core.shell:Creating package script '/home/li/Work/Nav2_simple/install/fishbot_description/share/fishbot_description/package.zsh'
[0.791s] Level 1:colcon.colcon_core.environment:create_file_with_runtime_dependencies(/home/li/Work/Nav2_simple/install/fishbot_description/share/colcon-core/packages/fishbot_description)
[1.016s] DEBUG:colcon.colcon_core.event_handler.log_command:Invoked command in '/home/li/Work/Nav2_simple/build/fishbot_navigation2' returned '0': CONDA_PROMPT_MODIFIER=(base) /usr/bin/cmake --build /home/li/Work/Nav2_simple/build/fishbot_navigation2 -- -j16 -l16
[1.018s] DEBUG:colcon.colcon_core.event_handler.log_command:Invoking command in '/home/li/Work/Nav2_simple/build/fishbot_navigation2': CONDA_PROMPT_MODIFIER=(base) /usr/bin/cmake --install /home/li/Work/Nav2_simple/build/fishbot_navigation2
[1.028s] Level 1:colcon.colcon_core.environment:create_environment_scripts_only(fishbot_navigation2)
[1.028s] Level 1:colcon.colcon_core.environment:checking '/home/li/Work/Nav2_simple/install/fishbot_navigation2' for CMake module files
[1.029s] DEBUG:colcon.colcon_core.event_handler.log_command:Invoked command in '/home/li/Work/Nav2_simple/build/fishbot_navigation2' returned '0': CONDA_PROMPT_MODIFIER=(base) /usr/bin/cmake --install /home/li/Work/Nav2_simple/build/fishbot_navigation2
[1.029s] Level 1:colcon.colcon_core.environment:checking '/home/li/Work/Nav2_simple/install/fishbot_navigation2' for CMake config files
[1.030s] Level 1:colcon.colcon_core.shell:create_environment_hook('fishbot_navigation2', 'cmake_prefix_path')
[1.030s] INFO:colcon.colcon_core.shell:Creating environment hook '/home/li/Work/Nav2_simple/install/fishbot_navigation2/share/fishbot_navigation2/hook/cmake_prefix_path.ps1'
[1.031s] INFO:colcon.colcon_core.shell:Creating environment descriptor '/home/li/Work/Nav2_simple/install/fishbot_navigation2/share/fishbot_navigation2/hook/cmake_prefix_path.dsv'
[1.031s] INFO:colcon.colcon_core.shell:Creating environment hook '/home/li/Work/Nav2_simple/install/fishbot_navigation2/share/fishbot_navigation2/hook/cmake_prefix_path.sh'
[1.032s] Level 1:colcon.colcon_core.environment:checking '/home/li/Work/Nav2_simple/install/fishbot_navigation2/bin'
[1.032s] Level 1:colcon.colcon_core.environment:checking '/home/li/Work/Nav2_simple/install/fishbot_navigation2/lib/pkgconfig/fishbot_navigation2.pc'
[1.032s] Level 1:colcon.colcon_core.environment:checking '/home/li/Work/Nav2_simple/install/fishbot_navigation2/lib/python3.10/site-packages'
[1.033s] Level 1:colcon.colcon_core.environment:checking '/home/li/Work/Nav2_simple/install/fishbot_navigation2/bin'
[1.033s] INFO:colcon.colcon_core.shell:Creating package script '/home/li/Work/Nav2_simple/install/fishbot_navigation2/share/fishbot_navigation2/package.ps1'
[1.034s] INFO:colcon.colcon_core.shell:Creating package descriptor '/home/li/Work/Nav2_simple/install/fishbot_navigation2/share/fishbot_navigation2/package.dsv'
[1.034s] INFO:colcon.colcon_core.shell:Creating package script '/home/li/Work/Nav2_simple/install/fishbot_navigation2/share/fishbot_navigation2/package.sh'
[1.035s] INFO:colcon.colcon_core.shell:Creating package script '/home/li/Work/Nav2_simple/install/fishbot_navigation2/share/fishbot_navigation2/package.bash'
[1.035s] INFO:colcon.colcon_core.shell:Creating package script '/home/li/Work/Nav2_simple/install/fishbot_navigation2/share/fishbot_navigation2/package.zsh'
[1.035s] Level 1:colcon.colcon_core.environment:create_file_with_runtime_dependencies(/home/li/Work/Nav2_simple/install/fishbot_navigation2/share/colcon-core/packages/fishbot_navigation2)
[1.036s] Level 1:colcon.colcon_core.environment:create_environment_scripts_only(fishbot_navigation2)
[1.037s] Level 1:colcon.colcon_core.environment:checking '/home/li/Work/Nav2_simple/install/fishbot_navigation2' for CMake module files
[1.037s] Level 1:colcon.colcon_core.environment:checking '/home/li/Work/Nav2_simple/install/fishbot_navigation2' for CMake config files
[1.038s] Level 1:colcon.colcon_core.shell:create_environment_hook('fishbot_navigation2', 'cmake_prefix_path')
[1.038s] INFO:colcon.colcon_core.shell:Creating environment hook '/home/li/Work/Nav2_simple/install/fishbot_navigation2/share/fishbot_navigation2/hook/cmake_prefix_path.ps1'
[1.038s] INFO:colcon.colcon_core.shell:Creating environment descriptor '/home/li/Work/Nav2_simple/install/fishbot_navigation2/share/fishbot_navigation2/hook/cmake_prefix_path.dsv'
[1.039s] INFO:colcon.colcon_core.shell:Creating environment hook '/home/li/Work/Nav2_simple/install/fishbot_navigation2/share/fishbot_navigation2/hook/cmake_prefix_path.sh'
[1.040s] Level 1:colcon.colcon_core.environment:checking '/home/li/Work/Nav2_simple/install/fishbot_navigation2/bin'
[1.040s] Level 1:colcon.colcon_core.environment:checking '/home/li/Work/Nav2_simple/install/fishbot_navigation2/lib/pkgconfig/fishbot_navigation2.pc'
[1.040s] Level 1:colcon.colcon_core.environment:checking '/home/li/Work/Nav2_simple/install/fishbot_navigation2/lib/python3.10/site-packages'
[1.040s] Level 1:colcon.colcon_core.environment:checking '/home/li/Work/Nav2_simple/install/fishbot_navigation2/bin'
[1.040s] INFO:colcon.colcon_core.shell:Creating package script '/home/li/Work/Nav2_simple/install/fishbot_navigation2/share/fishbot_navigation2/package.ps1'
[1.041s] INFO:colcon.colcon_core.shell:Creating package descriptor '/home/li/Work/Nav2_simple/install/fishbot_navigation2/share/fishbot_navigation2/package.dsv'
[1.041s] INFO:colcon.colcon_core.shell:Creating package script '/home/li/Work/Nav2_simple/install/fishbot_navigation2/share/fishbot_navigation2/package.sh'
[1.041s] INFO:colcon.colcon_core.shell:Creating package script '/home/li/Work/Nav2_simple/install/fishbot_navigation2/share/fishbot_navigation2/package.bash'
[1.041s] INFO:colcon.colcon_core.shell:Creating package script '/home/li/Work/Nav2_simple/install/fishbot_navigation2/share/fishbot_navigation2/package.zsh'
[1.042s] Level 1:colcon.colcon_core.environment:create_file_with_runtime_dependencies(/home/li/Work/Nav2_simple/install/fishbot_navigation2/share/colcon-core/packages/fishbot_navigation2)
[1.405s] DEBUG:colcon.colcon_core.event_handler.log_command:Invoking command in '/home/li/Work/Nav2_simple/src/ros2_patrol_robot/autopatrol_robot': CONDA_PROMPT_MODIFIER=(base) PYTHONPATH=/home/li/Work/Nav2_simple/build/autopatrol_robot/prefix_override:/usr/lib/python3/dist-packages/colcon_core/task/python/colcon_distutils_commands:/home/li/Work/Nav2_simple/install/autopatrol_robot/lib/python3.10/site-packages:${PYTHONPATH} /usr/bin/python3 -W ignore:setup.py install is deprecated -W ignore:easy_install command is deprecated setup.py egg_info --egg-base ../../../build/autopatrol_robot build --build-base /home/li/Work/Nav2_simple/build/autopatrol_robot/build install --record /home/li/Work/Nav2_simple/build/autopatrol_robot/install.log --single-version-externally-managed install_data
[1.412s] DEBUG:colcon.colcon_core.event_handler.log_command:Invoking command in '/home/li/Work/Nav2_simple/src/ros2_patrol_robot/fishbot_application': CONDA_PROMPT_MODIFIER=(base) PYTHONPATH=/home/li/Work/Nav2_simple/build/fishbot_application/prefix_override:/usr/lib/python3/dist-packages/colcon_core/task/python/colcon_distutils_commands:/home/li/Work/Nav2_simple/install/fishbot_application/lib/python3.10/site-packages:${PYTHONPATH} /usr/bin/python3 -W ignore:setup.py install is deprecated -W ignore:easy_install command is deprecated setup.py egg_info --egg-base ../../../build/fishbot_application build --build-base /home/li/Work/Nav2_simple/build/fishbot_application/build install --record /home/li/Work/Nav2_simple/build/fishbot_application/install.log --single-version-externally-managed install_data
[1.415s] DEBUG:colcon.colcon_core.event_handler.log_command:Invoking command in '/home/li/Work/Nav2_simple/ROS2-Autonomous-Driving-and-Navigation-SLAM-with-TurtleBot3/autonomous_tb3': CONDA_PROMPT_MODIFIER=(base) PYTHONPATH=/home/li/Work/Nav2_simple/build/autonomous_tb3/prefix_override:/usr/lib/python3/dist-packages/colcon_core/task/python/colcon_distutils_commands:/home/li/Work/Nav2_simple/install/autonomous_tb3/lib/python3.10/site-packages:${PYTHONPATH} /usr/bin/python3 -W ignore:setup.py install is deprecated -W ignore:easy_install command is deprecated setup.py egg_info --egg-base ../../build/autonomous_tb3 build --build-base /home/li/Work/Nav2_simple/build/autonomous_tb3/build install --record /home/li/Work/Nav2_simple/build/autonomous_tb3/install.log --single-version-externally-managed install_data
[1.736s] Level 1:colcon.colcon_core.environment:checking '/home/li/Work/Nav2_simple/install/autopatrol_robot' for CMake module files
[1.736s] DEBUG:colcon.colcon_core.event_handler.log_command:Invoked command in '/home/li/Work/Nav2_simple/src/ros2_patrol_robot/autopatrol_robot' returned '0': CONDA_PROMPT_MODIFIER=(base) PYTHONPATH=/home/li/Work/Nav2_simple/build/autopatrol_robot/prefix_override:/usr/lib/python3/dist-packages/colcon_core/task/python/colcon_distutils_commands:/home/li/Work/Nav2_simple/install/autopatrol_robot/lib/python3.10/site-packages:${PYTHONPATH} /usr/bin/python3 -W ignore:setup.py install is deprecated -W ignore:easy_install command is deprecated setup.py egg_info --egg-base ../../../build/autopatrol_robot build --build-base /home/li/Work/Nav2_simple/build/autopatrol_robot/build install --record /home/li/Work/Nav2_simple/build/autopatrol_robot/install.log --single-version-externally-managed install_data
[1.737s] Level 1:colcon.colcon_core.environment:checking '/home/li/Work/Nav2_simple/install/autopatrol_robot' for CMake config files
[1.737s] Level 1:colcon.colcon_core.environment:checking '/home/li/Work/Nav2_simple/install/autopatrol_robot/lib'
[1.738s] Level 1:colcon.colcon_core.environment:checking '/home/li/Work/Nav2_simple/install/autopatrol_robot/bin'
[1.738s] Level 1:colcon.colcon_core.environment:checking '/home/li/Work/Nav2_simple/install/autopatrol_robot/lib/pkgconfig/autopatrol_robot.pc'
[1.738s] Level 1:colcon.colcon_core.environment:checking '/home/li/Work/Nav2_simple/install/autopatrol_robot/lib/python3.10/site-packages'
[1.738s] Level 1:colcon.colcon_core.shell:create_environment_hook('autopatrol_robot', 'pythonpath')
[1.738s] INFO:colcon.colcon_core.shell:Creating environment hook '/home/li/Work/Nav2_simple/install/autopatrol_robot/share/autopatrol_robot/hook/pythonpath.ps1'
[1.739s] INFO:colcon.colcon_core.shell:Creating environment descriptor '/home/li/Work/Nav2_simple/install/autopatrol_robot/share/autopatrol_robot/hook/pythonpath.dsv'
[1.739s] INFO:colcon.colcon_core.shell:Creating environment hook '/home/li/Work/Nav2_simple/install/autopatrol_robot/share/autopatrol_robot/hook/pythonpath.sh'
[1.740s] Level 1:colcon.colcon_core.environment:checking '/home/li/Work/Nav2_simple/install/autopatrol_robot/bin'
[1.740s] Level 1:colcon.colcon_core.environment:create_environment_scripts_only(autopatrol_robot)
[1.741s] INFO:colcon.colcon_core.shell:Creating package script '/home/li/Work/Nav2_simple/install/autopatrol_robot/share/autopatrol_robot/package.ps1'
[1.741s] INFO:colcon.colcon_core.shell:Creating package descriptor '/home/li/Work/Nav2_simple/install/autopatrol_robot/share/autopatrol_robot/package.dsv'
[1.742s] INFO:colcon.colcon_core.shell:Creating package script '/home/li/Work/Nav2_simple/install/autopatrol_robot/share/autopatrol_robot/package.sh'
[1.742s] INFO:colcon.colcon_core.shell:Creating package script '/home/li/Work/Nav2_simple/install/autopatrol_robot/share/autopatrol_robot/package.bash'
[1.743s] INFO:colcon.colcon_core.shell:Creating package script '/home/li/Work/Nav2_simple/install/autopatrol_robot/share/autopatrol_robot/package.zsh'
[1.744s] Level 1:colcon.colcon_core.environment:create_file_with_runtime_dependencies(/home/li/Work/Nav2_simple/install/autopatrol_robot/share/colcon-core/packages/autopatrol_robot)
[1.765s] Level 1:colcon.colcon_core.environment:checking '/home/li/Work/Nav2_simple/install/autonomous_tb3' for CMake module files
[1.766s] DEBUG:colcon.colcon_core.event_handler.log_command:Invoked command in '/home/li/Work/Nav2_simple/ROS2-Autonomous-Driving-and-Navigation-SLAM-with-TurtleBot3/autonomous_tb3' returned '0': CONDA_PROMPT_MODIFIER=(base) PYTHONPATH=/home/li/Work/Nav2_simple/build/autonomous_tb3/prefix_override:/usr/lib/python3/dist-packages/colcon_core/task/python/colcon_distutils_commands:/home/li/Work/Nav2_simple/install/autonomous_tb3/lib/python3.10/site-packages:${PYTHONPATH} /usr/bin/python3 -W ignore:setup.py install is deprecated -W ignore:easy_install command is deprecated setup.py egg_info --egg-base ../../build/autonomous_tb3 build --build-base /home/li/Work/Nav2_simple/build/autonomous_tb3/build install --record /home/li/Work/Nav2_simple/build/autonomous_tb3/install.log --single-version-externally-managed install_data
[1.766s] Level 1:colcon.colcon_core.environment:checking '/home/li/Work/Nav2_simple/install/autonomous_tb3' for CMake config files
[1.767s] Level 1:colcon.colcon_core.environment:checking '/home/li/Work/Nav2_simple/install/autonomous_tb3/lib'
[1.767s] Level 1:colcon.colcon_core.environment:checking '/home/li/Work/Nav2_simple/install/autonomous_tb3/bin'
[1.767s] Level 1:colcon.colcon_core.environment:checking '/home/li/Work/Nav2_simple/install/autonomous_tb3/lib/pkgconfig/autonomous_tb3.pc'
[1.767s] Level 1:colcon.colcon_core.environment:checking '/home/li/Work/Nav2_simple/install/autonomous_tb3/lib/python3.10/site-packages'
[1.767s] Level 1:colcon.colcon_core.shell:create_environment_hook('autonomous_tb3', 'pythonpath')
[1.767s] INFO:colcon.colcon_core.shell:Creating environment hook '/home/li/Work/Nav2_simple/install/autonomous_tb3/share/autonomous_tb3/hook/pythonpath.ps1'
[1.767s] INFO:colcon.colcon_core.shell:Creating environment descriptor '/home/li/Work/Nav2_simple/install/autonomous_tb3/share/autonomous_tb3/hook/pythonpath.dsv'
[1.768s] INFO:colcon.colcon_core.shell:Creating environment hook '/home/li/Work/Nav2_simple/install/autonomous_tb3/share/autonomous_tb3/hook/pythonpath.sh'
[1.768s] Level 1:colcon.colcon_core.environment:checking '/home/li/Work/Nav2_simple/install/autonomous_tb3/bin'
[1.768s] Level 1:colcon.colcon_core.environment:create_environment_scripts_only(autonomous_tb3)
[1.768s] INFO:colcon.colcon_core.shell:Creating package script '/home/li/Work/Nav2_simple/install/autonomous_tb3/share/autonomous_tb3/package.ps1'
[1.769s] INFO:colcon.colcon_core.shell:Creating package descriptor '/home/li/Work/Nav2_simple/install/autonomous_tb3/share/autonomous_tb3/package.dsv'
[1.769s] INFO:colcon.colcon_core.shell:Creating package script '/home/li/Work/Nav2_simple/install/autonomous_tb3/share/autonomous_tb3/package.sh'
[1.769s] INFO:colcon.colcon_core.shell:Creating package script '/home/li/Work/Nav2_simple/install/autonomous_tb3/share/autonomous_tb3/package.bash'
[1.769s] INFO:colcon.colcon_core.shell:Creating package script '/home/li/Work/Nav2_simple/install/autonomous_tb3/share/autonomous_tb3/package.zsh'
[1.769s] Level 1:colcon.colcon_core.environment:create_file_with_runtime_dependencies(/home/li/Work/Nav2_simple/install/autonomous_tb3/share/colcon-core/packages/autonomous_tb3)
[1.771s] Level 1:colcon.colcon_core.environment:checking '/home/li/Work/Nav2_simple/install/fishbot_application' for CMake module files
[1.771s] DEBUG:colcon.colcon_core.event_handler.log_command:Invoked command in '/home/li/Work/Nav2_simple/src/ros2_patrol_robot/fishbot_application' returned '0': CONDA_PROMPT_MODIFIER=(base) PYTHONPATH=/home/li/Work/Nav2_simple/build/fishbot_application/prefix_override:/usr/lib/python3/dist-packages/colcon_core/task/python/colcon_distutils_commands:/home/li/Work/Nav2_simple/install/fishbot_application/lib/python3.10/site-packages:${PYTHONPATH} /usr/bin/python3 -W ignore:setup.py install is deprecated -W ignore:easy_install command is deprecated setup.py egg_info --egg-base ../../../build/fishbot_application build --build-base /home/li/Work/Nav2_simple/build/fishbot_application/build install --record /home/li/Work/Nav2_simple/build/fishbot_application/install.log --single-version-externally-managed install_data
[1.771s] Level 1:colcon.colcon_core.environment:checking '/home/li/Work/Nav2_simple/install/fishbot_application' for CMake config files
[1.772s] Level 1:colcon.colcon_core.environment:checking '/home/li/Work/Nav2_simple/install/fishbot_application/lib'
[1.772s] Level 1:colcon.colcon_core.environment:checking '/home/li/Work/Nav2_simple/install/fishbot_application/bin'
[1.772s] Level 1:colcon.colcon_core.environment:checking '/home/li/Work/Nav2_simple/install/fishbot_application/lib/pkgconfig/fishbot_application.pc'
[1.772s] Level 1:colcon.colcon_core.environment:checking '/home/li/Work/Nav2_simple/install/fishbot_application/lib/python3.10/site-packages'
[1.772s] Level 1:colcon.colcon_core.shell:create_environment_hook('fishbot_application', 'pythonpath')
[1.772s] INFO:colcon.colcon_core.shell:Creating environment hook '/home/li/Work/Nav2_simple/install/fishbot_application/share/fishbot_application/hook/pythonpath.ps1'
[1.772s] INFO:colcon.colcon_core.shell:Creating environment descriptor '/home/li/Work/Nav2_simple/install/fishbot_application/share/fishbot_application/hook/pythonpath.dsv'
[1.772s] INFO:colcon.colcon_core.shell:Creating environment hook '/home/li/Work/Nav2_simple/install/fishbot_application/share/fishbot_application/hook/pythonpath.sh'
[1.773s] Level 1:colcon.colcon_core.environment:checking '/home/li/Work/Nav2_simple/install/fishbot_application/bin'
[1.773s] Level 1:colcon.colcon_core.environment:create_environment_scripts_only(fishbot_application)
[1.773s] INFO:colcon.colcon_core.shell:Creating package script '/home/li/Work/Nav2_simple/install/fishbot_application/share/fishbot_application/package.ps1'
[1.773s] INFO:colcon.colcon_core.shell:Creating package descriptor '/home/li/Work/Nav2_simple/install/fishbot_application/share/fishbot_application/package.dsv'
[1.774s] INFO:colcon.colcon_core.shell:Creating package script '/home/li/Work/Nav2_simple/install/fishbot_application/share/fishbot_application/package.sh'
[1.774s] INFO:colcon.colcon_core.shell:Creating package script '/home/li/Work/Nav2_simple/install/fishbot_application/share/fishbot_application/package.bash'
[1.774s] INFO:colcon.colcon_core.shell:Creating package script '/home/li/Work/Nav2_simple/install/fishbot_application/share/fishbot_application/package.zsh'
[1.774s] Level 1:colcon.colcon_core.environment:create_file_with_runtime_dependencies(/home/li/Work/Nav2_simple/install/fishbot_application/share/colcon-core/packages/fishbot_application)
[1.828s] DEBUG:colcon.colcon_core.event_handler.log_command:Invoked command in '/home/li/Work/Nav2_simple/build/autopatrol_interfaces' returned '0': CONDA_PROMPT_MODIFIER=(base) /usr/bin/cmake --build /home/li/Work/Nav2_simple/build/autopatrol_interfaces -- -j16 -l16
[1.829s] DEBUG:colcon.colcon_core.event_handler.log_command:Invoking command in '/home/li/Work/Nav2_simple/build/autopatrol_interfaces': CONDA_PROMPT_MODIFIER=(base) /usr/bin/cmake --install /home/li/Work/Nav2_simple/build/autopatrol_interfaces
[1.877s] Level 1:colcon.colcon_core.environment:create_environment_scripts_only(autopatrol_interfaces)
[1.877s] Level 1:colcon.colcon_core.environment:checking '/home/li/Work/Nav2_simple/install/autopatrol_interfaces' for CMake module files
[1.877s] Level 1:colcon.colcon_core.environment:checking '/home/li/Work/Nav2_simple/install/autopatrol_interfaces' for CMake config files
[1.878s] DEBUG:colcon.colcon_core.event_handler.log_command:Invoked command in '/home/li/Work/Nav2_simple/build/autopatrol_interfaces' returned '0': CONDA_PROMPT_MODIFIER=(base) /usr/bin/cmake --install /home/li/Work/Nav2_simple/build/autopatrol_interfaces
[1.878s] Level 1:colcon.colcon_core.shell:create_environment_hook('autopatrol_interfaces', 'cmake_prefix_path')
[1.878s] INFO:colcon.colcon_core.shell:Creating environment hook '/home/li/Work/Nav2_simple/install/autopatrol_interfaces/share/autopatrol_interfaces/hook/cmake_prefix_path.ps1'
[1.879s] INFO:colcon.colcon_core.shell:Creating environment descriptor '/home/li/Work/Nav2_simple/install/autopatrol_interfaces/share/autopatrol_interfaces/hook/cmake_prefix_path.dsv'
[1.879s] INFO:colcon.colcon_core.shell:Creating environment hook '/home/li/Work/Nav2_simple/install/autopatrol_interfaces/share/autopatrol_interfaces/hook/cmake_prefix_path.sh'
[1.879s] Level 1:colcon.colcon_core.environment:checking '/home/li/Work/Nav2_simple/install/autopatrol_interfaces/lib'
[1.879s] Level 1:colcon.colcon_core.shell:create_environment_hook('autopatrol_interfaces', 'ld_library_path_lib')
[1.879s] INFO:colcon.colcon_core.shell:Creating environment hook '/home/li/Work/Nav2_simple/install/autopatrol_interfaces/share/autopatrol_interfaces/hook/ld_library_path_lib.ps1'
[1.879s] INFO:colcon.colcon_core.shell:Creating environment descriptor '/home/li/Work/Nav2_simple/install/autopatrol_interfaces/share/autopatrol_interfaces/hook/ld_library_path_lib.dsv'
[1.880s] INFO:colcon.colcon_core.shell:Creating environment hook '/home/li/Work/Nav2_simple/install/autopatrol_interfaces/share/autopatrol_interfaces/hook/ld_library_path_lib.sh'
[1.880s] Level 1:colcon.colcon_core.environment:checking '/home/li/Work/Nav2_simple/install/autopatrol_interfaces/bin'
[1.880s] Level 1:colcon.colcon_core.environment:checking '/home/li/Work/Nav2_simple/install/autopatrol_interfaces/lib/pkgconfig/autopatrol_interfaces.pc'
[1.880s] Level 1:colcon.colcon_core.environment:checking '/home/li/Work/Nav2_simple/install/autopatrol_interfaces/lib/python3.10/site-packages'
[1.880s] Level 1:colcon.colcon_core.shell:create_environment_hook('autopatrol_interfaces', 'pythonpath')
[1.880s] INFO:colcon.colcon_core.shell:Creating environment hook '/home/li/Work/Nav2_simple/install/autopatrol_interfaces/share/autopatrol_interfaces/hook/pythonpath.ps1'
[1.880s] INFO:colcon.colcon_core.shell:Creating environment descriptor '/home/li/Work/Nav2_simple/install/autopatrol_interfaces/share/autopatrol_interfaces/hook/pythonpath.dsv'
[1.881s] INFO:colcon.colcon_core.shell:Creating environment hook '/home/li/Work/Nav2_simple/install/autopatrol_interfaces/share/autopatrol_interfaces/hook/pythonpath.sh'
[1.881s] Level 1:colcon.colcon_core.environment:checking '/home/li/Work/Nav2_simple/install/autopatrol_interfaces/bin'
[1.881s] INFO:colcon.colcon_core.shell:Creating package script '/home/li/Work/Nav2_simple/install/autopatrol_interfaces/share/autopatrol_interfaces/package.ps1'
[1.881s] INFO:colcon.colcon_core.shell:Creating package descriptor '/home/li/Work/Nav2_simple/install/autopatrol_interfaces/share/autopatrol_interfaces/package.dsv'
[1.882s] INFO:colcon.colcon_core.shell:Creating package script '/home/li/Work/Nav2_simple/install/autopatrol_interfaces/share/autopatrol_interfaces/package.sh'
[1.882s] INFO:colcon.colcon_core.shell:Creating package script '/home/li/Work/Nav2_simple/install/autopatrol_interfaces/share/autopatrol_interfaces/package.bash'
[1.882s] INFO:colcon.colcon_core.shell:Creating package script '/home/li/Work/Nav2_simple/install/autopatrol_interfaces/share/autopatrol_interfaces/package.zsh'
[1.882s] Level 1:colcon.colcon_core.environment:create_file_with_runtime_dependencies(/home/li/Work/Nav2_simple/install/autopatrol_interfaces/share/colcon-core/packages/autopatrol_interfaces)
[1.883s] Level 1:colcon.colcon_core.environment:create_environment_scripts_only(autopatrol_interfaces)
[1.883s] Level 1:colcon.colcon_core.environment:checking '/home/li/Work/Nav2_simple/install/autopatrol_interfaces' for CMake module files
[1.883s] Level 1:colcon.colcon_core.environment:checking '/home/li/Work/Nav2_simple/install/autopatrol_interfaces' for CMake config files
[1.884s] Level 1:colcon.colcon_core.shell:create_environment_hook('autopatrol_interfaces', 'cmake_prefix_path')
[1.884s] INFO:colcon.colcon_core.shell:Creating environment hook '/home/li/Work/Nav2_simple/install/autopatrol_interfaces/share/autopatrol_interfaces/hook/cmake_prefix_path.ps1'
[1.884s] INFO:colcon.colcon_core.shell:Creating environment descriptor '/home/li/Work/Nav2_simple/install/autopatrol_interfaces/share/autopatrol_interfaces/hook/cmake_prefix_path.dsv'
[1.884s] INFO:colcon.colcon_core.shell:Creating environment hook '/home/li/Work/Nav2_simple/install/autopatrol_interfaces/share/autopatrol_interfaces/hook/cmake_prefix_path.sh'
[1.884s] Level 1:colcon.colcon_core.environment:checking '/home/li/Work/Nav2_simple/install/autopatrol_interfaces/lib'
[1.884s] Level 1:colcon.colcon_core.shell:create_environment_hook('autopatrol_interfaces', 'ld_library_path_lib')
[1.885s] INFO:colcon.colcon_core.shell:Creating environment hook '/home/li/Work/Nav2_simple/install/autopatrol_interfaces/share/autopatrol_interfaces/hook/ld_library_path_lib.ps1'
[1.885s] INFO:colcon.colcon_core.shell:Creating environment descriptor '/home/li/Work/Nav2_simple/install/autopatrol_interfaces/share/autopatrol_interfaces/hook/ld_library_path_lib.dsv'
[1.885s] INFO:colcon.colcon_core.shell:Creating environment hook '/home/li/Work/Nav2_simple/install/autopatrol_interfaces/share/autopatrol_interfaces/hook/ld_library_path_lib.sh'
[1.885s] Level 1:colcon.colcon_core.environment:checking '/home/li/Work/Nav2_simple/install/autopatrol_interfaces/bin'
[1.885s] Level 1:colcon.colcon_core.environment:checking '/home/li/Work/Nav2_simple/install/autopatrol_interfaces/lib/pkgconfig/autopatrol_interfaces.pc'
[1.885s] Level 1:colcon.colcon_core.environment:checking '/home/li/Work/Nav2_simple/install/autopatrol_interfaces/lib/python3.10/site-packages'
[1.885s] Level 1:colcon.colcon_core.shell:create_environment_hook('autopatrol_interfaces', 'pythonpath')
[1.886s] INFO:colcon.colcon_core.shell:Creating environment hook '/home/li/Work/Nav2_simple/install/autopatrol_interfaces/share/autopatrol_interfaces/hook/pythonpath.ps1'
[1.886s] INFO:colcon.colcon_core.shell:Creating environment descriptor '/home/li/Work/Nav2_simple/install/autopatrol_interfaces/share/autopatrol_interfaces/hook/pythonpath.dsv'
[1.886s] INFO:colcon.colcon_core.shell:Creating environment hook '/home/li/Work/Nav2_simple/install/autopatrol_interfaces/share/autopatrol_interfaces/hook/pythonpath.sh'
[1.887s] Level 1:colcon.colcon_core.environment:checking '/home/li/Work/Nav2_simple/install/autopatrol_interfaces/bin'
[1.887s] INFO:colcon.colcon_core.shell:Creating package script '/home/li/Work/Nav2_simple/install/autopatrol_interfaces/share/autopatrol_interfaces/package.ps1'
[1.887s] INFO:colcon.colcon_core.shell:Creating package descriptor '/home/li/Work/Nav2_simple/install/autopatrol_interfaces/share/autopatrol_interfaces/package.dsv'
[1.887s] INFO:colcon.colcon_core.shell:Creating package script '/home/li/Work/Nav2_simple/install/autopatrol_interfaces/share/autopatrol_interfaces/package.sh'
[1.888s] INFO:colcon.colcon_core.shell:Creating package script '/home/li/Work/Nav2_simple/install/autopatrol_interfaces/share/autopatrol_interfaces/package.bash'
[1.888s] INFO:colcon.colcon_core.shell:Creating package script '/home/li/Work/Nav2_simple/install/autopatrol_interfaces/share/autopatrol_interfaces/package.zsh'
[1.888s] Level 1:colcon.colcon_core.environment:create_file_with_runtime_dependencies(/home/li/Work/Nav2_simple/install/autopatrol_interfaces/share/colcon-core/packages/autopatrol_interfaces)
[3.441s] DEBUG:colcon.colcon_core.event_handler.log_command:Invoked command in '/home/li/Work/Nav2_simple/build/fishbot_application_cpp' returned '0': CONDA_PROMPT_MODIFIER=(base) /usr/bin/cmake --build /home/li/Work/Nav2_simple/build/fishbot_application_cpp -- -j16 -l16
[3.443s] DEBUG:colcon.colcon_core.event_handler.log_command:Invoking command in '/home/li/Work/Nav2_simple/build/fishbot_application_cpp': CONDA_PROMPT_MODIFIER=(base) /usr/bin/cmake --install /home/li/Work/Nav2_simple/build/fishbot_application_cpp
[3.458s] Level 1:colcon.colcon_core.environment:create_environment_scripts_only(fishbot_application_cpp)
[3.458s] Level 1:colcon.colcon_core.environment:checking '/home/li/Work/Nav2_simple/install/fishbot_application_cpp' for CMake module files
[3.459s] DEBUG:colcon.colcon_core.event_handler.log_command:Invoked command in '/home/li/Work/Nav2_simple/build/fishbot_application_cpp' returned '0': CONDA_PROMPT_MODIFIER=(base) /usr/bin/cmake --install /home/li/Work/Nav2_simple/build/fishbot_application_cpp
[3.459s] Level 1:colcon.colcon_core.environment:checking '/home/li/Work/Nav2_simple/install/fishbot_application_cpp' for CMake config files
[3.460s] Level 1:colcon.colcon_core.shell:create_environment_hook('fishbot_application_cpp', 'cmake_prefix_path')
[3.460s] INFO:colcon.colcon_core.shell:Creating environment hook '/home/li/Work/Nav2_simple/install/fishbot_application_cpp/share/fishbot_application_cpp/hook/cmake_prefix_path.ps1'
[3.460s] INFO:colcon.colcon_core.shell:Creating environment descriptor '/home/li/Work/Nav2_simple/install/fishbot_application_cpp/share/fishbot_application_cpp/hook/cmake_prefix_path.dsv'
[3.461s] INFO:colcon.colcon_core.shell:Creating environment hook '/home/li/Work/Nav2_simple/install/fishbot_application_cpp/share/fishbot_application_cpp/hook/cmake_prefix_path.sh'
[3.461s] Level 1:colcon.colcon_core.environment:checking '/home/li/Work/Nav2_simple/install/fishbot_application_cpp/lib'
[3.461s] Level 1:colcon.colcon_core.environment:checking '/home/li/Work/Nav2_simple/install/fishbot_application_cpp/bin'
[3.461s] Level 1:colcon.colcon_core.environment:checking '/home/li/Work/Nav2_simple/install/fishbot_application_cpp/lib/pkgconfig/fishbot_application_cpp.pc'
[3.461s] Level 1:colcon.colcon_core.environment:checking '/home/li/Work/Nav2_simple/install/fishbot_application_cpp/lib/python3.10/site-packages'
[3.461s] Level 1:colcon.colcon_core.environment:checking '/home/li/Work/Nav2_simple/install/fishbot_application_cpp/bin'
[3.462s] INFO:colcon.colcon_core.shell:Creating package script '/home/li/Work/Nav2_simple/install/fishbot_application_cpp/share/fishbot_application_cpp/package.ps1'
[3.462s] INFO:colcon.colcon_core.shell:Creating package descriptor '/home/li/Work/Nav2_simple/install/fishbot_application_cpp/share/fishbot_application_cpp/package.dsv'
[3.462s] INFO:colcon.colcon_core.shell:Creating package script '/home/li/Work/Nav2_simple/install/fishbot_application_cpp/share/fishbot_application_cpp/package.sh'
[3.463s] INFO:colcon.colcon_core.shell:Creating package script '/home/li/Work/Nav2_simple/install/fishbot_application_cpp/share/fishbot_application_cpp/package.bash'
[3.463s] INFO:colcon.colcon_core.shell:Creating package script '/home/li/Work/Nav2_simple/install/fishbot_application_cpp/share/fishbot_application_cpp/package.zsh'
[3.463s] Level 1:colcon.colcon_core.environment:create_file_with_runtime_dependencies(/home/li/Work/Nav2_simple/install/fishbot_application_cpp/share/colcon-core/packages/fishbot_application_cpp)
[3.463s] Level 1:colcon.colcon_core.environment:create_environment_scripts_only(fishbot_application_cpp)
[3.463s] Level 1:colcon.colcon_core.environment:checking '/home/li/Work/Nav2_simple/install/fishbot_application_cpp' for CMake module files
[3.464s] Level 1:colcon.colcon_core.environment:checking '/home/li/Work/Nav2_simple/install/fishbot_application_cpp' for CMake config files
[3.464s] Level 1:colcon.colcon_core.shell:create_environment_hook('fishbot_application_cpp', 'cmake_prefix_path')
[3.464s] INFO:colcon.colcon_core.shell:Creating environment hook '/home/li/Work/Nav2_simple/install/fishbot_application_cpp/share/fishbot_application_cpp/hook/cmake_prefix_path.ps1'
[3.464s] INFO:colcon.colcon_core.shell:Creating environment descriptor '/home/li/Work/Nav2_simple/install/fishbot_application_cpp/share/fishbot_application_cpp/hook/cmake_prefix_path.dsv'
[3.465s] INFO:colcon.colcon_core.shell:Creating environment hook '/home/li/Work/Nav2_simple/install/fishbot_application_cpp/share/fishbot_application_cpp/hook/cmake_prefix_path.sh'
[3.465s] Level 1:colcon.colcon_core.environment:checking '/home/li/Work/Nav2_simple/install/fishbot_application_cpp/lib'
[3.465s] Level 1:colcon.colcon_core.environment:checking '/home/li/Work/Nav2_simple/install/fishbot_application_cpp/bin'
[3.465s] Level 1:colcon.colcon_core.environment:checking '/home/li/Work/Nav2_simple/install/fishbot_application_cpp/lib/pkgconfig/fishbot_application_cpp.pc'
[3.465s] Level 1:colcon.colcon_core.environment:checking '/home/li/Work/Nav2_simple/install/fishbot_application_cpp/lib/python3.10/site-packages'
[3.465s] Level 1:colcon.colcon_core.environment:checking '/home/li/Work/Nav2_simple/install/fishbot_application_cpp/bin'
[3.466s] INFO:colcon.colcon_core.shell:Creating package script '/home/li/Work/Nav2_simple/install/fishbot_application_cpp/share/fishbot_application_cpp/package.ps1'
[3.466s] INFO:colcon.colcon_core.shell:Creating package descriptor '/home/li/Work/Nav2_simple/install/fishbot_application_cpp/share/fishbot_application_cpp/package.dsv'
[3.466s] INFO:colcon.colcon_core.shell:Creating package script '/home/li/Work/Nav2_simple/install/fishbot_application_cpp/share/fishbot_application_cpp/package.sh'
[3.466s] INFO:colcon.colcon_core.shell:Creating package script '/home/li/Work/Nav2_simple/install/fishbot_application_cpp/share/fishbot_application_cpp/package.bash'
[3.467s] INFO:colcon.colcon_core.shell:Creating package script '/home/li/Work/Nav2_simple/install/fishbot_application_cpp/share/fishbot_application_cpp/package.zsh'
[3.467s] Level 1:colcon.colcon_core.environment:create_file_with_runtime_dependencies(/home/li/Work/Nav2_simple/install/fishbot_application_cpp/share/colcon-core/packages/fishbot_application_cpp)
[3.467s] DEBUG:colcon.colcon_parallel_executor.executor.parallel:closing loop
[3.467s] DEBUG:colcon.colcon_parallel_executor.executor.parallel:loop closed
[3.467s] DEBUG:colcon.colcon_parallel_executor.executor.parallel:run_until_complete finished with '0'
[3.467s] DEBUG:colcon.colcon_core.event_reactor:joining thread
[3.473s] INFO:colcon.colcon_core.plugin_system:Skipping extension 'colcon_notification.desktop_notification.terminal_notifier': Not used on non-Darwin systems
[3.473s] INFO:colcon.colcon_core.plugin_system:Skipping extension 'colcon_notification.desktop_notification.win32': Not used on non-Windows systems
[3.473s] INFO:colcon.colcon_notification.desktop_notification:Sending desktop notification using 'notify2'
[3.489s] DEBUG:colcon.colcon_core.event_reactor:joined thread
[3.490s] INFO:colcon.colcon_core.shell:Creating prefix script '/home/li/Work/Nav2_simple/install/local_setup.ps1'
[3.491s] INFO:colcon.colcon_core.shell:Creating prefix util module '/home/li/Work/Nav2_simple/install/_local_setup_util_ps1.py'
[3.493s] INFO:colcon.colcon_core.shell:Creating prefix chain script '/home/li/Work/Nav2_simple/install/setup.ps1'
[3.494s] INFO:colcon.colcon_core.shell:Creating prefix script '/home/li/Work/Nav2_simple/install/local_setup.sh'
[3.495s] INFO:colcon.colcon_core.shell:Creating prefix util module '/home/li/Work/Nav2_simple/install/_local_setup_util_sh.py'
[3.496s] INFO:colcon.colcon_core.shell:Creating prefix chain script '/home/li/Work/Nav2_simple/install/setup.sh'
[3.497s] INFO:colcon.colcon_core.shell:Creating prefix script '/home/li/Work/Nav2_simple/install/local_setup.bash'
[3.497s] INFO:colcon.colcon_core.shell:Creating prefix chain script '/home/li/Work/Nav2_simple/install/setup.bash'
[3.498s] INFO:colcon.colcon_core.shell:Creating prefix script '/home/li/Work/Nav2_simple/install/local_setup.zsh'
[3.499s] INFO:colcon.colcon_core.shell:Creating prefix chain script '/home/li/Work/Nav2_simple/install/setup.zsh'
