[0.514s] Invoking command in '/home/li/Work/Nav2_simple/build/fishbot_navigation2': CMAKE_PREFIX_PATH=${CMAKE_PREFIX_PATH}:/home/li/Work/Nav2_simple/install/fishbot_application:/home/li/Work/Nav2_simple/install/autopatrol_robot:/home/li/Work/Nav2_simple/install/autonomous_tb3 CONDA_PROMPT_MODIFIER=(ros_humble) /usr/bin/cmake /home/li/Work/Nav2_simple/src/ros2_patrol_robot/fishbot_navigation2 -DCMAKE_INSTALL_PREFIX=/home/li/Work/Nav2_simple/install/fishbot_navigation2
[0.554s] -- The C compiler identification is GNU 11.4.0
[0.599s] -- The CXX compiler identification is GNU 11.4.0
[0.607s] -- Detecting C compiler ABI info
[0.663s] -- Detecting C compiler ABI info - done
[0.668s] -- Check for working C compiler: /usr/bin/cc - skipped
[0.668s] -- Detecting C compile features
[0.668s] -- Detecting C compile features - done
[0.670s] -- Detecting CXX compiler ABI info
[0.734s] -- Detecting CXX compiler ABI info - done
[0.739s] -- Check for working CXX compiler: /usr/bin/c++ - skipped
[0.739s] -- Detecting CXX compile features
[0.740s] -- Detecting CXX compile features - done
[0.742s] -- Found ament_cmake: 1.3.11 (/opt/ros/humble/share/ament_cmake/cmake)
[1.022s] -- Found Python3: /home/li/miniconda3/envs/ros_humble/bin/python3 (found version "3.10.0") found components: Interpreter 
[1.104s] -- Found ament_lint_auto: 0.12.11 (/opt/ros/humble/share/ament_lint_auto/cmake)
[1.178s] -- Added test 'copyright' to check source files copyright and LICENSE
[1.179s] -- Added test 'flake8' to check Python code syntax and style conventions
[1.180s] -- Added test 'lint_cmake' to check CMake code style
[1.180s] -- Added test 'pep257' to check Python code against some of the docstring style conventions in PEP 257
[1.181s] -- Added test 'xmllint' to check XML markup files
[1.181s] -- Configuring done
[1.183s] -- Generating done
[1.184s] -- Build files have been written to: /home/li/Work/Nav2_simple/build/fishbot_navigation2
[1.187s] Invoked command in '/home/li/Work/Nav2_simple/build/fishbot_navigation2' returned '0': CMAKE_PREFIX_PATH=${CMAKE_PREFIX_PATH}:/home/li/Work/Nav2_simple/install/fishbot_application:/home/li/Work/Nav2_simple/install/autopatrol_robot:/home/li/Work/Nav2_simple/install/autonomous_tb3 CONDA_PROMPT_MODIFIER=(ros_humble) /usr/bin/cmake /home/li/Work/Nav2_simple/src/ros2_patrol_robot/fishbot_navigation2 -DCMAKE_INSTALL_PREFIX=/home/li/Work/Nav2_simple/install/fishbot_navigation2
[1.189s] Invoking command in '/home/li/Work/Nav2_simple/build/fishbot_navigation2': CMAKE_PREFIX_PATH=${CMAKE_PREFIX_PATH}:/home/li/Work/Nav2_simple/install/fishbot_application:/home/li/Work/Nav2_simple/install/autopatrol_robot:/home/li/Work/Nav2_simple/install/autonomous_tb3 CONDA_PROMPT_MODIFIER=(ros_humble) /usr/bin/cmake --build /home/li/Work/Nav2_simple/build/fishbot_navigation2 -- -j16 -l16
[1.231s] Invoked command in '/home/li/Work/Nav2_simple/build/fishbot_navigation2' returned '0': CMAKE_PREFIX_PATH=${CMAKE_PREFIX_PATH}:/home/li/Work/Nav2_simple/install/fishbot_application:/home/li/Work/Nav2_simple/install/autopatrol_robot:/home/li/Work/Nav2_simple/install/autonomous_tb3 CONDA_PROMPT_MODIFIER=(ros_humble) /usr/bin/cmake --build /home/li/Work/Nav2_simple/build/fishbot_navigation2 -- -j16 -l16
[1.239s] Invoking command in '/home/li/Work/Nav2_simple/build/fishbot_navigation2': CMAKE_PREFIX_PATH=${CMAKE_PREFIX_PATH}:/home/li/Work/Nav2_simple/install/fishbot_application:/home/li/Work/Nav2_simple/install/autopatrol_robot:/home/li/Work/Nav2_simple/install/autonomous_tb3 CONDA_PROMPT_MODIFIER=(ros_humble) /usr/bin/cmake --install /home/li/Work/Nav2_simple/build/fishbot_navigation2
[1.244s] -- Install configuration: ""
[1.244s] -- Installing: /home/li/Work/Nav2_simple/install/fishbot_navigation2/share/fishbot_navigation2/launch
[1.244s] -- Installing: /home/li/Work/Nav2_simple/install/fishbot_navigation2/share/fishbot_navigation2/launch/navigation2.launch.py
[1.244s] -- Installing: /home/li/Work/Nav2_simple/install/fishbot_navigation2/share/fishbot_navigation2/config
[1.245s] -- Installing: /home/li/Work/Nav2_simple/install/fishbot_navigation2/share/fishbot_navigation2/config/nav2_config _warn_localcostmap.yaml
[1.245s] -- Installing: /home/li/Work/Nav2_simple/install/fishbot_navigation2/share/fishbot_navigation2/config/nav2_params.yaml
[1.245s] -- Installing: /home/li/Work/Nav2_simple/install/fishbot_navigation2/share/fishbot_navigation2/config/nav2_config_error_full.yaml
[1.245s] -- Installing: /home/li/Work/Nav2_simple/install/fishbot_navigation2/share/fishbot_navigation2/config/nav2_config.yaml
[1.245s] -- Installing: /home/li/Work/Nav2_simple/install/fishbot_navigation2/share/fishbot_navigation2/maps
[1.245s] -- Installing: /home/li/Work/Nav2_simple/install/fishbot_navigation2/share/fishbot_navigation2/maps/room1_map.yaml
[1.245s] -- Installing: /home/li/Work/Nav2_simple/install/fishbot_navigation2/share/fishbot_navigation2/maps/room.yaml
[1.245s] -- Installing: /home/li/Work/Nav2_simple/install/fishbot_navigation2/share/fishbot_navigation2/maps/room.pgm
[1.245s] -- Installing: /home/li/Work/Nav2_simple/install/fishbot_navigation2/share/fishbot_navigation2/maps/room1_map.pgm
[1.245s] -- Installing: /home/li/Work/Nav2_simple/install/fishbot_navigation2/share/ament_index/resource_index/package_run_dependencies/fishbot_navigation2
[1.245s] -- Installing: /home/li/Work/Nav2_simple/install/fishbot_navigation2/share/ament_index/resource_index/parent_prefix_path/fishbot_navigation2
[1.245s] -- Installing: /home/li/Work/Nav2_simple/install/fishbot_navigation2/share/fishbot_navigation2/environment/ament_prefix_path.sh
[1.245s] -- Installing: /home/li/Work/Nav2_simple/install/fishbot_navigation2/share/fishbot_navigation2/environment/ament_prefix_path.dsv
[1.245s] -- Installing: /home/li/Work/Nav2_simple/install/fishbot_navigation2/share/fishbot_navigation2/environment/path.sh
[1.245s] -- Installing: /home/li/Work/Nav2_simple/install/fishbot_navigation2/share/fishbot_navigation2/environment/path.dsv
[1.246s] -- Installing: /home/li/Work/Nav2_simple/install/fishbot_navigation2/share/fishbot_navigation2/local_setup.bash
[1.246s] -- Installing: /home/li/Work/Nav2_simple/install/fishbot_navigation2/share/fishbot_navigation2/local_setup.sh
[1.246s] -- Installing: /home/li/Work/Nav2_simple/install/fishbot_navigation2/share/fishbot_navigation2/local_setup.zsh
[1.246s] -- Installing: /home/li/Work/Nav2_simple/install/fishbot_navigation2/share/fishbot_navigation2/local_setup.dsv
[1.246s] -- Installing: /home/li/Work/Nav2_simple/install/fishbot_navigation2/share/fishbot_navigation2/package.dsv
[1.246s] -- Installing: /home/li/Work/Nav2_simple/install/fishbot_navigation2/share/ament_index/resource_index/packages/fishbot_navigation2
[1.246s] -- Installing: /home/li/Work/Nav2_simple/install/fishbot_navigation2/share/fishbot_navigation2/cmake/fishbot_navigation2Config.cmake
[1.246s] -- Installing: /home/li/Work/Nav2_simple/install/fishbot_navigation2/share/fishbot_navigation2/cmake/fishbot_navigation2Config-version.cmake
[1.246s] -- Installing: /home/li/Work/Nav2_simple/install/fishbot_navigation2/share/fishbot_navigation2/package.xml
[1.248s] Invoked command in '/home/li/Work/Nav2_simple/build/fishbot_navigation2' returned '0': CMAKE_PREFIX_PATH=${CMAKE_PREFIX_PATH}:/home/li/Work/Nav2_simple/install/fishbot_application:/home/li/Work/Nav2_simple/install/autopatrol_robot:/home/li/Work/Nav2_simple/install/autonomous_tb3 CONDA_PROMPT_MODIFIER=(ros_humble) /usr/bin/cmake --install /home/li/Work/Nav2_simple/build/fishbot_navigation2
