[0.444s] Invoking command in '/home/li/Work/Nav2_simple/build/fishbot_application_cpp': CONDA_PROMPT_MODIFIER=(base) /usr/bin/cmake --build /home/li/Work/Nav2_simple/build/fishbot_application_cpp -- -j16 -l16
[0.498s] [ 50%] [32mBuilding CXX object CMakeFiles/nav2pose.dir/src/nav2pose.cpp.o[0m
[3.026s] [100%] [32m[1mLinking CXX executable nav2pose[0m
[3.173s] [100%] Built target nav2pose
[3.186s] Invoked command in '/home/li/Work/Nav2_simple/build/fishbot_application_cpp' returned '0': CONDA_PROMPT_MODIFIER=(base) /usr/bin/cmake --build /home/li/Work/Nav2_simple/build/fishbot_application_cpp -- -j16 -l16
[3.188s] Invoking command in '/home/li/Work/Nav2_simple/build/fishbot_application_cpp': CONDA_PROMPT_MODIFIER=(base) /usr/bin/cmake --install /home/li/Work/Nav2_simple/build/fishbot_application_cpp
[3.197s] -- Install configuration: ""
[3.197s] -- Installing: /home/li/Work/Nav2_simple/install/fishbot_application_cpp/lib/fishbot_application_cpp/nav2pose
[3.198s] -- Set runtime path of "/home/li/Work/Nav2_simple/install/fishbot_application_cpp/lib/fishbot_application_cpp/nav2pose" to ""
[3.198s] -- Installing: /home/li/Work/Nav2_simple/install/fishbot_application_cpp/share/ament_index/resource_index/package_run_dependencies/fishbot_application_cpp
[3.199s] -- Installing: /home/li/Work/Nav2_simple/install/fishbot_application_cpp/share/ament_index/resource_index/parent_prefix_path/fishbot_application_cpp
[3.199s] -- Installing: /home/li/Work/Nav2_simple/install/fishbot_application_cpp/share/fishbot_application_cpp/environment/ament_prefix_path.sh
[3.199s] -- Installing: /home/li/Work/Nav2_simple/install/fishbot_application_cpp/share/fishbot_application_cpp/environment/ament_prefix_path.dsv
[3.199s] -- Installing: /home/li/Work/Nav2_simple/install/fishbot_application_cpp/share/fishbot_application_cpp/environment/path.sh
[3.199s] -- Installing: /home/li/Work/Nav2_simple/install/fishbot_application_cpp/share/fishbot_application_cpp/environment/path.dsv
[3.199s] -- Installing: /home/li/Work/Nav2_simple/install/fishbot_application_cpp/share/fishbot_application_cpp/local_setup.bash
[3.200s] -- Installing: /home/li/Work/Nav2_simple/install/fishbot_application_cpp/share/fishbot_application_cpp/local_setup.sh
[3.200s] -- Installing: /home/li/Work/Nav2_simple/install/fishbot_application_cpp/share/fishbot_application_cpp/local_setup.zsh
[3.200s] -- Installing: /home/li/Work/Nav2_simple/install/fishbot_application_cpp/share/fishbot_application_cpp/local_setup.dsv
[3.200s] -- Installing: /home/li/Work/Nav2_simple/install/fishbot_application_cpp/share/fishbot_application_cpp/package.dsv
[3.200s] -- Installing: /home/li/Work/Nav2_simple/install/fishbot_application_cpp/share/ament_index/resource_index/packages/fishbot_application_cpp
[3.201s] -- Installing: /home/li/Work/Nav2_simple/install/fishbot_application_cpp/share/fishbot_application_cpp/cmake/fishbot_application_cppConfig.cmake
[3.201s] -- Installing: /home/li/Work/Nav2_simple/install/fishbot_application_cpp/share/fishbot_application_cpp/cmake/fishbot_application_cppConfig-version.cmake
[3.201s] -- Installing: /home/li/Work/Nav2_simple/install/fishbot_application_cpp/share/fishbot_application_cpp/package.xml
[3.204s] Invoked command in '/home/li/Work/Nav2_simple/build/fishbot_application_cpp' returned '0': CONDA_PROMPT_MODIFIER=(base) /usr/bin/cmake --install /home/li/Work/Nav2_simple/build/fishbot_application_cpp
