[0.530s] Invoking command in '/home/li/Work/Nav2_simple/build/fishbot_navigation2': CMAKE_PREFIX_PATH=${CMAKE_PREFIX_PATH}:/home/li/Work/Nav2_simple/install/fishbot_application:/home/li/Work/Nav2_simple/install/autopatrol_robot:/home/li/Work/Nav2_simple/install/autonomous_tb3 CONDA_PROMPT_MODIFIER=(ros_humble) /usr/bin/cmake --build /home/li/Work/Nav2_simple/build/fishbot_navigation2 -- -j16 -l16
[0.561s] Invoked command in '/home/li/Work/Nav2_simple/build/fishbot_navigation2' returned '0': CMAKE_PREFIX_PATH=${CMAKE_PREFIX_PATH}:/home/li/Work/Nav2_simple/install/fishbot_application:/home/li/Work/Nav2_simple/install/autopatrol_robot:/home/li/Work/Nav2_simple/install/autonomous_tb3 CONDA_PROMPT_MODIFIER=(ros_humble) /usr/bin/cmake --build /home/li/Work/Nav2_simple/build/fishbot_navigation2 -- -j16 -l16
[0.563s] Invoking command in '/home/li/Work/Nav2_simple/build/fishbot_navigation2': CMAKE_PREFIX_PATH=${CMAKE_PREFIX_PATH}:/home/li/Work/Nav2_simple/install/fishbot_application:/home/li/Work/Nav2_simple/install/autopatrol_robot:/home/li/Work/Nav2_simple/install/autonomous_tb3 CONDA_PROMPT_MODIFIER=(ros_humble) /usr/bin/cmake --install /home/li/Work/Nav2_simple/build/fishbot_navigation2
[0.571s] -- Install configuration: ""
[0.571s] -- Installing: /home/li/Work/Nav2_simple/install/fishbot_navigation2/share/fishbot_navigation2/launch
[0.571s] -- Installing: /home/li/Work/Nav2_simple/install/fishbot_navigation2/share/fishbot_navigation2/launch/navigation2.launch.py
[0.571s] -- Installing: /home/li/Work/Nav2_simple/install/fishbot_navigation2/share/fishbot_navigation2/config
[0.571s] -- Installing: /home/li/Work/Nav2_simple/install/fishbot_navigation2/share/fishbot_navigation2/config/nav2_config _warn_localcostmap.yaml
[0.571s] -- Installing: /home/li/Work/Nav2_simple/install/fishbot_navigation2/share/fishbot_navigation2/config/nav2_params.yaml
[0.571s] -- Installing: /home/li/Work/Nav2_simple/install/fishbot_navigation2/share/fishbot_navigation2/config/nav2_config_error_full.yaml
[0.571s] -- Installing: /home/li/Work/Nav2_simple/install/fishbot_navigation2/share/fishbot_navigation2/config/nav2_config.yaml
[0.571s] -- Installing: /home/li/Work/Nav2_simple/install/fishbot_navigation2/share/fishbot_navigation2/maps
[0.571s] -- Installing: /home/li/Work/Nav2_simple/install/fishbot_navigation2/share/fishbot_navigation2/maps/room1_map.yaml
[0.571s] -- Installing: /home/li/Work/Nav2_simple/install/fishbot_navigation2/share/fishbot_navigation2/maps/room.yaml
[0.571s] -- Installing: /home/li/Work/Nav2_simple/install/fishbot_navigation2/share/fishbot_navigation2/maps/room.pgm
[0.571s] -- Installing: /home/li/Work/Nav2_simple/install/fishbot_navigation2/share/fishbot_navigation2/maps/room1_map.pgm
[0.571s] -- Installing: /home/li/Work/Nav2_simple/install/fishbot_navigation2/share/ament_index/resource_index/package_run_dependencies/fishbot_navigation2
[0.571s] -- Installing: /home/li/Work/Nav2_simple/install/fishbot_navigation2/share/ament_index/resource_index/parent_prefix_path/fishbot_navigation2
[0.572s] -- Installing: /home/li/Work/Nav2_simple/install/fishbot_navigation2/share/fishbot_navigation2/environment/ament_prefix_path.sh
[0.572s] -- Installing: /home/li/Work/Nav2_simple/install/fishbot_navigation2/share/fishbot_navigation2/environment/ament_prefix_path.dsv
[0.572s] -- Installing: /home/li/Work/Nav2_simple/install/fishbot_navigation2/share/fishbot_navigation2/environment/path.sh
[0.572s] -- Installing: /home/li/Work/Nav2_simple/install/fishbot_navigation2/share/fishbot_navigation2/environment/path.dsv
[0.572s] -- Installing: /home/li/Work/Nav2_simple/install/fishbot_navigation2/share/fishbot_navigation2/local_setup.bash
[0.572s] -- Installing: /home/li/Work/Nav2_simple/install/fishbot_navigation2/share/fishbot_navigation2/local_setup.sh
[0.572s] -- Installing: /home/li/Work/Nav2_simple/install/fishbot_navigation2/share/fishbot_navigation2/local_setup.zsh
[0.572s] -- Installing: /home/li/Work/Nav2_simple/install/fishbot_navigation2/share/fishbot_navigation2/local_setup.dsv
[0.573s] -- Installing: /home/li/Work/Nav2_simple/install/fishbot_navigation2/share/fishbot_navigation2/package.dsv
[0.573s] -- Installing: /home/li/Work/Nav2_simple/install/fishbot_navigation2/share/ament_index/resource_index/packages/fishbot_navigation2
[0.573s] -- Installing: /home/li/Work/Nav2_simple/install/fishbot_navigation2/share/fishbot_navigation2/cmake/fishbot_navigation2Config.cmake
[0.573s] -- Installing: /home/li/Work/Nav2_simple/install/fishbot_navigation2/share/fishbot_navigation2/cmake/fishbot_navigation2Config-version.cmake
[0.573s] -- Installing: /home/li/Work/Nav2_simple/install/fishbot_navigation2/share/fishbot_navigation2/package.xml
[0.574s] Invoked command in '/home/li/Work/Nav2_simple/build/fishbot_navigation2' returned '0': CMAKE_PREFIX_PATH=${CMAKE_PREFIX_PATH}:/home/li/Work/Nav2_simple/install/fishbot_application:/home/li/Work/Nav2_simple/install/autopatrol_robot:/home/li/Work/Nav2_simple/install/autonomous_tb3 CONDA_PROMPT_MODIFIER=(ros_humble) /usr/bin/cmake --install /home/li/Work/Nav2_simple/build/fishbot_navigation2
