[0.188s] Invoking command in '/home/li/Work/Nav2_simple/build/autopatrol_interfaces': CMAKE_PREFIX_PATH=${CMAKE_PREFIX_PATH}:/home/li/Work/Nav2_simple/install/fishbot_application:/home/li/Work/Nav2_simple/install/autopatrol_robot:/home/li/Work/Nav2_simple/install/autonomous_tb3 CONDA_PROMPT_MODIFIER=(ros_humble) /usr/bin/cmake /home/li/Work/Nav2_simple/src/ros2_patrol_robot/autopatrol_interfaces -DCMAKE_INSTALL_PREFIX=/home/li/Work/Nav2_simple/install/autopatrol_interfaces
[0.519s] -- The C compiler identification is GNU 11.4.0
[0.519s] -- The CXX compiler identification is GNU 11.4.0
[0.519s] -- Detecting C compiler ABI info
[0.519s] -- Detecting C compiler ABI info - done
[0.519s] -- Check for working C compiler: /usr/bin/cc - skipped
[0.519s] -- Detecting C compile features
[0.519s] -- Detecting C compile features - done
[0.519s] -- Detecting CXX compiler ABI info
[0.519s] -- Detecting CXX compiler ABI info - done
[0.519s] -- Check for working CXX compiler: /usr/bin/c++ - skipped
[0.519s] -- Detecting CXX compile features
[0.519s] -- Detecting CXX compile features - done
[0.520s] -- Found ament_cmake: 1.3.11 (/opt/ros/humble/share/ament_cmake/cmake)
[0.688s] -- Found Python3: /home/li/miniconda3/envs/ros_humble/bin/python3 (found version "3.10.0") found components: Interpreter 
[0.757s] -- Found rosidl_default_generators: 1.2.0 (/opt/ros/humble/share/rosidl_default_generators/cmake)
[0.760s] -- Using all available rosidl_typesupport_c: rosidl_typesupport_fastrtps_c;rosidl_typesupport_introspection_c
[0.765s] -- Found rosidl_adapter: 3.1.6 (/opt/ros/humble/share/rosidl_adapter/cmake)
[0.797s] -- Using all available rosidl_typesupport_cpp: rosidl_typesupport_fastrtps_cpp;rosidl_typesupport_introspection_cpp
[1.022s] -- Found ament_cmake_ros: 0.10.0 (/opt/ros/humble/share/ament_cmake_ros/cmake)
[1.170s] -- Using all available rosidl_typesupport_c: rosidl_typesupport_fastrtps_c;rosidl_typesupport_introspection_c
[1.352s] -- Using all available rosidl_typesupport_cpp: rosidl_typesupport_fastrtps_cpp;rosidl_typesupport_introspection_cpp
[1.366s] -- Found PythonInterp: /home/li/miniconda3/envs/ros_humble/bin/python3 (found suitable version "3.10", minimum required is "3.6") 
[1.368s] -- Found python_cmake_module: 0.10.0 (/opt/ros/humble/share/python_cmake_module/cmake)
[1.382s] -- Found PythonLibs: /home/li/miniconda3/envs/ros_humble/lib/libpython3.10.so (found suitable version "3.10.0", minimum required is "3.5") 
[1.382s] -- Using PYTHON_EXECUTABLE: /home/li/miniconda3/envs/ros_humble/bin/python3
[1.382s] -- Using PYTHON_INCLUDE_DIRS: /home/li/miniconda3/envs/ros_humble/include/python3.10
[1.382s] -- Using PYTHON_LIBRARIES: /home/li/miniconda3/envs/ros_humble/lib/libpython3.10.so
[1.397s] -- Found PythonExtra: .so  
[1.538s] -- Using numpy include directory: /home/li/miniconda3/envs/ros_humble/lib/python3.10/site-packages/numpy/_core/include
[1.544s] -- Found ament_lint_auto: 0.12.11 (/opt/ros/humble/share/ament_lint_auto/cmake)
[1.559s] -- Added test 'lint_cmake' to check CMake code style
[1.559s] -- Added test 'xmllint' to check XML markup files
[1.561s] -- Configuring done
[1.576s] -- Generating done
[1.582s] -- Build files have been written to: /home/li/Work/Nav2_simple/build/autopatrol_interfaces
