/home/li/Work/Nav2_simple/install/autopatrol_robot/lib/python3.10/site-packages/autopatrol_robot/patrol_node.py
/home/li/Work/Nav2_simple/install/autopatrol_robot/lib/python3.10/site-packages/autopatrol_robot/speaker.py
/home/li/Work/Nav2_simple/install/autopatrol_robot/lib/python3.10/site-packages/autopatrol_robot/__init__.py
/home/li/Work/Nav2_simple/install/autopatrol_robot/lib/python3.10/site-packages/autopatrol_robot/__pycache__/patrol_node.cpython-310.pyc
/home/li/Work/Nav2_simple/install/autopatrol_robot/lib/python3.10/site-packages/autopatrol_robot/__pycache__/speaker.cpython-310.pyc
/home/li/Work/Nav2_simple/install/autopatrol_robot/lib/python3.10/site-packages/autopatrol_robot/__pycache__/__init__.cpython-310.pyc
/home/li/Work/Nav2_simple/install/autopatrol_robot/share/ament_index/resource_index/packages/autopatrol_robot
/home/li/Work/Nav2_simple/install/autopatrol_robot/share/autopatrol_robot/package.xml
/home/li/Work/Nav2_simple/install/autopatrol_robot/share/autopatrol_robot/config/patrol_config.yaml
/home/li/Work/Nav2_simple/install/autopatrol_robot/share/autopatrol_robot/launch/autopatrol.launch.py
/home/li/Work/Nav2_simple/install/autopatrol_robot/lib/python3.10/site-packages/autopatrol_robot-0.0.0-py3.10.egg-info/entry_points.txt
/home/li/Work/Nav2_simple/install/autopatrol_robot/lib/python3.10/site-packages/autopatrol_robot-0.0.0-py3.10.egg-info/top_level.txt
/home/li/Work/Nav2_simple/install/autopatrol_robot/lib/python3.10/site-packages/autopatrol_robot-0.0.0-py3.10.egg-info/zip-safe
/home/li/Work/Nav2_simple/install/autopatrol_robot/lib/python3.10/site-packages/autopatrol_robot-0.0.0-py3.10.egg-info/dependency_links.txt
/home/li/Work/Nav2_simple/install/autopatrol_robot/lib/python3.10/site-packages/autopatrol_robot-0.0.0-py3.10.egg-info/requires.txt
/home/li/Work/Nav2_simple/install/autopatrol_robot/lib/python3.10/site-packages/autopatrol_robot-0.0.0-py3.10.egg-info/SOURCES.txt
/home/li/Work/Nav2_simple/install/autopatrol_robot/lib/python3.10/site-packages/autopatrol_robot-0.0.0-py3.10.egg-info/PKG-INFO
/home/li/Work/Nav2_simple/install/autopatrol_robot/lib/autopatrol_robot/param_test
/home/li/Work/Nav2_simple/install/autopatrol_robot/lib/autopatrol_robot/patrol_node
/home/li/Work/Nav2_simple/install/autopatrol_robot/lib/autopatrol_robot/speaker
