[35m[1mConsolidate compiler generated dependencies of target autopatrol_interfaces__rosidl_generator_c[0m
[  9%] Built target autopatrol_interfaces__rosidl_generator_c
[ 12%] Built target autopatrol_interfaces__cpp
[ 12%] Built target ament_cmake_python_copy_autopatrol_interfaces
[35m[1mConsolidate compiler generated dependencies of target autopatrol_interfaces__rosidl_typesupport_fastrtps_c[0m
[35m[1mConsolidate compiler generated dependencies of target autopatrol_interfaces__rosidl_typesupport_c[0m
[35m[1mConsolidate compiler generated dependencies of target autopatrol_interfaces__rosidl_typesupport_introspection_c[0m
[35m[1mConsolidate compiler generated dependencies of target autopatrol_interfaces__rosidl_typesupport_introspection_cpp[0m
[35m[1mConsolidate compiler generated dependencies of target autopatrol_interfaces__rosidl_typesupport_cpp[0m
[35m[1mConsolidate compiler generated dependencies of target autopatrol_interfaces__rosidl_typesupport_fastrtps_cpp[0m
[ 22%] Built target autopatrol_interfaces__rosidl_typesupport_c
[ 32%] Built target autopatrol_interfaces__rosidl_typesupport_introspection_c
[ 41%] Built target autopatrol_interfaces__rosidl_typesupport_fastrtps_c
[ 51%] Built target autopatrol_interfaces__rosidl_typesupport_introspection_cpp
[ 61%] Built target autopatrol_interfaces__rosidl_typesupport_cpp
[ 70%] Built target autopatrol_interfaces__rosidl_typesupport_fastrtps_cpp
[ 70%] Built target autopatrol_interfaces
[ 74%] Built target autopatrol_interfaces__py
[35m[1mConsolidate compiler generated dependencies of target autopatrol_interfaces__rosidl_generator_py[0m
[ 80%] Built target autopatrol_interfaces__rosidl_generator_py
[35m[1mConsolidate compiler generated dependencies of target autopatrol_interfaces__rosidl_typesupport_c__pyext[0m
[35m[1mConsolidate compiler generated dependencies of target autopatrol_interfaces__rosidl_typesupport_fastrtps_c__pyext[0m
[35m[1mConsolidate compiler generated dependencies of target autopatrol_interfaces__rosidl_typesupport_introspection_c__pyext[0m
[ 87%] Built target autopatrol_interfaces__rosidl_typesupport_fastrtps_c__pyext
[ 93%] Built target autopatrol_interfaces__rosidl_typesupport_introspection_c__pyext
[100%] Built target autopatrol_interfaces__rosidl_typesupport_c__pyext
running egg_info
writing autopatrol_interfaces.egg-info/PKG-INFO
writing dependency_links to autopatrol_interfaces.egg-info/dependency_links.txt
writing top-level names to autopatrol_interfaces.egg-info/top_level.txt
reading manifest file 'autopatrol_interfaces.egg-info/SOURCES.txt'
writing manifest file 'autopatrol_interfaces.egg-info/SOURCES.txt'
[100%] Built target ament_cmake_python_build_autopatrol_interfaces_egg
-- Install configuration: ""
-- Installing: /home/li/Work/Nav2_simple/install/autopatrol_interfaces/share/ament_index/resource_index/rosidl_interfaces/autopatrol_interfaces
-- Installing: /home/li/Work/Nav2_simple/install/autopatrol_interfaces/include/autopatrol_interfaces/autopatrol_interfaces
-- Installing: /home/li/Work/Nav2_simple/install/autopatrol_interfaces/include/autopatrol_interfaces/autopatrol_interfaces/msg
-- Installing: /home/li/Work/Nav2_simple/install/autopatrol_interfaces/include/autopatrol_interfaces/autopatrol_interfaces/msg/rosidl_generator_c__visibility_control.h
-- Installing: /home/li/Work/Nav2_simple/install/autopatrol_interfaces/include/autopatrol_interfaces/autopatrol_interfaces/srv
-- Installing: /home/li/Work/Nav2_simple/install/autopatrol_interfaces/include/autopatrol_interfaces/autopatrol_interfaces/srv/speach_text.h
-- Installing: /home/li/Work/Nav2_simple/install/autopatrol_interfaces/include/autopatrol_interfaces/autopatrol_interfaces/srv/detail
-- Installing: /home/li/Work/Nav2_simple/install/autopatrol_interfaces/include/autopatrol_interfaces/autopatrol_interfaces/srv/detail/speach_text__functions.c
-- Installing: /home/li/Work/Nav2_simple/install/autopatrol_interfaces/include/autopatrol_interfaces/autopatrol_interfaces/srv/detail/speach_text__type_support.h
-- Installing: /home/li/Work/Nav2_simple/install/autopatrol_interfaces/include/autopatrol_interfaces/autopatrol_interfaces/srv/detail/speach_text__struct.h
-- Installing: /home/li/Work/Nav2_simple/install/autopatrol_interfaces/include/autopatrol_interfaces/autopatrol_interfaces/srv/detail/speach_text__functions.h
-- Installing: /home/li/Work/Nav2_simple/install/autopatrol_interfaces/share/autopatrol_interfaces/environment/library_path.sh
-- Installing: /home/li/Work/Nav2_simple/install/autopatrol_interfaces/share/autopatrol_interfaces/environment/library_path.dsv
-- Installing: /home/li/Work/Nav2_simple/install/autopatrol_interfaces/lib/libautopatrol_interfaces__rosidl_generator_c.so
-- Set runtime path of "/home/li/Work/Nav2_simple/install/autopatrol_interfaces/lib/libautopatrol_interfaces__rosidl_generator_c.so" to ""
-- Up-to-date: /home/li/Work/Nav2_simple/install/autopatrol_interfaces/include/autopatrol_interfaces/autopatrol_interfaces
-- Up-to-date: /home/li/Work/Nav2_simple/install/autopatrol_interfaces/include/autopatrol_interfaces/autopatrol_interfaces/msg
-- Installing: /home/li/Work/Nav2_simple/install/autopatrol_interfaces/include/autopatrol_interfaces/autopatrol_interfaces/msg/rosidl_typesupport_fastrtps_c__visibility_control.h
-- Up-to-date: /home/li/Work/Nav2_simple/install/autopatrol_interfaces/include/autopatrol_interfaces/autopatrol_interfaces/srv
-- Up-to-date: /home/li/Work/Nav2_simple/install/autopatrol_interfaces/include/autopatrol_interfaces/autopatrol_interfaces/srv/detail
-- Installing: /home/li/Work/Nav2_simple/install/autopatrol_interfaces/include/autopatrol_interfaces/autopatrol_interfaces/srv/detail/speach_text__rosidl_typesupport_fastrtps_c.h
-- Installing: /home/li/Work/Nav2_simple/install/autopatrol_interfaces/lib/libautopatrol_interfaces__rosidl_typesupport_fastrtps_c.so
-- Set runtime path of "/home/li/Work/Nav2_simple/install/autopatrol_interfaces/lib/libautopatrol_interfaces__rosidl_typesupport_fastrtps_c.so" to ""
-- Up-to-date: /home/li/Work/Nav2_simple/install/autopatrol_interfaces/include/autopatrol_interfaces/autopatrol_interfaces
-- Up-to-date: /home/li/Work/Nav2_simple/install/autopatrol_interfaces/include/autopatrol_interfaces/autopatrol_interfaces/msg
-- Installing: /home/li/Work/Nav2_simple/install/autopatrol_interfaces/include/autopatrol_interfaces/autopatrol_interfaces/msg/rosidl_typesupport_introspection_c__visibility_control.h
-- Up-to-date: /home/li/Work/Nav2_simple/install/autopatrol_interfaces/include/autopatrol_interfaces/autopatrol_interfaces/srv
-- Up-to-date: /home/li/Work/Nav2_simple/install/autopatrol_interfaces/include/autopatrol_interfaces/autopatrol_interfaces/srv/detail
-- Installing: /home/li/Work/Nav2_simple/install/autopatrol_interfaces/include/autopatrol_interfaces/autopatrol_interfaces/srv/detail/speach_text__rosidl_typesupport_introspection_c.h
-- Installing: /home/li/Work/Nav2_simple/install/autopatrol_interfaces/include/autopatrol_interfaces/autopatrol_interfaces/srv/detail/speach_text__type_support.c
-- Installing: /home/li/Work/Nav2_simple/install/autopatrol_interfaces/lib/libautopatrol_interfaces__rosidl_typesupport_introspection_c.so
-- Set runtime path of "/home/li/Work/Nav2_simple/install/autopatrol_interfaces/lib/libautopatrol_interfaces__rosidl_typesupport_introspection_c.so" to ""
-- Installing: /home/li/Work/Nav2_simple/install/autopatrol_interfaces/lib/libautopatrol_interfaces__rosidl_typesupport_c.so
-- Set runtime path of "/home/li/Work/Nav2_simple/install/autopatrol_interfaces/lib/libautopatrol_interfaces__rosidl_typesupport_c.so" to ""
-- Up-to-date: /home/li/Work/Nav2_simple/install/autopatrol_interfaces/include/autopatrol_interfaces/autopatrol_interfaces
-- Up-to-date: /home/li/Work/Nav2_simple/install/autopatrol_interfaces/include/autopatrol_interfaces/autopatrol_interfaces/msg
-- Installing: /home/li/Work/Nav2_simple/install/autopatrol_interfaces/include/autopatrol_interfaces/autopatrol_interfaces/msg/rosidl_generator_cpp__visibility_control.hpp
-- Up-to-date: /home/li/Work/Nav2_simple/install/autopatrol_interfaces/include/autopatrol_interfaces/autopatrol_interfaces/srv
-- Up-to-date: /home/li/Work/Nav2_simple/install/autopatrol_interfaces/include/autopatrol_interfaces/autopatrol_interfaces/srv/detail
-- Installing: /home/li/Work/Nav2_simple/install/autopatrol_interfaces/include/autopatrol_interfaces/autopatrol_interfaces/srv/detail/speach_text__struct.hpp
-- Installing: /home/li/Work/Nav2_simple/install/autopatrol_interfaces/include/autopatrol_interfaces/autopatrol_interfaces/srv/detail/speach_text__type_support.hpp
-- Installing: /home/li/Work/Nav2_simple/install/autopatrol_interfaces/include/autopatrol_interfaces/autopatrol_interfaces/srv/detail/speach_text__builder.hpp
-- Installing: /home/li/Work/Nav2_simple/install/autopatrol_interfaces/include/autopatrol_interfaces/autopatrol_interfaces/srv/detail/speach_text__traits.hpp
-- Installing: /home/li/Work/Nav2_simple/install/autopatrol_interfaces/include/autopatrol_interfaces/autopatrol_interfaces/srv/speach_text.hpp
-- Up-to-date: /home/li/Work/Nav2_simple/install/autopatrol_interfaces/include/autopatrol_interfaces/autopatrol_interfaces
-- Up-to-date: /home/li/Work/Nav2_simple/install/autopatrol_interfaces/include/autopatrol_interfaces/autopatrol_interfaces/msg
-- Installing: /home/li/Work/Nav2_simple/install/autopatrol_interfaces/include/autopatrol_interfaces/autopatrol_interfaces/msg/rosidl_typesupport_fastrtps_cpp__visibility_control.h
-- Up-to-date: /home/li/Work/Nav2_simple/install/autopatrol_interfaces/include/autopatrol_interfaces/autopatrol_interfaces/srv
-- Up-to-date: /home/li/Work/Nav2_simple/install/autopatrol_interfaces/include/autopatrol_interfaces/autopatrol_interfaces/srv/detail
-- Installing: /home/li/Work/Nav2_simple/install/autopatrol_interfaces/include/autopatrol_interfaces/autopatrol_interfaces/srv/detail/dds_fastrtps
-- Installing: /home/li/Work/Nav2_simple/install/autopatrol_interfaces/include/autopatrol_interfaces/autopatrol_interfaces/srv/detail/speach_text__rosidl_typesupport_fastrtps_cpp.hpp
-- Installing: /home/li/Work/Nav2_simple/install/autopatrol_interfaces/lib/libautopatrol_interfaces__rosidl_typesupport_fastrtps_cpp.so
-- Set runtime path of "/home/li/Work/Nav2_simple/install/autopatrol_interfaces/lib/libautopatrol_interfaces__rosidl_typesupport_fastrtps_cpp.so" to ""
-- Up-to-date: /home/li/Work/Nav2_simple/install/autopatrol_interfaces/include/autopatrol_interfaces/autopatrol_interfaces
-- Up-to-date: /home/li/Work/Nav2_simple/install/autopatrol_interfaces/include/autopatrol_interfaces/autopatrol_interfaces/srv
-- Up-to-date: /home/li/Work/Nav2_simple/install/autopatrol_interfaces/include/autopatrol_interfaces/autopatrol_interfaces/srv/detail
-- Installing: /home/li/Work/Nav2_simple/install/autopatrol_interfaces/include/autopatrol_interfaces/autopatrol_interfaces/srv/detail/speach_text__rosidl_typesupport_introspection_cpp.hpp
-- Installing: /home/li/Work/Nav2_simple/install/autopatrol_interfaces/include/autopatrol_interfaces/autopatrol_interfaces/srv/detail/speach_text__type_support.cpp
-- Installing: /home/li/Work/Nav2_simple/install/autopatrol_interfaces/lib/libautopatrol_interfaces__rosidl_typesupport_introspection_cpp.so
-- Set runtime path of "/home/li/Work/Nav2_simple/install/autopatrol_interfaces/lib/libautopatrol_interfaces__rosidl_typesupport_introspection_cpp.so" to ""
-- Installing: /home/li/Work/Nav2_simple/install/autopatrol_interfaces/lib/libautopatrol_interfaces__rosidl_typesupport_cpp.so
-- Set runtime path of "/home/li/Work/Nav2_simple/install/autopatrol_interfaces/lib/libautopatrol_interfaces__rosidl_typesupport_cpp.so" to ""
-- Installing: /home/li/Work/Nav2_simple/install/autopatrol_interfaces/share/autopatrol_interfaces/environment/pythonpath.sh
-- Installing: /home/li/Work/Nav2_simple/install/autopatrol_interfaces/share/autopatrol_interfaces/environment/pythonpath.dsv
-- Installing: /home/li/Work/Nav2_simple/install/autopatrol_interfaces/lib/python3.10/site-packages/autopatrol_interfaces-0.0.0-py3.10.egg-info
-- Installing: /home/li/Work/Nav2_simple/install/autopatrol_interfaces/lib/python3.10/site-packages/autopatrol_interfaces-0.0.0-py3.10.egg-info/top_level.txt
-- Installing: /home/li/Work/Nav2_simple/install/autopatrol_interfaces/lib/python3.10/site-packages/autopatrol_interfaces-0.0.0-py3.10.egg-info/dependency_links.txt
-- Installing: /home/li/Work/Nav2_simple/install/autopatrol_interfaces/lib/python3.10/site-packages/autopatrol_interfaces-0.0.0-py3.10.egg-info/SOURCES.txt
-- Installing: /home/li/Work/Nav2_simple/install/autopatrol_interfaces/lib/python3.10/site-packages/autopatrol_interfaces-0.0.0-py3.10.egg-info/PKG-INFO
-- Installing: /home/li/Work/Nav2_simple/install/autopatrol_interfaces/lib/python3.10/site-packages/autopatrol_interfaces
-- Installing: /home/li/Work/Nav2_simple/install/autopatrol_interfaces/lib/python3.10/site-packages/autopatrol_interfaces/autopatrol_interfaces_s__rosidl_typesupport_introspection_c.cpython-310-x86_64-linux-gnu.so
-- Installing: /home/li/Work/Nav2_simple/install/autopatrol_interfaces/lib/python3.10/site-packages/autopatrol_interfaces/autopatrol_interfaces_s__rosidl_typesupport_c.cpython-310-x86_64-linux-gnu.so
-- Installing: /home/li/Work/Nav2_simple/install/autopatrol_interfaces/lib/python3.10/site-packages/autopatrol_interfaces/srv
-- Installing: /home/li/Work/Nav2_simple/install/autopatrol_interfaces/lib/python3.10/site-packages/autopatrol_interfaces/srv/_speach_text.py
-- Installing: /home/li/Work/Nav2_simple/install/autopatrol_interfaces/lib/python3.10/site-packages/autopatrol_interfaces/srv/__init__.py
-- Installing: /home/li/Work/Nav2_simple/install/autopatrol_interfaces/lib/python3.10/site-packages/autopatrol_interfaces/srv/_speach_text_s.c
-- Installing: /home/li/Work/Nav2_simple/install/autopatrol_interfaces/lib/python3.10/site-packages/autopatrol_interfaces/libautopatrol_interfaces__rosidl_generator_py.so
-- Installing: /home/li/Work/Nav2_simple/install/autopatrol_interfaces/lib/python3.10/site-packages/autopatrol_interfaces/_autopatrol_interfaces_s.ep.rosidl_typesupport_introspection_c.c
-- Installing: /home/li/Work/Nav2_simple/install/autopatrol_interfaces/lib/python3.10/site-packages/autopatrol_interfaces/_autopatrol_interfaces_s.ep.rosidl_typesupport_fastrtps_c.c
-- Installing: /home/li/Work/Nav2_simple/install/autopatrol_interfaces/lib/python3.10/site-packages/autopatrol_interfaces/autopatrol_interfaces_s__rosidl_typesupport_fastrtps_c.cpython-310-x86_64-linux-gnu.so
-- Installing: /home/li/Work/Nav2_simple/install/autopatrol_interfaces/lib/python3.10/site-packages/autopatrol_interfaces/__init__.py
-- Installing: /home/li/Work/Nav2_simple/install/autopatrol_interfaces/lib/python3.10/site-packages/autopatrol_interfaces/_autopatrol_interfaces_s.ep.rosidl_typesupport_c.c
Listing '/home/li/Work/Nav2_simple/install/autopatrol_interfaces/lib/python3.10/site-packages/autopatrol_interfaces'...
Compiling '/home/li/Work/Nav2_simple/install/autopatrol_interfaces/lib/python3.10/site-packages/autopatrol_interfaces/__init__.py'...
Listing '/home/li/Work/Nav2_simple/install/autopatrol_interfaces/lib/python3.10/site-packages/autopatrol_interfaces/srv'...
Compiling '/home/li/Work/Nav2_simple/install/autopatrol_interfaces/lib/python3.10/site-packages/autopatrol_interfaces/srv/__init__.py'...
Compiling '/home/li/Work/Nav2_simple/install/autopatrol_interfaces/lib/python3.10/site-packages/autopatrol_interfaces/srv/_speach_text.py'...
-- Installing: /home/li/Work/Nav2_simple/install/autopatrol_interfaces/lib/python3.10/site-packages/autopatrol_interfaces/autopatrol_interfaces_s__rosidl_typesupport_fastrtps_c.cpython-310-x86_64-linux-gnu.so
-- Set runtime path of "/home/li/Work/Nav2_simple/install/autopatrol_interfaces/lib/python3.10/site-packages/autopatrol_interfaces/autopatrol_interfaces_s__rosidl_typesupport_fastrtps_c.cpython-310-x86_64-linux-gnu.so" to ""
-- Installing: /home/li/Work/Nav2_simple/install/autopatrol_interfaces/lib/python3.10/site-packages/autopatrol_interfaces/autopatrol_interfaces_s__rosidl_typesupport_introspection_c.cpython-310-x86_64-linux-gnu.so
-- Set runtime path of "/home/li/Work/Nav2_simple/install/autopatrol_interfaces/lib/python3.10/site-packages/autopatrol_interfaces/autopatrol_interfaces_s__rosidl_typesupport_introspection_c.cpython-310-x86_64-linux-gnu.so" to ""
-- Installing: /home/li/Work/Nav2_simple/install/autopatrol_interfaces/lib/python3.10/site-packages/autopatrol_interfaces/autopatrol_interfaces_s__rosidl_typesupport_c.cpython-310-x86_64-linux-gnu.so
-- Set runtime path of "/home/li/Work/Nav2_simple/install/autopatrol_interfaces/lib/python3.10/site-packages/autopatrol_interfaces/autopatrol_interfaces_s__rosidl_typesupport_c.cpython-310-x86_64-linux-gnu.so" to ""
-- Installing: /home/li/Work/Nav2_simple/install/autopatrol_interfaces/lib/libautopatrol_interfaces__rosidl_generator_py.so
-- Set runtime path of "/home/li/Work/Nav2_simple/install/autopatrol_interfaces/lib/libautopatrol_interfaces__rosidl_generator_py.so" to ""
-- Installing: /home/li/Work/Nav2_simple/install/autopatrol_interfaces/share/autopatrol_interfaces/srv/SpeachText.idl
-- Installing: /home/li/Work/Nav2_simple/install/autopatrol_interfaces/share/autopatrol_interfaces/srv/SpeachText.srv
-- Installing: /home/li/Work/Nav2_simple/install/autopatrol_interfaces/share/autopatrol_interfaces/srv/SpeachText_Request.msg
-- Installing: /home/li/Work/Nav2_simple/install/autopatrol_interfaces/share/autopatrol_interfaces/srv/SpeachText_Response.msg
-- Installing: /home/li/Work/Nav2_simple/install/autopatrol_interfaces/share/ament_index/resource_index/package_run_dependencies/autopatrol_interfaces
-- Installing: /home/li/Work/Nav2_simple/install/autopatrol_interfaces/share/ament_index/resource_index/parent_prefix_path/autopatrol_interfaces
-- Installing: /home/li/Work/Nav2_simple/install/autopatrol_interfaces/share/autopatrol_interfaces/environment/ament_prefix_path.sh
-- Installing: /home/li/Work/Nav2_simple/install/autopatrol_interfaces/share/autopatrol_interfaces/environment/ament_prefix_path.dsv
-- Installing: /home/li/Work/Nav2_simple/install/autopatrol_interfaces/share/autopatrol_interfaces/environment/path.sh
-- Installing: /home/li/Work/Nav2_simple/install/autopatrol_interfaces/share/autopatrol_interfaces/environment/path.dsv
-- Installing: /home/li/Work/Nav2_simple/install/autopatrol_interfaces/share/autopatrol_interfaces/local_setup.bash
-- Installing: /home/li/Work/Nav2_simple/install/autopatrol_interfaces/share/autopatrol_interfaces/local_setup.sh
-- Installing: /home/li/Work/Nav2_simple/install/autopatrol_interfaces/share/autopatrol_interfaces/local_setup.zsh
-- Installing: /home/li/Work/Nav2_simple/install/autopatrol_interfaces/share/autopatrol_interfaces/local_setup.dsv
-- Installing: /home/li/Work/Nav2_simple/install/autopatrol_interfaces/share/autopatrol_interfaces/package.dsv
-- Installing: /home/li/Work/Nav2_simple/install/autopatrol_interfaces/share/ament_index/resource_index/packages/autopatrol_interfaces
-- Installing: /home/li/Work/Nav2_simple/install/autopatrol_interfaces/share/autopatrol_interfaces/cmake/export_autopatrol_interfaces__rosidl_generator_cExport.cmake
-- Installing: /home/li/Work/Nav2_simple/install/autopatrol_interfaces/share/autopatrol_interfaces/cmake/export_autopatrol_interfaces__rosidl_generator_cExport-noconfig.cmake
-- Installing: /home/li/Work/Nav2_simple/install/autopatrol_interfaces/share/autopatrol_interfaces/cmake/export_autopatrol_interfaces__rosidl_typesupport_fastrtps_cExport.cmake
-- Installing: /home/li/Work/Nav2_simple/install/autopatrol_interfaces/share/autopatrol_interfaces/cmake/export_autopatrol_interfaces__rosidl_typesupport_fastrtps_cExport-noconfig.cmake
-- Installing: /home/li/Work/Nav2_simple/install/autopatrol_interfaces/share/autopatrol_interfaces/cmake/autopatrol_interfaces__rosidl_typesupport_introspection_cExport.cmake
-- Installing: /home/li/Work/Nav2_simple/install/autopatrol_interfaces/share/autopatrol_interfaces/cmake/autopatrol_interfaces__rosidl_typesupport_introspection_cExport-noconfig.cmake
-- Installing: /home/li/Work/Nav2_simple/install/autopatrol_interfaces/share/autopatrol_interfaces/cmake/autopatrol_interfaces__rosidl_typesupport_cExport.cmake
-- Installing: /home/li/Work/Nav2_simple/install/autopatrol_interfaces/share/autopatrol_interfaces/cmake/autopatrol_interfaces__rosidl_typesupport_cExport-noconfig.cmake
-- Installing: /home/li/Work/Nav2_simple/install/autopatrol_interfaces/share/autopatrol_interfaces/cmake/export_autopatrol_interfaces__rosidl_generator_cppExport.cmake
-- Installing: /home/li/Work/Nav2_simple/install/autopatrol_interfaces/share/autopatrol_interfaces/cmake/export_autopatrol_interfaces__rosidl_typesupport_fastrtps_cppExport.cmake
-- Installing: /home/li/Work/Nav2_simple/install/autopatrol_interfaces/share/autopatrol_interfaces/cmake/export_autopatrol_interfaces__rosidl_typesupport_fastrtps_cppExport-noconfig.cmake
-- Installing: /home/li/Work/Nav2_simple/install/autopatrol_interfaces/share/autopatrol_interfaces/cmake/autopatrol_interfaces__rosidl_typesupport_introspection_cppExport.cmake
-- Installing: /home/li/Work/Nav2_simple/install/autopatrol_interfaces/share/autopatrol_interfaces/cmake/autopatrol_interfaces__rosidl_typesupport_introspection_cppExport-noconfig.cmake
-- Installing: /home/li/Work/Nav2_simple/install/autopatrol_interfaces/share/autopatrol_interfaces/cmake/autopatrol_interfaces__rosidl_typesupport_cppExport.cmake
-- Installing: /home/li/Work/Nav2_simple/install/autopatrol_interfaces/share/autopatrol_interfaces/cmake/autopatrol_interfaces__rosidl_typesupport_cppExport-noconfig.cmake
-- Installing: /home/li/Work/Nav2_simple/install/autopatrol_interfaces/share/autopatrol_interfaces/cmake/export_autopatrol_interfaces__rosidl_generator_pyExport.cmake
-- Installing: /home/li/Work/Nav2_simple/install/autopatrol_interfaces/share/autopatrol_interfaces/cmake/export_autopatrol_interfaces__rosidl_generator_pyExport-noconfig.cmake
-- Installing: /home/li/Work/Nav2_simple/install/autopatrol_interfaces/share/autopatrol_interfaces/cmake/rosidl_cmake-extras.cmake
-- Installing: /home/li/Work/Nav2_simple/install/autopatrol_interfaces/share/autopatrol_interfaces/cmake/ament_cmake_export_include_directories-extras.cmake
-- Installing: /home/li/Work/Nav2_simple/install/autopatrol_interfaces/share/autopatrol_interfaces/cmake/ament_cmake_export_libraries-extras.cmake
-- Installing: /home/li/Work/Nav2_simple/install/autopatrol_interfaces/share/autopatrol_interfaces/cmake/ament_cmake_export_targets-extras.cmake
-- Installing: /home/li/Work/Nav2_simple/install/autopatrol_interfaces/share/autopatrol_interfaces/cmake/rosidl_cmake_export_typesupport_targets-extras.cmake
-- Installing: /home/li/Work/Nav2_simple/install/autopatrol_interfaces/share/autopatrol_interfaces/cmake/ament_cmake_export_dependencies-extras.cmake
-- Installing: /home/li/Work/Nav2_simple/install/autopatrol_interfaces/share/autopatrol_interfaces/cmake/rosidl_cmake_export_typesupport_libraries-extras.cmake
-- Installing: /home/li/Work/Nav2_simple/install/autopatrol_interfaces/share/autopatrol_interfaces/cmake/autopatrol_interfacesConfig.cmake
-- Installing: /home/li/Work/Nav2_simple/install/autopatrol_interfaces/share/autopatrol_interfaces/cmake/autopatrol_interfacesConfig-version.cmake
-- Installing: /home/li/Work/Nav2_simple/install/autopatrol_interfaces/share/autopatrol_interfaces/package.xml
