[0.194s] Invoking command in '/home/li/Work/Nav2_simple/build/autopatrol_interfaces': CMAKE_PREFIX_PATH=${CMAKE_PREFIX_PATH}:/home/li/Work/Nav2_simple/install/fishbot_application:/home/li/Work/Nav2_simple/install/autopatrol_robot:/home/li/Work/Nav2_simple/install/autonomous_tb3 CONDA_PROMPT_MODIFIER=(ros_humble) /usr/bin/cmake --build /home/li/Work/Nav2_simple/build/autopatrol_interfaces -- -j16 -l16
[0.553s] [35m[1mConsolidate compiler generated dependencies of target autopatrol_interfaces__rosidl_generator_c[0m
[0.553s] [  9%] Built target autopatrol_interfaces__rosidl_generator_c
[0.553s] [ 12%] Built target autopatrol_interfaces__cpp
[0.553s] [ 12%] Built target ament_cmake_python_copy_autopatrol_interfaces
[0.553s] [35m[1mConsolidate compiler generated dependencies of target autopatrol_interfaces__rosidl_typesupport_fastrtps_c[0m
[0.553s] [35m[1mConsolidate compiler generated dependencies of target autopatrol_interfaces__rosidl_typesupport_c[0m
[0.553s] [35m[1mConsolidate compiler generated dependencies of target autopatrol_interfaces__rosidl_typesupport_introspection_c[0m
[0.553s] [35m[1mConsolidate compiler generated dependencies of target autopatrol_interfaces__rosidl_typesupport_introspection_cpp[0m
[0.553s] [35m[1mConsolidate compiler generated dependencies of target autopatrol_interfaces__rosidl_typesupport_cpp[0m
[0.553s] [35m[1mConsolidate compiler generated dependencies of target autopatrol_interfaces__rosidl_typesupport_fastrtps_cpp[0m
[0.553s] [ 22%] Built target autopatrol_interfaces__rosidl_typesupport_c
[0.553s] [ 32%] Built target autopatrol_interfaces__rosidl_typesupport_introspection_c
[0.553s] [ 41%] Built target autopatrol_interfaces__rosidl_typesupport_fastrtps_c
[0.553s] [ 51%] Built target autopatrol_interfaces__rosidl_typesupport_introspection_cpp
[0.554s] [ 61%] Built target autopatrol_interfaces__rosidl_typesupport_cpp
[0.554s] [ 70%] Built target autopatrol_interfaces__rosidl_typesupport_fastrtps_cpp
[0.554s] [ 70%] Built target autopatrol_interfaces
[0.554s] [ 74%] Built target autopatrol_interfaces__py
[0.554s] [35m[1mConsolidate compiler generated dependencies of target autopatrol_interfaces__rosidl_generator_py[0m
[0.554s] [ 80%] Built target autopatrol_interfaces__rosidl_generator_py
[0.554s] [35m[1mConsolidate compiler generated dependencies of target autopatrol_interfaces__rosidl_typesupport_c__pyext[0m
[0.554s] [35m[1mConsolidate compiler generated dependencies of target autopatrol_interfaces__rosidl_typesupport_fastrtps_c__pyext[0m
[0.554s] [35m[1mConsolidate compiler generated dependencies of target autopatrol_interfaces__rosidl_typesupport_introspection_c__pyext[0m
[0.554s] [ 87%] Built target autopatrol_interfaces__rosidl_typesupport_fastrtps_c__pyext
[0.554s] [ 93%] Built target autopatrol_interfaces__rosidl_typesupport_introspection_c__pyext
[0.554s] [100%] Built target autopatrol_interfaces__rosidl_typesupport_c__pyext
[0.554s] running egg_info
[0.554s] writing autopatrol_interfaces.egg-info/PKG-INFO
[0.554s] writing dependency_links to autopatrol_interfaces.egg-info/dependency_links.txt
[0.554s] writing top-level names to autopatrol_interfaces.egg-info/top_level.txt
[0.554s] reading manifest file 'autopatrol_interfaces.egg-info/SOURCES.txt'
[0.554s] writing manifest file 'autopatrol_interfaces.egg-info/SOURCES.txt'
[0.554s] [100%] Built target ament_cmake_python_build_autopatrol_interfaces_egg
[0.561s] Invoked command in '/home/li/Work/Nav2_simple/build/autopatrol_interfaces' returned '0': CMAKE_PREFIX_PATH=${CMAKE_PREFIX_PATH}:/home/li/Work/Nav2_simple/install/fishbot_application:/home/li/Work/Nav2_simple/install/autopatrol_robot:/home/li/Work/Nav2_simple/install/autonomous_tb3 CONDA_PROMPT_MODIFIER=(ros_humble) /usr/bin/cmake --build /home/li/Work/Nav2_simple/build/autopatrol_interfaces -- -j16 -l16
[0.568s] Invoking command in '/home/li/Work/Nav2_simple/build/autopatrol_interfaces': CMAKE_PREFIX_PATH=${CMAKE_PREFIX_PATH}:/home/li/Work/Nav2_simple/install/fishbot_application:/home/li/Work/Nav2_simple/install/autopatrol_robot:/home/li/Work/Nav2_simple/install/autonomous_tb3 CONDA_PROMPT_MODIFIER=(ros_humble) /usr/bin/cmake --install /home/li/Work/Nav2_simple/build/autopatrol_interfaces
[0.577s] -- Install configuration: ""
[0.577s] -- Installing: /home/li/Work/Nav2_simple/install/autopatrol_interfaces/share/ament_index/resource_index/rosidl_interfaces/autopatrol_interfaces
[0.577s] -- Installing: /home/li/Work/Nav2_simple/install/autopatrol_interfaces/include/autopatrol_interfaces/autopatrol_interfaces
[0.577s] -- Installing: /home/li/Work/Nav2_simple/install/autopatrol_interfaces/include/autopatrol_interfaces/autopatrol_interfaces/msg
[0.577s] -- Installing: /home/li/Work/Nav2_simple/install/autopatrol_interfaces/include/autopatrol_interfaces/autopatrol_interfaces/msg/rosidl_generator_c__visibility_control.h
[0.577s] -- Installing: /home/li/Work/Nav2_simple/install/autopatrol_interfaces/include/autopatrol_interfaces/autopatrol_interfaces/srv
[0.577s] -- Installing: /home/li/Work/Nav2_simple/install/autopatrol_interfaces/include/autopatrol_interfaces/autopatrol_interfaces/srv/speach_text.h
[0.578s] -- Installing: /home/li/Work/Nav2_simple/install/autopatrol_interfaces/include/autopatrol_interfaces/autopatrol_interfaces/srv/detail
[0.578s] -- Installing: /home/li/Work/Nav2_simple/install/autopatrol_interfaces/include/autopatrol_interfaces/autopatrol_interfaces/srv/detail/speach_text__functions.c
[0.578s] -- Installing: /home/li/Work/Nav2_simple/install/autopatrol_interfaces/include/autopatrol_interfaces/autopatrol_interfaces/srv/detail/speach_text__type_support.h
[0.578s] -- Installing: /home/li/Work/Nav2_simple/install/autopatrol_interfaces/include/autopatrol_interfaces/autopatrol_interfaces/srv/detail/speach_text__struct.h
[0.578s] -- Installing: /home/li/Work/Nav2_simple/install/autopatrol_interfaces/include/autopatrol_interfaces/autopatrol_interfaces/srv/detail/speach_text__functions.h
[0.578s] -- Installing: /home/li/Work/Nav2_simple/install/autopatrol_interfaces/share/autopatrol_interfaces/environment/library_path.sh
[0.579s] -- Installing: /home/li/Work/Nav2_simple/install/autopatrol_interfaces/share/autopatrol_interfaces/environment/library_path.dsv
[0.579s] -- Installing: /home/li/Work/Nav2_simple/install/autopatrol_interfaces/lib/libautopatrol_interfaces__rosidl_generator_c.so
[0.579s] -- Set runtime path of "/home/li/Work/Nav2_simple/install/autopatrol_interfaces/lib/libautopatrol_interfaces__rosidl_generator_c.so" to ""
[0.579s] -- Up-to-date: /home/li/Work/Nav2_simple/install/autopatrol_interfaces/include/autopatrol_interfaces/autopatrol_interfaces
[0.579s] -- Up-to-date: /home/li/Work/Nav2_simple/install/autopatrol_interfaces/include/autopatrol_interfaces/autopatrol_interfaces/msg
[0.579s] -- Installing: /home/li/Work/Nav2_simple/install/autopatrol_interfaces/include/autopatrol_interfaces/autopatrol_interfaces/msg/rosidl_typesupport_fastrtps_c__visibility_control.h
[0.579s] -- Up-to-date: /home/li/Work/Nav2_simple/install/autopatrol_interfaces/include/autopatrol_interfaces/autopatrol_interfaces/srv
[0.579s] -- Up-to-date: /home/li/Work/Nav2_simple/install/autopatrol_interfaces/include/autopatrol_interfaces/autopatrol_interfaces/srv/detail
[0.579s] -- Installing: /home/li/Work/Nav2_simple/install/autopatrol_interfaces/include/autopatrol_interfaces/autopatrol_interfaces/srv/detail/speach_text__rosidl_typesupport_fastrtps_c.h
[0.579s] -- Installing: /home/li/Work/Nav2_simple/install/autopatrol_interfaces/lib/libautopatrol_interfaces__rosidl_typesupport_fastrtps_c.so
[0.579s] -- Set runtime path of "/home/li/Work/Nav2_simple/install/autopatrol_interfaces/lib/libautopatrol_interfaces__rosidl_typesupport_fastrtps_c.so" to ""
[0.580s] -- Up-to-date: /home/li/Work/Nav2_simple/install/autopatrol_interfaces/include/autopatrol_interfaces/autopatrol_interfaces
[0.580s] -- Up-to-date: /home/li/Work/Nav2_simple/install/autopatrol_interfaces/include/autopatrol_interfaces/autopatrol_interfaces/msg
[0.580s] -- Installing: /home/li/Work/Nav2_simple/install/autopatrol_interfaces/include/autopatrol_interfaces/autopatrol_interfaces/msg/rosidl_typesupport_introspection_c__visibility_control.h
[0.580s] -- Up-to-date: /home/li/Work/Nav2_simple/install/autopatrol_interfaces/include/autopatrol_interfaces/autopatrol_interfaces/srv
[0.580s] -- Up-to-date: /home/li/Work/Nav2_simple/install/autopatrol_interfaces/include/autopatrol_interfaces/autopatrol_interfaces/srv/detail
[0.580s] -- Installing: /home/li/Work/Nav2_simple/install/autopatrol_interfaces/include/autopatrol_interfaces/autopatrol_interfaces/srv/detail/speach_text__rosidl_typesupport_introspection_c.h
[0.580s] -- Installing: /home/li/Work/Nav2_simple/install/autopatrol_interfaces/include/autopatrol_interfaces/autopatrol_interfaces/srv/detail/speach_text__type_support.c
[0.580s] -- Installing: /home/li/Work/Nav2_simple/install/autopatrol_interfaces/lib/libautopatrol_interfaces__rosidl_typesupport_introspection_c.so
[0.580s] -- Set runtime path of "/home/li/Work/Nav2_simple/install/autopatrol_interfaces/lib/libautopatrol_interfaces__rosidl_typesupport_introspection_c.so" to ""
[0.580s] -- Installing: /home/li/Work/Nav2_simple/install/autopatrol_interfaces/lib/libautopatrol_interfaces__rosidl_typesupport_c.so
[0.580s] -- Set runtime path of "/home/li/Work/Nav2_simple/install/autopatrol_interfaces/lib/libautopatrol_interfaces__rosidl_typesupport_c.so" to ""
[0.580s] -- Up-to-date: /home/li/Work/Nav2_simple/install/autopatrol_interfaces/include/autopatrol_interfaces/autopatrol_interfaces
[0.580s] -- Up-to-date: /home/li/Work/Nav2_simple/install/autopatrol_interfaces/include/autopatrol_interfaces/autopatrol_interfaces/msg
[0.580s] -- Installing: /home/li/Work/Nav2_simple/install/autopatrol_interfaces/include/autopatrol_interfaces/autopatrol_interfaces/msg/rosidl_generator_cpp__visibility_control.hpp
[0.580s] -- Up-to-date: /home/li/Work/Nav2_simple/install/autopatrol_interfaces/include/autopatrol_interfaces/autopatrol_interfaces/srv
[0.580s] -- Up-to-date: /home/li/Work/Nav2_simple/install/autopatrol_interfaces/include/autopatrol_interfaces/autopatrol_interfaces/srv/detail
[0.580s] -- Installing: /home/li/Work/Nav2_simple/install/autopatrol_interfaces/include/autopatrol_interfaces/autopatrol_interfaces/srv/detail/speach_text__struct.hpp
[0.581s] -- Installing: /home/li/Work/Nav2_simple/install/autopatrol_interfaces/include/autopatrol_interfaces/autopatrol_interfaces/srv/detail/speach_text__type_support.hpp
[0.581s] -- Installing: /home/li/Work/Nav2_simple/install/autopatrol_interfaces/include/autopatrol_interfaces/autopatrol_interfaces/srv/detail/speach_text__builder.hpp
[0.581s] -- Installing: /home/li/Work/Nav2_simple/install/autopatrol_interfaces/include/autopatrol_interfaces/autopatrol_interfaces/srv/detail/speach_text__traits.hpp
[0.581s] -- Installing: /home/li/Work/Nav2_simple/install/autopatrol_interfaces/include/autopatrol_interfaces/autopatrol_interfaces/srv/speach_text.hpp
[0.581s] -- Up-to-date: /home/li/Work/Nav2_simple/install/autopatrol_interfaces/include/autopatrol_interfaces/autopatrol_interfaces
[0.581s] -- Up-to-date: /home/li/Work/Nav2_simple/install/autopatrol_interfaces/include/autopatrol_interfaces/autopatrol_interfaces/msg
[0.581s] -- Installing: /home/li/Work/Nav2_simple/install/autopatrol_interfaces/include/autopatrol_interfaces/autopatrol_interfaces/msg/rosidl_typesupport_fastrtps_cpp__visibility_control.h
[0.581s] -- Up-to-date: /home/li/Work/Nav2_simple/install/autopatrol_interfaces/include/autopatrol_interfaces/autopatrol_interfaces/srv
[0.581s] -- Up-to-date: /home/li/Work/Nav2_simple/install/autopatrol_interfaces/include/autopatrol_interfaces/autopatrol_interfaces/srv/detail
[0.581s] -- Installing: /home/li/Work/Nav2_simple/install/autopatrol_interfaces/include/autopatrol_interfaces/autopatrol_interfaces/srv/detail/dds_fastrtps
[0.581s] -- Installing: /home/li/Work/Nav2_simple/install/autopatrol_interfaces/include/autopatrol_interfaces/autopatrol_interfaces/srv/detail/speach_text__rosidl_typesupport_fastrtps_cpp.hpp
[0.581s] -- Installing: /home/li/Work/Nav2_simple/install/autopatrol_interfaces/lib/libautopatrol_interfaces__rosidl_typesupport_fastrtps_cpp.so
[0.581s] -- Set runtime path of "/home/li/Work/Nav2_simple/install/autopatrol_interfaces/lib/libautopatrol_interfaces__rosidl_typesupport_fastrtps_cpp.so" to ""
[0.581s] -- Up-to-date: /home/li/Work/Nav2_simple/install/autopatrol_interfaces/include/autopatrol_interfaces/autopatrol_interfaces
[0.581s] -- Up-to-date: /home/li/Work/Nav2_simple/install/autopatrol_interfaces/include/autopatrol_interfaces/autopatrol_interfaces/srv
[0.581s] -- Up-to-date: /home/li/Work/Nav2_simple/install/autopatrol_interfaces/include/autopatrol_interfaces/autopatrol_interfaces/srv/detail
[0.581s] -- Installing: /home/li/Work/Nav2_simple/install/autopatrol_interfaces/include/autopatrol_interfaces/autopatrol_interfaces/srv/detail/speach_text__rosidl_typesupport_introspection_cpp.hpp
[0.581s] -- Installing: /home/li/Work/Nav2_simple/install/autopatrol_interfaces/include/autopatrol_interfaces/autopatrol_interfaces/srv/detail/speach_text__type_support.cpp
[0.582s] -- Installing: /home/li/Work/Nav2_simple/install/autopatrol_interfaces/lib/libautopatrol_interfaces__rosidl_typesupport_introspection_cpp.so
[0.582s] -- Set runtime path of "/home/li/Work/Nav2_simple/install/autopatrol_interfaces/lib/libautopatrol_interfaces__rosidl_typesupport_introspection_cpp.so" to ""
[0.582s] -- Installing: /home/li/Work/Nav2_simple/install/autopatrol_interfaces/lib/libautopatrol_interfaces__rosidl_typesupport_cpp.so
[0.582s] -- Set runtime path of "/home/li/Work/Nav2_simple/install/autopatrol_interfaces/lib/libautopatrol_interfaces__rosidl_typesupport_cpp.so" to ""
[0.582s] -- Installing: /home/li/Work/Nav2_simple/install/autopatrol_interfaces/share/autopatrol_interfaces/environment/pythonpath.sh
[0.582s] -- Installing: /home/li/Work/Nav2_simple/install/autopatrol_interfaces/share/autopatrol_interfaces/environment/pythonpath.dsv
[0.582s] -- Installing: /home/li/Work/Nav2_simple/install/autopatrol_interfaces/lib/python3.10/site-packages/autopatrol_interfaces-0.0.0-py3.10.egg-info
[0.582s] -- Installing: /home/li/Work/Nav2_simple/install/autopatrol_interfaces/lib/python3.10/site-packages/autopatrol_interfaces-0.0.0-py3.10.egg-info/top_level.txt
[0.582s] -- Installing: /home/li/Work/Nav2_simple/install/autopatrol_interfaces/lib/python3.10/site-packages/autopatrol_interfaces-0.0.0-py3.10.egg-info/dependency_links.txt
[0.582s] -- Installing: /home/li/Work/Nav2_simple/install/autopatrol_interfaces/lib/python3.10/site-packages/autopatrol_interfaces-0.0.0-py3.10.egg-info/SOURCES.txt
[0.582s] -- Installing: /home/li/Work/Nav2_simple/install/autopatrol_interfaces/lib/python3.10/site-packages/autopatrol_interfaces-0.0.0-py3.10.egg-info/PKG-INFO
[0.582s] -- Installing: /home/li/Work/Nav2_simple/install/autopatrol_interfaces/lib/python3.10/site-packages/autopatrol_interfaces
[0.582s] -- Installing: /home/li/Work/Nav2_simple/install/autopatrol_interfaces/lib/python3.10/site-packages/autopatrol_interfaces/autopatrol_interfaces_s__rosidl_typesupport_introspection_c.cpython-310-x86_64-linux-gnu.so
[0.582s] -- Installing: /home/li/Work/Nav2_simple/install/autopatrol_interfaces/lib/python3.10/site-packages/autopatrol_interfaces/autopatrol_interfaces_s__rosidl_typesupport_c.cpython-310-x86_64-linux-gnu.so
[0.582s] -- Installing: /home/li/Work/Nav2_simple/install/autopatrol_interfaces/lib/python3.10/site-packages/autopatrol_interfaces/srv
[0.582s] -- Installing: /home/li/Work/Nav2_simple/install/autopatrol_interfaces/lib/python3.10/site-packages/autopatrol_interfaces/srv/_speach_text.py
[0.582s] -- Installing: /home/li/Work/Nav2_simple/install/autopatrol_interfaces/lib/python3.10/site-packages/autopatrol_interfaces/srv/__init__.py
[0.582s] -- Installing: /home/li/Work/Nav2_simple/install/autopatrol_interfaces/lib/python3.10/site-packages/autopatrol_interfaces/srv/_speach_text_s.c
[0.582s] -- Installing: /home/li/Work/Nav2_simple/install/autopatrol_interfaces/lib/python3.10/site-packages/autopatrol_interfaces/libautopatrol_interfaces__rosidl_generator_py.so
[0.582s] -- Installing: /home/li/Work/Nav2_simple/install/autopatrol_interfaces/lib/python3.10/site-packages/autopatrol_interfaces/_autopatrol_interfaces_s.ep.rosidl_typesupport_introspection_c.c
[0.582s] -- Installing: /home/li/Work/Nav2_simple/install/autopatrol_interfaces/lib/python3.10/site-packages/autopatrol_interfaces/_autopatrol_interfaces_s.ep.rosidl_typesupport_fastrtps_c.c
[0.583s] -- Installing: /home/li/Work/Nav2_simple/install/autopatrol_interfaces/lib/python3.10/site-packages/autopatrol_interfaces/autopatrol_interfaces_s__rosidl_typesupport_fastrtps_c.cpython-310-x86_64-linux-gnu.so
[0.583s] -- Installing: /home/li/Work/Nav2_simple/install/autopatrol_interfaces/lib/python3.10/site-packages/autopatrol_interfaces/__init__.py
[0.583s] -- Installing: /home/li/Work/Nav2_simple/install/autopatrol_interfaces/lib/python3.10/site-packages/autopatrol_interfaces/_autopatrol_interfaces_s.ep.rosidl_typesupport_c.c
[0.627s] Listing '/home/li/Work/Nav2_simple/install/autopatrol_interfaces/lib/python3.10/site-packages/autopatrol_interfaces'...
[0.627s] Compiling '/home/li/Work/Nav2_simple/install/autopatrol_interfaces/lib/python3.10/site-packages/autopatrol_interfaces/__init__.py'...
[0.627s] Listing '/home/li/Work/Nav2_simple/install/autopatrol_interfaces/lib/python3.10/site-packages/autopatrol_interfaces/srv'...
[0.627s] Compiling '/home/li/Work/Nav2_simple/install/autopatrol_interfaces/lib/python3.10/site-packages/autopatrol_interfaces/srv/__init__.py'...
[0.628s] Compiling '/home/li/Work/Nav2_simple/install/autopatrol_interfaces/lib/python3.10/site-packages/autopatrol_interfaces/srv/_speach_text.py'...
[0.633s] -- Installing: /home/li/Work/Nav2_simple/install/autopatrol_interfaces/lib/python3.10/site-packages/autopatrol_interfaces/autopatrol_interfaces_s__rosidl_typesupport_fastrtps_c.cpython-310-x86_64-linux-gnu.so
[0.634s] -- Set runtime path of "/home/li/Work/Nav2_simple/install/autopatrol_interfaces/lib/python3.10/site-packages/autopatrol_interfaces/autopatrol_interfaces_s__rosidl_typesupport_fastrtps_c.cpython-310-x86_64-linux-gnu.so" to ""
[0.634s] -- Installing: /home/li/Work/Nav2_simple/install/autopatrol_interfaces/lib/python3.10/site-packages/autopatrol_interfaces/autopatrol_interfaces_s__rosidl_typesupport_introspection_c.cpython-310-x86_64-linux-gnu.so
[0.634s] -- Set runtime path of "/home/li/Work/Nav2_simple/install/autopatrol_interfaces/lib/python3.10/site-packages/autopatrol_interfaces/autopatrol_interfaces_s__rosidl_typesupport_introspection_c.cpython-310-x86_64-linux-gnu.so" to ""
[0.634s] -- Installing: /home/li/Work/Nav2_simple/install/autopatrol_interfaces/lib/python3.10/site-packages/autopatrol_interfaces/autopatrol_interfaces_s__rosidl_typesupport_c.cpython-310-x86_64-linux-gnu.so
[0.634s] -- Set runtime path of "/home/li/Work/Nav2_simple/install/autopatrol_interfaces/lib/python3.10/site-packages/autopatrol_interfaces/autopatrol_interfaces_s__rosidl_typesupport_c.cpython-310-x86_64-linux-gnu.so" to ""
[0.634s] -- Installing: /home/li/Work/Nav2_simple/install/autopatrol_interfaces/lib/libautopatrol_interfaces__rosidl_generator_py.so
[0.634s] -- Set runtime path of "/home/li/Work/Nav2_simple/install/autopatrol_interfaces/lib/libautopatrol_interfaces__rosidl_generator_py.so" to ""
[0.634s] -- Installing: /home/li/Work/Nav2_simple/install/autopatrol_interfaces/share/autopatrol_interfaces/srv/SpeachText.idl
[0.634s] -- Installing: /home/li/Work/Nav2_simple/install/autopatrol_interfaces/share/autopatrol_interfaces/srv/SpeachText.srv
[0.634s] -- Installing: /home/li/Work/Nav2_simple/install/autopatrol_interfaces/share/autopatrol_interfaces/srv/SpeachText_Request.msg
[0.634s] -- Installing: /home/li/Work/Nav2_simple/install/autopatrol_interfaces/share/autopatrol_interfaces/srv/SpeachText_Response.msg
[0.634s] -- Installing: /home/li/Work/Nav2_simple/install/autopatrol_interfaces/share/ament_index/resource_index/package_run_dependencies/autopatrol_interfaces
[0.634s] -- Installing: /home/li/Work/Nav2_simple/install/autopatrol_interfaces/share/ament_index/resource_index/parent_prefix_path/autopatrol_interfaces
[0.634s] -- Installing: /home/li/Work/Nav2_simple/install/autopatrol_interfaces/share/autopatrol_interfaces/environment/ament_prefix_path.sh
[0.634s] -- Installing: /home/li/Work/Nav2_simple/install/autopatrol_interfaces/share/autopatrol_interfaces/environment/ament_prefix_path.dsv
[0.634s] -- Installing: /home/li/Work/Nav2_simple/install/autopatrol_interfaces/share/autopatrol_interfaces/environment/path.sh
[0.635s] -- Installing: /home/li/Work/Nav2_simple/install/autopatrol_interfaces/share/autopatrol_interfaces/environment/path.dsv
[0.635s] -- Installing: /home/li/Work/Nav2_simple/install/autopatrol_interfaces/share/autopatrol_interfaces/local_setup.bash
[0.635s] -- Installing: /home/li/Work/Nav2_simple/install/autopatrol_interfaces/share/autopatrol_interfaces/local_setup.sh
[0.635s] -- Installing: /home/li/Work/Nav2_simple/install/autopatrol_interfaces/share/autopatrol_interfaces/local_setup.zsh
[0.635s] -- Installing: /home/li/Work/Nav2_simple/install/autopatrol_interfaces/share/autopatrol_interfaces/local_setup.dsv
[0.635s] -- Installing: /home/li/Work/Nav2_simple/install/autopatrol_interfaces/share/autopatrol_interfaces/package.dsv
[0.635s] -- Installing: /home/li/Work/Nav2_simple/install/autopatrol_interfaces/share/ament_index/resource_index/packages/autopatrol_interfaces
[0.635s] -- Installing: /home/li/Work/Nav2_simple/install/autopatrol_interfaces/share/autopatrol_interfaces/cmake/export_autopatrol_interfaces__rosidl_generator_cExport.cmake
[0.635s] -- Installing: /home/li/Work/Nav2_simple/install/autopatrol_interfaces/share/autopatrol_interfaces/cmake/export_autopatrol_interfaces__rosidl_generator_cExport-noconfig.cmake
[0.635s] -- Installing: /home/li/Work/Nav2_simple/install/autopatrol_interfaces/share/autopatrol_interfaces/cmake/export_autopatrol_interfaces__rosidl_typesupport_fastrtps_cExport.cmake
[0.635s] -- Installing: /home/li/Work/Nav2_simple/install/autopatrol_interfaces/share/autopatrol_interfaces/cmake/export_autopatrol_interfaces__rosidl_typesupport_fastrtps_cExport-noconfig.cmake
[0.635s] -- Installing: /home/li/Work/Nav2_simple/install/autopatrol_interfaces/share/autopatrol_interfaces/cmake/autopatrol_interfaces__rosidl_typesupport_introspection_cExport.cmake
[0.635s] -- Installing: /home/li/Work/Nav2_simple/install/autopatrol_interfaces/share/autopatrol_interfaces/cmake/autopatrol_interfaces__rosidl_typesupport_introspection_cExport-noconfig.cmake
[0.635s] -- Installing: /home/li/Work/Nav2_simple/install/autopatrol_interfaces/share/autopatrol_interfaces/cmake/autopatrol_interfaces__rosidl_typesupport_cExport.cmake
[0.635s] -- Installing: /home/li/Work/Nav2_simple/install/autopatrol_interfaces/share/autopatrol_interfaces/cmake/autopatrol_interfaces__rosidl_typesupport_cExport-noconfig.cmake
[0.635s] -- Installing: /home/li/Work/Nav2_simple/install/autopatrol_interfaces/share/autopatrol_interfaces/cmake/export_autopatrol_interfaces__rosidl_generator_cppExport.cmake
[0.635s] -- Installing: /home/li/Work/Nav2_simple/install/autopatrol_interfaces/share/autopatrol_interfaces/cmake/export_autopatrol_interfaces__rosidl_typesupport_fastrtps_cppExport.cmake
[0.635s] -- Installing: /home/li/Work/Nav2_simple/install/autopatrol_interfaces/share/autopatrol_interfaces/cmake/export_autopatrol_interfaces__rosidl_typesupport_fastrtps_cppExport-noconfig.cmake
[0.635s] -- Installing: /home/li/Work/Nav2_simple/install/autopatrol_interfaces/share/autopatrol_interfaces/cmake/autopatrol_interfaces__rosidl_typesupport_introspection_cppExport.cmake
[0.635s] -- Installing: /home/li/Work/Nav2_simple/install/autopatrol_interfaces/share/autopatrol_interfaces/cmake/autopatrol_interfaces__rosidl_typesupport_introspection_cppExport-noconfig.cmake
[0.635s] -- Installing: /home/li/Work/Nav2_simple/install/autopatrol_interfaces/share/autopatrol_interfaces/cmake/autopatrol_interfaces__rosidl_typesupport_cppExport.cmake
[0.635s] -- Installing: /home/li/Work/Nav2_simple/install/autopatrol_interfaces/share/autopatrol_interfaces/cmake/autopatrol_interfaces__rosidl_typesupport_cppExport-noconfig.cmake
[0.635s] -- Installing: /home/li/Work/Nav2_simple/install/autopatrol_interfaces/share/autopatrol_interfaces/cmake/export_autopatrol_interfaces__rosidl_generator_pyExport.cmake
[0.635s] -- Installing: /home/li/Work/Nav2_simple/install/autopatrol_interfaces/share/autopatrol_interfaces/cmake/export_autopatrol_interfaces__rosidl_generator_pyExport-noconfig.cmake
[0.635s] -- Installing: /home/li/Work/Nav2_simple/install/autopatrol_interfaces/share/autopatrol_interfaces/cmake/rosidl_cmake-extras.cmake
[0.635s] -- Installing: /home/li/Work/Nav2_simple/install/autopatrol_interfaces/share/autopatrol_interfaces/cmake/ament_cmake_export_include_directories-extras.cmake
[0.635s] -- Installing: /home/li/Work/Nav2_simple/install/autopatrol_interfaces/share/autopatrol_interfaces/cmake/ament_cmake_export_libraries-extras.cmake
[0.635s] -- Installing: /home/li/Work/Nav2_simple/install/autopatrol_interfaces/share/autopatrol_interfaces/cmake/ament_cmake_export_targets-extras.cmake
[0.635s] -- Installing: /home/li/Work/Nav2_simple/install/autopatrol_interfaces/share/autopatrol_interfaces/cmake/rosidl_cmake_export_typesupport_targets-extras.cmake
[0.636s] -- Installing: /home/li/Work/Nav2_simple/install/autopatrol_interfaces/share/autopatrol_interfaces/cmake/ament_cmake_export_dependencies-extras.cmake
[0.636s] -- Installing: /home/li/Work/Nav2_simple/install/autopatrol_interfaces/share/autopatrol_interfaces/cmake/rosidl_cmake_export_typesupport_libraries-extras.cmake
[0.636s] -- Installing: /home/li/Work/Nav2_simple/install/autopatrol_interfaces/share/autopatrol_interfaces/cmake/autopatrol_interfacesConfig.cmake
[0.636s] -- Installing: /home/li/Work/Nav2_simple/install/autopatrol_interfaces/share/autopatrol_interfaces/cmake/autopatrol_interfacesConfig-version.cmake
[0.636s] -- Installing: /home/li/Work/Nav2_simple/install/autopatrol_interfaces/share/autopatrol_interfaces/package.xml
[0.649s] Invoked command in '/home/li/Work/Nav2_simple/build/autopatrol_interfaces' returned '0': CMAKE_PREFIX_PATH=${CMAKE_PREFIX_PATH}:/home/li/Work/Nav2_simple/install/fishbot_application:/home/li/Work/Nav2_simple/install/autopatrol_robot:/home/li/Work/Nav2_simple/install/autonomous_tb3 CONDA_PROMPT_MODIFIER=(ros_humble) /usr/bin/cmake --install /home/li/Work/Nav2_simple/build/autopatrol_interfaces
