[0.507s] Invoking command in '/home/li/Work/Nav2_simple/build/fishbot_navigation2': CMAKE_PREFIX_PATH=${CMAKE_PREFIX_PATH}:/home/li/Work/Nav2_simple/install/fishbot_application:/home/li/Work/Nav2_simple/install/autopatrol_robot:/home/li/Work/Nav2_simple/install/autonomous_tb3 CONDA_PROMPT_MODIFIER=(ros_humble) /usr/bin/cmake /home/li/Work/Nav2_simple/src/ros2_patrol_robot/fishbot_navigation2 -DCMAKE_INSTALL_PREFIX=/home/li/Work/Nav2_simple/install/fishbot_navigation2
[0.549s] -- The C compiler identification is GNU 11.4.0
[0.588s] -- The CXX compiler identification is GNU 11.4.0
[0.593s] -- Detecting C compiler ABI info
[0.645s] -- Detecting C compiler ABI info - done
[0.653s] -- Check for working C compiler: /usr/bin/cc - skipped
[0.653s] -- Detecting C compile features
[0.654s] -- Detecting C compile features - done
[0.657s] -- Detecting CXX compiler ABI info
[0.712s] -- Detecting CXX compiler ABI info - done
[0.719s] -- Check for working CXX compiler: /usr/bin/c++ - skipped
[0.719s] -- Detecting CXX compile features
[0.719s] -- Detecting CXX compile features - done
[0.721s] -- Found ament_cmake: 1.3.11 (/opt/ros/humble/share/ament_cmake/cmake)
[1.047s] -- Found Python3: /home/li/miniconda3/envs/ros_humble/bin/python3 (found version "3.10.0") found components: Interpreter 
[1.136s] -- Found ament_lint_auto: 0.12.11 (/opt/ros/humble/share/ament_lint_auto/cmake)
[1.244s] -- Added test 'copyright' to check source files copyright and LICENSE
[1.246s] -- Added test 'flake8' to check Python code syntax and style conventions
[1.246s] -- Added test 'lint_cmake' to check CMake code style
[1.246s] -- Added test 'pep257' to check Python code against some of the docstring style conventions in PEP 257
[1.248s] -- Added test 'xmllint' to check XML markup files
[1.249s] -- Configuring done
[1.250s] -- Generating done
[1.251s] -- Build files have been written to: /home/li/Work/Nav2_simple/build/fishbot_navigation2
[1.255s] Invoked command in '/home/li/Work/Nav2_simple/build/fishbot_navigation2' returned '0': CMAKE_PREFIX_PATH=${CMAKE_PREFIX_PATH}:/home/li/Work/Nav2_simple/install/fishbot_application:/home/li/Work/Nav2_simple/install/autopatrol_robot:/home/li/Work/Nav2_simple/install/autonomous_tb3 CONDA_PROMPT_MODIFIER=(ros_humble) /usr/bin/cmake /home/li/Work/Nav2_simple/src/ros2_patrol_robot/fishbot_navigation2 -DCMAKE_INSTALL_PREFIX=/home/li/Work/Nav2_simple/install/fishbot_navigation2
[1.255s] Invoking command in '/home/li/Work/Nav2_simple/build/fishbot_navigation2': CMAKE_PREFIX_PATH=${CMAKE_PREFIX_PATH}:/home/li/Work/Nav2_simple/install/fishbot_application:/home/li/Work/Nav2_simple/install/autopatrol_robot:/home/li/Work/Nav2_simple/install/autonomous_tb3 CONDA_PROMPT_MODIFIER=(ros_humble) /usr/bin/cmake --build /home/li/Work/Nav2_simple/build/fishbot_navigation2 -- -j16 -l16
