[0.081s] DEBUG:colcon:Command line arguments: ['/usr/bin/colcon', 'build']
[0.081s] DEBUG:colcon:Parsed command line arguments: Namespace(log_base=None, log_level=None, verb_name='build', build_base='build', install_base='install', merge_install=False, symlink_install=False, test_result_base=None, continue_on_error=False, executor='parallel', parallel_workers=16, event_handlers=None, ignore_user_meta=False, metas=['./colcon.meta'], base_paths=['.'], packages_ignore=None, packages_ignore_regex=None, paths=None, packages_up_to=None, packages_up_to_regex=None, packages_above=None, packages_above_and_dependencies=None, packages_above_depth=None, packages_select_by_dep=None, packages_skip_by_dep=None, packages_skip_up_to=None, packages_select_build_failed=False, packages_skip_build_finished=False, packages_select_test_failures=False, packages_skip_test_passed=False, packages_select=None, packages_skip=None, packages_select_regex=None, packages_skip_regex=None, packages_start=None, packages_end=None, allow_overriding=[], cmake_args=None, cmake_target=None, cmake_target_skip_unavailable=False, cmake_clean_cache=False, cmake_clean_first=False, cmake_force_configure=False, ament_cmake_args=None, catkin_cmake_args=None, catkin_skip_building_tests=False, mixin_files=None, mixin=None, verb_parser=<colcon_mixin.mixin.mixin_argument.MixinArgumentDecorator object at 0x7a06b2353bb0>, verb_extension=<colcon_core.verb.build.BuildVerb object at 0x7a06b24a4a60>, main=<bound method BuildVerb.main of <colcon_core.verb.build.BuildVerb object at 0x7a06b24a4a60>>, mixin_verb=('build',))
[0.132s] Level 1:colcon.colcon_core.package_discovery:discover_packages(colcon_meta) check parameters
[0.132s] Level 1:colcon.colcon_core.package_discovery:discover_packages(recursive) check parameters
[0.132s] Level 1:colcon.colcon_core.package_discovery:discover_packages(ignore) check parameters
[0.132s] Level 1:colcon.colcon_core.package_discovery:discover_packages(path) check parameters
[0.132s] Level 1:colcon.colcon_core.package_discovery:discover_packages(colcon_meta) discover
[0.133s] Level 1:colcon.colcon_core.package_discovery:discover_packages(recursive) discover
[0.133s] INFO:colcon.colcon_core.package_discovery:Crawling recursively for packages in '/home/li/Work/Nav2_simple'
[0.133s] Level 1:colcon.colcon_core.package_identification:_identify(.) by extensions ['ignore', 'ignore_ament_install']
[0.133s] Level 1:colcon.colcon_core.package_identification:_identify(.) by extension 'ignore'
[0.133s] Level 1:colcon.colcon_core.package_identification:_identify(.) by extension 'ignore_ament_install'
[0.133s] Level 1:colcon.colcon_core.package_identification:_identify(.) by extensions ['colcon_pkg']
[0.133s] Level 1:colcon.colcon_core.package_identification:_identify(.) by extension 'colcon_pkg'
[0.133s] Level 1:colcon.colcon_core.package_identification:_identify(.) by extensions ['colcon_meta']
[0.133s] Level 1:colcon.colcon_core.package_identification:_identify(.) by extension 'colcon_meta'
[0.133s] Level 1:colcon.colcon_core.package_identification:_identify(.) by extensions ['ros']
[0.133s] Level 1:colcon.colcon_core.package_identification:_identify(.) by extension 'ros'
[0.135s] Level 1:colcon.colcon_core.package_identification:_identify(.) by extensions ['cmake', 'python']
[0.135s] Level 1:colcon.colcon_core.package_identification:_identify(.) by extension 'cmake'
[0.135s] Level 1:colcon.colcon_core.package_identification:_identify(.) by extension 'python'
[0.135s] Level 1:colcon.colcon_core.package_identification:_identify(.) by extensions ['python_setup_py']
[0.135s] Level 1:colcon.colcon_core.package_identification:_identify(.) by extension 'python_setup_py'
[0.136s] Level 1:colcon.colcon_core.package_identification:_identify(build) by extensions ['ignore', 'ignore_ament_install']
[0.136s] Level 1:colcon.colcon_core.package_identification:_identify(build) by extension 'ignore'
[0.136s] Level 1:colcon.colcon_core.package_identification:_identify(build) ignored
[0.136s] Level 1:colcon.colcon_core.package_identification:_identify(install) by extensions ['ignore', 'ignore_ament_install']
[0.136s] Level 1:colcon.colcon_core.package_identification:_identify(install) by extension 'ignore'
[0.136s] Level 1:colcon.colcon_core.package_identification:_identify(install) ignored
[0.136s] Level 1:colcon.colcon_core.package_identification:_identify(log) by extensions ['ignore', 'ignore_ament_install']
[0.136s] Level 1:colcon.colcon_core.package_identification:_identify(log) by extension 'ignore'
[0.136s] Level 1:colcon.colcon_core.package_identification:_identify(log) ignored
[0.136s] Level 1:colcon.colcon_core.package_identification:_identify(src) by extensions ['ignore', 'ignore_ament_install']
[0.136s] Level 1:colcon.colcon_core.package_identification:_identify(src) by extension 'ignore'
[0.136s] Level 1:colcon.colcon_core.package_identification:_identify(src) by extension 'ignore_ament_install'
[0.136s] Level 1:colcon.colcon_core.package_identification:_identify(src) by extensions ['colcon_pkg']
[0.136s] Level 1:colcon.colcon_core.package_identification:_identify(src) by extension 'colcon_pkg'
[0.136s] Level 1:colcon.colcon_core.package_identification:_identify(src) by extensions ['colcon_meta']
[0.136s] Level 1:colcon.colcon_core.package_identification:_identify(src) by extension 'colcon_meta'
[0.136s] Level 1:colcon.colcon_core.package_identification:_identify(src) by extensions ['ros']
[0.136s] Level 1:colcon.colcon_core.package_identification:_identify(src) by extension 'ros'
[0.136s] Level 1:colcon.colcon_core.package_identification:_identify(src) by extensions ['cmake', 'python']
[0.136s] Level 1:colcon.colcon_core.package_identification:_identify(src) by extension 'cmake'
[0.136s] Level 1:colcon.colcon_core.package_identification:_identify(src) by extension 'python'
[0.136s] Level 1:colcon.colcon_core.package_identification:_identify(src) by extensions ['python_setup_py']
[0.137s] Level 1:colcon.colcon_core.package_identification:_identify(src) by extension 'python_setup_py'
[0.137s] Level 1:colcon.colcon_core.package_identification:_identify(src/ROS2-Autonomous-Driving-and-Navigation-SLAM-with-TurtleBot3) by extensions ['ignore', 'ignore_ament_install']
[0.137s] Level 1:colcon.colcon_core.package_identification:_identify(src/ROS2-Autonomous-Driving-and-Navigation-SLAM-with-TurtleBot3) by extension 'ignore'
[0.137s] Level 1:colcon.colcon_core.package_identification:_identify(src/ROS2-Autonomous-Driving-and-Navigation-SLAM-with-TurtleBot3) by extension 'ignore_ament_install'
[0.137s] Level 1:colcon.colcon_core.package_identification:_identify(src/ROS2-Autonomous-Driving-and-Navigation-SLAM-with-TurtleBot3) by extensions ['colcon_pkg']
[0.137s] Level 1:colcon.colcon_core.package_identification:_identify(src/ROS2-Autonomous-Driving-and-Navigation-SLAM-with-TurtleBot3) by extension 'colcon_pkg'
[0.137s] Level 1:colcon.colcon_core.package_identification:_identify(src/ROS2-Autonomous-Driving-and-Navigation-SLAM-with-TurtleBot3) by extensions ['colcon_meta']
[0.137s] Level 1:colcon.colcon_core.package_identification:_identify(src/ROS2-Autonomous-Driving-and-Navigation-SLAM-with-TurtleBot3) by extension 'colcon_meta'
[0.137s] Level 1:colcon.colcon_core.package_identification:_identify(src/ROS2-Autonomous-Driving-and-Navigation-SLAM-with-TurtleBot3) by extensions ['ros']
[0.137s] Level 1:colcon.colcon_core.package_identification:_identify(src/ROS2-Autonomous-Driving-and-Navigation-SLAM-with-TurtleBot3) by extension 'ros'
[0.137s] Level 1:colcon.colcon_core.package_identification:_identify(src/ROS2-Autonomous-Driving-and-Navigation-SLAM-with-TurtleBot3) by extensions ['cmake', 'python']
[0.137s] Level 1:colcon.colcon_core.package_identification:_identify(src/ROS2-Autonomous-Driving-and-Navigation-SLAM-with-TurtleBot3) by extension 'cmake'
[0.137s] Level 1:colcon.colcon_core.package_identification:_identify(src/ROS2-Autonomous-Driving-and-Navigation-SLAM-with-TurtleBot3) by extension 'python'
[0.137s] Level 1:colcon.colcon_core.package_identification:_identify(src/ROS2-Autonomous-Driving-and-Navigation-SLAM-with-TurtleBot3) by extensions ['python_setup_py']
[0.137s] Level 1:colcon.colcon_core.package_identification:_identify(src/ROS2-Autonomous-Driving-and-Navigation-SLAM-with-TurtleBot3) by extension 'python_setup_py'
[0.137s] Level 1:colcon.colcon_core.package_identification:_identify(src/ROS2-Autonomous-Driving-and-Navigation-SLAM-with-TurtleBot3/autonomous_tb3) by extensions ['ignore', 'ignore_ament_install']
[0.137s] Level 1:colcon.colcon_core.package_identification:_identify(src/ROS2-Autonomous-Driving-and-Navigation-SLAM-with-TurtleBot3/autonomous_tb3) by extension 'ignore'
[0.137s] Level 1:colcon.colcon_core.package_identification:_identify(src/ROS2-Autonomous-Driving-and-Navigation-SLAM-with-TurtleBot3/autonomous_tb3) by extension 'ignore_ament_install'
[0.137s] Level 1:colcon.colcon_core.package_identification:_identify(src/ROS2-Autonomous-Driving-and-Navigation-SLAM-with-TurtleBot3/autonomous_tb3) by extensions ['colcon_pkg']
[0.137s] Level 1:colcon.colcon_core.package_identification:_identify(src/ROS2-Autonomous-Driving-and-Navigation-SLAM-with-TurtleBot3/autonomous_tb3) by extension 'colcon_pkg'
[0.137s] Level 1:colcon.colcon_core.package_identification:_identify(src/ROS2-Autonomous-Driving-and-Navigation-SLAM-with-TurtleBot3/autonomous_tb3) by extensions ['colcon_meta']
[0.137s] Level 1:colcon.colcon_core.package_identification:_identify(src/ROS2-Autonomous-Driving-and-Navigation-SLAM-with-TurtleBot3/autonomous_tb3) by extension 'colcon_meta'
[0.137s] Level 1:colcon.colcon_core.package_identification:_identify(src/ROS2-Autonomous-Driving-and-Navigation-SLAM-with-TurtleBot3/autonomous_tb3) by extensions ['ros']
[0.137s] Level 1:colcon.colcon_core.package_identification:_identify(src/ROS2-Autonomous-Driving-and-Navigation-SLAM-with-TurtleBot3/autonomous_tb3) by extension 'ros'
[0.140s] DEBUG:colcon.colcon_core.package_identification:Package 'src/ROS2-Autonomous-Driving-and-Navigation-SLAM-with-TurtleBot3/autonomous_tb3' with type 'ros.ament_python' and name 'autonomous_tb3'
[0.140s] Level 1:colcon.colcon_core.package_identification:_identify(src/ROS2-Autonomous-Driving-and-Navigation-SLAM-with-TurtleBot3/image_resources) by extensions ['ignore', 'ignore_ament_install']
[0.140s] Level 1:colcon.colcon_core.package_identification:_identify(src/ROS2-Autonomous-Driving-and-Navigation-SLAM-with-TurtleBot3/image_resources) by extension 'ignore'
[0.140s] Level 1:colcon.colcon_core.package_identification:_identify(src/ROS2-Autonomous-Driving-and-Navigation-SLAM-with-TurtleBot3/image_resources) by extension 'ignore_ament_install'
[0.140s] Level 1:colcon.colcon_core.package_identification:_identify(src/ROS2-Autonomous-Driving-and-Navigation-SLAM-with-TurtleBot3/image_resources) by extensions ['colcon_pkg']
[0.140s] Level 1:colcon.colcon_core.package_identification:_identify(src/ROS2-Autonomous-Driving-and-Navigation-SLAM-with-TurtleBot3/image_resources) by extension 'colcon_pkg'
[0.140s] Level 1:colcon.colcon_core.package_identification:_identify(src/ROS2-Autonomous-Driving-and-Navigation-SLAM-with-TurtleBot3/image_resources) by extensions ['colcon_meta']
[0.140s] Level 1:colcon.colcon_core.package_identification:_identify(src/ROS2-Autonomous-Driving-and-Navigation-SLAM-with-TurtleBot3/image_resources) by extension 'colcon_meta'
[0.140s] Level 1:colcon.colcon_core.package_identification:_identify(src/ROS2-Autonomous-Driving-and-Navigation-SLAM-with-TurtleBot3/image_resources) by extensions ['ros']
[0.140s] Level 1:colcon.colcon_core.package_identification:_identify(src/ROS2-Autonomous-Driving-and-Navigation-SLAM-with-TurtleBot3/image_resources) by extension 'ros'
[0.140s] Level 1:colcon.colcon_core.package_identification:_identify(src/ROS2-Autonomous-Driving-and-Navigation-SLAM-with-TurtleBot3/image_resources) by extensions ['cmake', 'python']
[0.140s] Level 1:colcon.colcon_core.package_identification:_identify(src/ROS2-Autonomous-Driving-and-Navigation-SLAM-with-TurtleBot3/image_resources) by extension 'cmake'
[0.140s] Level 1:colcon.colcon_core.package_identification:_identify(src/ROS2-Autonomous-Driving-and-Navigation-SLAM-with-TurtleBot3/image_resources) by extension 'python'
[0.140s] Level 1:colcon.colcon_core.package_identification:_identify(src/ROS2-Autonomous-Driving-and-Navigation-SLAM-with-TurtleBot3/image_resources) by extensions ['python_setup_py']
[0.140s] Level 1:colcon.colcon_core.package_identification:_identify(src/ROS2-Autonomous-Driving-and-Navigation-SLAM-with-TurtleBot3/image_resources) by extension 'python_setup_py'
[0.141s] Level 1:colcon.colcon_core.package_identification:_identify(src/ros2_patrol_robot) by extensions ['ignore', 'ignore_ament_install']
[0.141s] Level 1:colcon.colcon_core.package_identification:_identify(src/ros2_patrol_robot) by extension 'ignore'
[0.141s] Level 1:colcon.colcon_core.package_identification:_identify(src/ros2_patrol_robot) by extension 'ignore_ament_install'
[0.141s] Level 1:colcon.colcon_core.package_identification:_identify(src/ros2_patrol_robot) by extensions ['colcon_pkg']
[0.141s] Level 1:colcon.colcon_core.package_identification:_identify(src/ros2_patrol_robot) by extension 'colcon_pkg'
[0.141s] Level 1:colcon.colcon_core.package_identification:_identify(src/ros2_patrol_robot) by extensions ['colcon_meta']
[0.141s] Level 1:colcon.colcon_core.package_identification:_identify(src/ros2_patrol_robot) by extension 'colcon_meta'
[0.141s] Level 1:colcon.colcon_core.package_identification:_identify(src/ros2_patrol_robot) by extensions ['ros']
[0.141s] Level 1:colcon.colcon_core.package_identification:_identify(src/ros2_patrol_robot) by extension 'ros'
[0.141s] Level 1:colcon.colcon_core.package_identification:_identify(src/ros2_patrol_robot) by extensions ['cmake', 'python']
[0.141s] Level 1:colcon.colcon_core.package_identification:_identify(src/ros2_patrol_robot) by extension 'cmake'
[0.141s] Level 1:colcon.colcon_core.package_identification:_identify(src/ros2_patrol_robot) by extension 'python'
[0.141s] Level 1:colcon.colcon_core.package_identification:_identify(src/ros2_patrol_robot) by extensions ['python_setup_py']
[0.141s] Level 1:colcon.colcon_core.package_identification:_identify(src/ros2_patrol_robot) by extension 'python_setup_py'
[0.141s] Level 1:colcon.colcon_core.package_identification:_identify(src/ros2_patrol_robot/autopatrol_interfaces) by extensions ['ignore', 'ignore_ament_install']
[0.141s] Level 1:colcon.colcon_core.package_identification:_identify(src/ros2_patrol_robot/autopatrol_interfaces) by extension 'ignore'
[0.141s] Level 1:colcon.colcon_core.package_identification:_identify(src/ros2_patrol_robot/autopatrol_interfaces) by extension 'ignore_ament_install'
[0.141s] Level 1:colcon.colcon_core.package_identification:_identify(src/ros2_patrol_robot/autopatrol_interfaces) by extensions ['colcon_pkg']
[0.141s] Level 1:colcon.colcon_core.package_identification:_identify(src/ros2_patrol_robot/autopatrol_interfaces) by extension 'colcon_pkg'
[0.141s] Level 1:colcon.colcon_core.package_identification:_identify(src/ros2_patrol_robot/autopatrol_interfaces) by extensions ['colcon_meta']
[0.141s] Level 1:colcon.colcon_core.package_identification:_identify(src/ros2_patrol_robot/autopatrol_interfaces) by extension 'colcon_meta'
[0.141s] Level 1:colcon.colcon_core.package_identification:_identify(src/ros2_patrol_robot/autopatrol_interfaces) by extensions ['ros']
[0.141s] Level 1:colcon.colcon_core.package_identification:_identify(src/ros2_patrol_robot/autopatrol_interfaces) by extension 'ros'
[0.142s] DEBUG:colcon.colcon_core.package_identification:Package 'src/ros2_patrol_robot/autopatrol_interfaces' with type 'ros.ament_cmake' and name 'autopatrol_interfaces'
[0.142s] Level 1:colcon.colcon_core.package_identification:_identify(src/ros2_patrol_robot/autopatrol_robot) by extensions ['ignore', 'ignore_ament_install']
[0.143s] Level 1:colcon.colcon_core.package_identification:_identify(src/ros2_patrol_robot/autopatrol_robot) by extension 'ignore'
[0.143s] Level 1:colcon.colcon_core.package_identification:_identify(src/ros2_patrol_robot/autopatrol_robot) by extension 'ignore_ament_install'
[0.143s] Level 1:colcon.colcon_core.package_identification:_identify(src/ros2_patrol_robot/autopatrol_robot) by extensions ['colcon_pkg']
[0.143s] Level 1:colcon.colcon_core.package_identification:_identify(src/ros2_patrol_robot/autopatrol_robot) by extension 'colcon_pkg'
[0.143s] Level 1:colcon.colcon_core.package_identification:_identify(src/ros2_patrol_robot/autopatrol_robot) by extensions ['colcon_meta']
[0.143s] Level 1:colcon.colcon_core.package_identification:_identify(src/ros2_patrol_robot/autopatrol_robot) by extension 'colcon_meta'
[0.143s] Level 1:colcon.colcon_core.package_identification:_identify(src/ros2_patrol_robot/autopatrol_robot) by extensions ['ros']
[0.143s] Level 1:colcon.colcon_core.package_identification:_identify(src/ros2_patrol_robot/autopatrol_robot) by extension 'ros'
[0.144s] DEBUG:colcon.colcon_core.package_identification:Package 'src/ros2_patrol_robot/autopatrol_robot' with type 'ros.ament_python' and name 'autopatrol_robot'
[0.144s] Level 1:colcon.colcon_core.package_identification:_identify(src/ros2_patrol_robot/fishbot_application) by extensions ['ignore', 'ignore_ament_install']
[0.144s] Level 1:colcon.colcon_core.package_identification:_identify(src/ros2_patrol_robot/fishbot_application) by extension 'ignore'
[0.144s] Level 1:colcon.colcon_core.package_identification:_identify(src/ros2_patrol_robot/fishbot_application) by extension 'ignore_ament_install'
[0.144s] Level 1:colcon.colcon_core.package_identification:_identify(src/ros2_patrol_robot/fishbot_application) by extensions ['colcon_pkg']
[0.144s] Level 1:colcon.colcon_core.package_identification:_identify(src/ros2_patrol_robot/fishbot_application) by extension 'colcon_pkg'
[0.144s] Level 1:colcon.colcon_core.package_identification:_identify(src/ros2_patrol_robot/fishbot_application) by extensions ['colcon_meta']
[0.144s] Level 1:colcon.colcon_core.package_identification:_identify(src/ros2_patrol_robot/fishbot_application) by extension 'colcon_meta'
[0.144s] Level 1:colcon.colcon_core.package_identification:_identify(src/ros2_patrol_robot/fishbot_application) by extensions ['ros']
[0.144s] Level 1:colcon.colcon_core.package_identification:_identify(src/ros2_patrol_robot/fishbot_application) by extension 'ros'
[0.145s] DEBUG:colcon.colcon_core.package_identification:Package 'src/ros2_patrol_robot/fishbot_application' with type 'ros.ament_python' and name 'fishbot_application'
[0.145s] Level 1:colcon.colcon_core.package_identification:_identify(src/ros2_patrol_robot/fishbot_application_cpp) by extensions ['ignore', 'ignore_ament_install']
[0.145s] Level 1:colcon.colcon_core.package_identification:_identify(src/ros2_patrol_robot/fishbot_application_cpp) by extension 'ignore'
[0.145s] Level 1:colcon.colcon_core.package_identification:_identify(src/ros2_patrol_robot/fishbot_application_cpp) by extension 'ignore_ament_install'
[0.145s] Level 1:colcon.colcon_core.package_identification:_identify(src/ros2_patrol_robot/fishbot_application_cpp) by extensions ['colcon_pkg']
[0.145s] Level 1:colcon.colcon_core.package_identification:_identify(src/ros2_patrol_robot/fishbot_application_cpp) by extension 'colcon_pkg'
[0.145s] Level 1:colcon.colcon_core.package_identification:_identify(src/ros2_patrol_robot/fishbot_application_cpp) by extensions ['colcon_meta']
[0.145s] Level 1:colcon.colcon_core.package_identification:_identify(src/ros2_patrol_robot/fishbot_application_cpp) by extension 'colcon_meta'
[0.145s] Level 1:colcon.colcon_core.package_identification:_identify(src/ros2_patrol_robot/fishbot_application_cpp) by extensions ['ros']
[0.145s] Level 1:colcon.colcon_core.package_identification:_identify(src/ros2_patrol_robot/fishbot_application_cpp) by extension 'ros'
[0.146s] DEBUG:colcon.colcon_core.package_identification:Package 'src/ros2_patrol_robot/fishbot_application_cpp' with type 'ros.ament_cmake' and name 'fishbot_application_cpp'
[0.146s] Level 1:colcon.colcon_core.package_identification:_identify(src/ros2_patrol_robot/fishbot_description) by extensions ['ignore', 'ignore_ament_install']
[0.146s] Level 1:colcon.colcon_core.package_identification:_identify(src/ros2_patrol_robot/fishbot_description) by extension 'ignore'
[0.146s] Level 1:colcon.colcon_core.package_identification:_identify(src/ros2_patrol_robot/fishbot_description) by extension 'ignore_ament_install'
[0.146s] Level 1:colcon.colcon_core.package_identification:_identify(src/ros2_patrol_robot/fishbot_description) by extensions ['colcon_pkg']
[0.146s] Level 1:colcon.colcon_core.package_identification:_identify(src/ros2_patrol_robot/fishbot_description) by extension 'colcon_pkg'
[0.146s] Level 1:colcon.colcon_core.package_identification:_identify(src/ros2_patrol_robot/fishbot_description) by extensions ['colcon_meta']
[0.146s] Level 1:colcon.colcon_core.package_identification:_identify(src/ros2_patrol_robot/fishbot_description) by extension 'colcon_meta'
[0.146s] Level 1:colcon.colcon_core.package_identification:_identify(src/ros2_patrol_robot/fishbot_description) by extensions ['ros']
[0.146s] Level 1:colcon.colcon_core.package_identification:_identify(src/ros2_patrol_robot/fishbot_description) by extension 'ros'
[0.147s] DEBUG:colcon.colcon_core.package_identification:Package 'src/ros2_patrol_robot/fishbot_description' with type 'ros.ament_cmake' and name 'fishbot_description'
[0.147s] Level 1:colcon.colcon_core.package_identification:_identify(src/ros2_patrol_robot/fishbot_navigation2) by extensions ['ignore', 'ignore_ament_install']
[0.147s] Level 1:colcon.colcon_core.package_identification:_identify(src/ros2_patrol_robot/fishbot_navigation2) by extension 'ignore'
[0.147s] Level 1:colcon.colcon_core.package_identification:_identify(src/ros2_patrol_robot/fishbot_navigation2) by extension 'ignore_ament_install'
[0.147s] Level 1:colcon.colcon_core.package_identification:_identify(src/ros2_patrol_robot/fishbot_navigation2) by extensions ['colcon_pkg']
[0.147s] Level 1:colcon.colcon_core.package_identification:_identify(src/ros2_patrol_robot/fishbot_navigation2) by extension 'colcon_pkg'
[0.147s] Level 1:colcon.colcon_core.package_identification:_identify(src/ros2_patrol_robot/fishbot_navigation2) by extensions ['colcon_meta']
[0.147s] Level 1:colcon.colcon_core.package_identification:_identify(src/ros2_patrol_robot/fishbot_navigation2) by extension 'colcon_meta'
[0.147s] Level 1:colcon.colcon_core.package_identification:_identify(src/ros2_patrol_robot/fishbot_navigation2) by extensions ['ros']
[0.147s] Level 1:colcon.colcon_core.package_identification:_identify(src/ros2_patrol_robot/fishbot_navigation2) by extension 'ros'
[0.148s] DEBUG:colcon.colcon_core.package_identification:Package 'src/ros2_patrol_robot/fishbot_navigation2' with type 'ros.ament_cmake' and name 'fishbot_navigation2'
[0.148s] Level 1:colcon.colcon_core.package_discovery:discover_packages(recursive) using defaults
[0.148s] Level 1:colcon.colcon_core.package_discovery:discover_packages(ignore) discover
[0.148s] Level 1:colcon.colcon_core.package_discovery:discover_packages(ignore) using defaults
[0.148s] Level 1:colcon.colcon_core.package_discovery:discover_packages(path) discover
[0.148s] Level 1:colcon.colcon_core.package_discovery:discover_packages(path) using defaults
[0.165s] Level 1:colcon.colcon_core.package_discovery:discover_packages(prefix_path) check parameters
[0.165s] Level 1:colcon.colcon_core.package_discovery:discover_packages(prefix_path) discover
[0.166s] DEBUG:colcon.colcon_installed_package_information.package_discovery:Found 2 installed packages in /home/li/Work/Nav2_simple/install
[0.167s] DEBUG:colcon.colcon_installed_package_information.package_discovery:Found 546 installed packages in /opt/ros/humble
[0.169s] Level 1:colcon.colcon_core.package_discovery:discover_packages(prefix_path) using defaults
[0.213s] Level 5:colcon.colcon_core.verb:set package 'autonomous_tb3' build argument 'cmake_args' from command line to 'None'
[0.213s] Level 5:colcon.colcon_core.verb:set package 'autonomous_tb3' build argument 'cmake_target' from command line to 'None'
[0.213s] Level 5:colcon.colcon_core.verb:set package 'autonomous_tb3' build argument 'cmake_target_skip_unavailable' from command line to 'False'
[0.213s] Level 5:colcon.colcon_core.verb:set package 'autonomous_tb3' build argument 'cmake_clean_cache' from command line to 'False'
[0.213s] Level 5:colcon.colcon_core.verb:set package 'autonomous_tb3' build argument 'cmake_clean_first' from command line to 'False'
[0.213s] Level 5:colcon.colcon_core.verb:set package 'autonomous_tb3' build argument 'cmake_force_configure' from command line to 'False'
[0.213s] Level 5:colcon.colcon_core.verb:set package 'autonomous_tb3' build argument 'ament_cmake_args' from command line to 'None'
[0.213s] Level 5:colcon.colcon_core.verb:set package 'autonomous_tb3' build argument 'catkin_cmake_args' from command line to 'None'
[0.213s] Level 5:colcon.colcon_core.verb:set package 'autonomous_tb3' build argument 'catkin_skip_building_tests' from command line to 'False'
[0.213s] DEBUG:colcon.colcon_core.verb:Building package 'autonomous_tb3' with the following arguments: {'ament_cmake_args': None, 'build_base': '/home/li/Work/Nav2_simple/build/autonomous_tb3', 'catkin_cmake_args': None, 'catkin_skip_building_tests': False, 'cmake_args': None, 'cmake_clean_cache': False, 'cmake_clean_first': False, 'cmake_force_configure': False, 'cmake_target': None, 'cmake_target_skip_unavailable': False, 'install_base': '/home/li/Work/Nav2_simple/install/autonomous_tb3', 'merge_install': False, 'path': '/home/li/Work/Nav2_simple/src/ROS2-Autonomous-Driving-and-Navigation-SLAM-with-TurtleBot3/autonomous_tb3', 'symlink_install': False, 'test_result_base': None}
[0.213s] Level 5:colcon.colcon_core.verb:set package 'autopatrol_interfaces' build argument 'cmake_args' from command line to 'None'
[0.213s] Level 5:colcon.colcon_core.verb:set package 'autopatrol_interfaces' build argument 'cmake_target' from command line to 'None'
[0.213s] Level 5:colcon.colcon_core.verb:set package 'autopatrol_interfaces' build argument 'cmake_target_skip_unavailable' from command line to 'False'
[0.213s] Level 5:colcon.colcon_core.verb:set package 'autopatrol_interfaces' build argument 'cmake_clean_cache' from command line to 'False'
[0.213s] Level 5:colcon.colcon_core.verb:set package 'autopatrol_interfaces' build argument 'cmake_clean_first' from command line to 'False'
[0.213s] Level 5:colcon.colcon_core.verb:set package 'autopatrol_interfaces' build argument 'cmake_force_configure' from command line to 'False'
[0.213s] Level 5:colcon.colcon_core.verb:set package 'autopatrol_interfaces' build argument 'ament_cmake_args' from command line to 'None'
[0.213s] Level 5:colcon.colcon_core.verb:set package 'autopatrol_interfaces' build argument 'catkin_cmake_args' from command line to 'None'
[0.213s] Level 5:colcon.colcon_core.verb:set package 'autopatrol_interfaces' build argument 'catkin_skip_building_tests' from command line to 'False'
[0.213s] DEBUG:colcon.colcon_core.verb:Building package 'autopatrol_interfaces' with the following arguments: {'ament_cmake_args': None, 'build_base': '/home/li/Work/Nav2_simple/build/autopatrol_interfaces', 'catkin_cmake_args': None, 'catkin_skip_building_tests': False, 'cmake_args': None, 'cmake_clean_cache': False, 'cmake_clean_first': False, 'cmake_force_configure': False, 'cmake_target': None, 'cmake_target_skip_unavailable': False, 'install_base': '/home/li/Work/Nav2_simple/install/autopatrol_interfaces', 'merge_install': False, 'path': '/home/li/Work/Nav2_simple/src/ros2_patrol_robot/autopatrol_interfaces', 'symlink_install': False, 'test_result_base': None}
[0.213s] Level 5:colcon.colcon_core.verb:set package 'autopatrol_robot' build argument 'cmake_args' from command line to 'None'
[0.213s] Level 5:colcon.colcon_core.verb:set package 'autopatrol_robot' build argument 'cmake_target' from command line to 'None'
[0.213s] Level 5:colcon.colcon_core.verb:set package 'autopatrol_robot' build argument 'cmake_target_skip_unavailable' from command line to 'False'
[0.214s] Level 5:colcon.colcon_core.verb:set package 'autopatrol_robot' build argument 'cmake_clean_cache' from command line to 'False'
[0.214s] Level 5:colcon.colcon_core.verb:set package 'autopatrol_robot' build argument 'cmake_clean_first' from command line to 'False'
[0.214s] Level 5:colcon.colcon_core.verb:set package 'autopatrol_robot' build argument 'cmake_force_configure' from command line to 'False'
[0.214s] Level 5:colcon.colcon_core.verb:set package 'autopatrol_robot' build argument 'ament_cmake_args' from command line to 'None'
[0.214s] Level 5:colcon.colcon_core.verb:set package 'autopatrol_robot' build argument 'catkin_cmake_args' from command line to 'None'
[0.214s] Level 5:colcon.colcon_core.verb:set package 'autopatrol_robot' build argument 'catkin_skip_building_tests' from command line to 'False'
[0.214s] DEBUG:colcon.colcon_core.verb:Building package 'autopatrol_robot' with the following arguments: {'ament_cmake_args': None, 'build_base': '/home/li/Work/Nav2_simple/build/autopatrol_robot', 'catkin_cmake_args': None, 'catkin_skip_building_tests': False, 'cmake_args': None, 'cmake_clean_cache': False, 'cmake_clean_first': False, 'cmake_force_configure': False, 'cmake_target': None, 'cmake_target_skip_unavailable': False, 'install_base': '/home/li/Work/Nav2_simple/install/autopatrol_robot', 'merge_install': False, 'path': '/home/li/Work/Nav2_simple/src/ros2_patrol_robot/autopatrol_robot', 'symlink_install': False, 'test_result_base': None}
[0.214s] Level 5:colcon.colcon_core.verb:set package 'fishbot_application' build argument 'cmake_args' from command line to 'None'
[0.214s] Level 5:colcon.colcon_core.verb:set package 'fishbot_application' build argument 'cmake_target' from command line to 'None'
[0.214s] Level 5:colcon.colcon_core.verb:set package 'fishbot_application' build argument 'cmake_target_skip_unavailable' from command line to 'False'
[0.214s] Level 5:colcon.colcon_core.verb:set package 'fishbot_application' build argument 'cmake_clean_cache' from command line to 'False'
[0.214s] Level 5:colcon.colcon_core.verb:set package 'fishbot_application' build argument 'cmake_clean_first' from command line to 'False'
[0.214s] Level 5:colcon.colcon_core.verb:set package 'fishbot_application' build argument 'cmake_force_configure' from command line to 'False'
[0.214s] Level 5:colcon.colcon_core.verb:set package 'fishbot_application' build argument 'ament_cmake_args' from command line to 'None'
[0.214s] Level 5:colcon.colcon_core.verb:set package 'fishbot_application' build argument 'catkin_cmake_args' from command line to 'None'
[0.214s] Level 5:colcon.colcon_core.verb:set package 'fishbot_application' build argument 'catkin_skip_building_tests' from command line to 'False'
[0.214s] DEBUG:colcon.colcon_core.verb:Building package 'fishbot_application' with the following arguments: {'ament_cmake_args': None, 'build_base': '/home/li/Work/Nav2_simple/build/fishbot_application', 'catkin_cmake_args': None, 'catkin_skip_building_tests': False, 'cmake_args': None, 'cmake_clean_cache': False, 'cmake_clean_first': False, 'cmake_force_configure': False, 'cmake_target': None, 'cmake_target_skip_unavailable': False, 'install_base': '/home/li/Work/Nav2_simple/install/fishbot_application', 'merge_install': False, 'path': '/home/li/Work/Nav2_simple/src/ros2_patrol_robot/fishbot_application', 'symlink_install': False, 'test_result_base': None}
[0.214s] Level 5:colcon.colcon_core.verb:set package 'fishbot_application_cpp' build argument 'cmake_args' from command line to 'None'
[0.214s] Level 5:colcon.colcon_core.verb:set package 'fishbot_application_cpp' build argument 'cmake_target' from command line to 'None'
[0.214s] Level 5:colcon.colcon_core.verb:set package 'fishbot_application_cpp' build argument 'cmake_target_skip_unavailable' from command line to 'False'
[0.214s] Level 5:colcon.colcon_core.verb:set package 'fishbot_application_cpp' build argument 'cmake_clean_cache' from command line to 'False'
[0.214s] Level 5:colcon.colcon_core.verb:set package 'fishbot_application_cpp' build argument 'cmake_clean_first' from command line to 'False'
[0.214s] Level 5:colcon.colcon_core.verb:set package 'fishbot_application_cpp' build argument 'cmake_force_configure' from command line to 'False'
[0.214s] Level 5:colcon.colcon_core.verb:set package 'fishbot_application_cpp' build argument 'ament_cmake_args' from command line to 'None'
[0.214s] Level 5:colcon.colcon_core.verb:set package 'fishbot_application_cpp' build argument 'catkin_cmake_args' from command line to 'None'
[0.214s] Level 5:colcon.colcon_core.verb:set package 'fishbot_application_cpp' build argument 'catkin_skip_building_tests' from command line to 'False'
[0.214s] DEBUG:colcon.colcon_core.verb:Building package 'fishbot_application_cpp' with the following arguments: {'ament_cmake_args': None, 'build_base': '/home/li/Work/Nav2_simple/build/fishbot_application_cpp', 'catkin_cmake_args': None, 'catkin_skip_building_tests': False, 'cmake_args': None, 'cmake_clean_cache': False, 'cmake_clean_first': False, 'cmake_force_configure': False, 'cmake_target': None, 'cmake_target_skip_unavailable': False, 'install_base': '/home/li/Work/Nav2_simple/install/fishbot_application_cpp', 'merge_install': False, 'path': '/home/li/Work/Nav2_simple/src/ros2_patrol_robot/fishbot_application_cpp', 'symlink_install': False, 'test_result_base': None}
[0.214s] Level 5:colcon.colcon_core.verb:set package 'fishbot_description' build argument 'cmake_args' from command line to 'None'
[0.215s] Level 5:colcon.colcon_core.verb:set package 'fishbot_description' build argument 'cmake_target' from command line to 'None'
[0.215s] Level 5:colcon.colcon_core.verb:set package 'fishbot_description' build argument 'cmake_target_skip_unavailable' from command line to 'False'
[0.215s] Level 5:colcon.colcon_core.verb:set package 'fishbot_description' build argument 'cmake_clean_cache' from command line to 'False'
[0.215s] Level 5:colcon.colcon_core.verb:set package 'fishbot_description' build argument 'cmake_clean_first' from command line to 'False'
[0.215s] Level 5:colcon.colcon_core.verb:set package 'fishbot_description' build argument 'cmake_force_configure' from command line to 'False'
[0.215s] Level 5:colcon.colcon_core.verb:set package 'fishbot_description' build argument 'ament_cmake_args' from command line to 'None'
[0.215s] Level 5:colcon.colcon_core.verb:set package 'fishbot_description' build argument 'catkin_cmake_args' from command line to 'None'
[0.215s] Level 5:colcon.colcon_core.verb:set package 'fishbot_description' build argument 'catkin_skip_building_tests' from command line to 'False'
[0.215s] DEBUG:colcon.colcon_core.verb:Building package 'fishbot_description' with the following arguments: {'ament_cmake_args': None, 'build_base': '/home/li/Work/Nav2_simple/build/fishbot_description', 'catkin_cmake_args': None, 'catkin_skip_building_tests': False, 'cmake_args': None, 'cmake_clean_cache': False, 'cmake_clean_first': False, 'cmake_force_configure': False, 'cmake_target': None, 'cmake_target_skip_unavailable': False, 'install_base': '/home/li/Work/Nav2_simple/install/fishbot_description', 'merge_install': False, 'path': '/home/li/Work/Nav2_simple/src/ros2_patrol_robot/fishbot_description', 'symlink_install': False, 'test_result_base': None}
[0.215s] Level 5:colcon.colcon_core.verb:set package 'fishbot_navigation2' build argument 'cmake_args' from command line to 'None'
[0.215s] Level 5:colcon.colcon_core.verb:set package 'fishbot_navigation2' build argument 'cmake_target' from command line to 'None'
[0.215s] Level 5:colcon.colcon_core.verb:set package 'fishbot_navigation2' build argument 'cmake_target_skip_unavailable' from command line to 'False'
[0.215s] Level 5:colcon.colcon_core.verb:set package 'fishbot_navigation2' build argument 'cmake_clean_cache' from command line to 'False'
[0.215s] Level 5:colcon.colcon_core.verb:set package 'fishbot_navigation2' build argument 'cmake_clean_first' from command line to 'False'
[0.215s] Level 5:colcon.colcon_core.verb:set package 'fishbot_navigation2' build argument 'cmake_force_configure' from command line to 'False'
[0.215s] Level 5:colcon.colcon_core.verb:set package 'fishbot_navigation2' build argument 'ament_cmake_args' from command line to 'None'
[0.215s] Level 5:colcon.colcon_core.verb:set package 'fishbot_navigation2' build argument 'catkin_cmake_args' from command line to 'None'
[0.215s] Level 5:colcon.colcon_core.verb:set package 'fishbot_navigation2' build argument 'catkin_skip_building_tests' from command line to 'False'
[0.215s] DEBUG:colcon.colcon_core.verb:Building package 'fishbot_navigation2' with the following arguments: {'ament_cmake_args': None, 'build_base': '/home/li/Work/Nav2_simple/build/fishbot_navigation2', 'catkin_cmake_args': None, 'catkin_skip_building_tests': False, 'cmake_args': None, 'cmake_clean_cache': False, 'cmake_clean_first': False, 'cmake_force_configure': False, 'cmake_target': None, 'cmake_target_skip_unavailable': False, 'install_base': '/home/li/Work/Nav2_simple/install/fishbot_navigation2', 'merge_install': False, 'path': '/home/li/Work/Nav2_simple/src/ros2_patrol_robot/fishbot_navigation2', 'symlink_install': False, 'test_result_base': None}
[0.215s] INFO:colcon.colcon_core.executor:Executing jobs using 'parallel' executor
[0.216s] DEBUG:colcon.colcon_parallel_executor.executor.parallel:run_until_complete
[0.216s] INFO:colcon.colcon_ros.task.ament_python.build:Building ROS package in '/home/li/Work/Nav2_simple/src/ROS2-Autonomous-Driving-and-Navigation-SLAM-with-TurtleBot3/autonomous_tb3' with build type 'ament_python'
[0.216s] Level 1:colcon.colcon_core.shell:create_environment_hook('autonomous_tb3', 'ament_prefix_path')
[0.218s] INFO:colcon.colcon_core.plugin_system:Skipping extension 'colcon_core.shell.bat': Not used on non-Windows systems
[0.218s] INFO:colcon.colcon_core.shell:Creating environment hook '/home/li/Work/Nav2_simple/install/autonomous_tb3/share/autonomous_tb3/hook/ament_prefix_path.ps1'
[0.218s] INFO:colcon.colcon_core.shell:Creating environment descriptor '/home/li/Work/Nav2_simple/install/autonomous_tb3/share/autonomous_tb3/hook/ament_prefix_path.dsv'
[0.219s] INFO:colcon.colcon_core.shell:Creating environment hook '/home/li/Work/Nav2_simple/install/autonomous_tb3/share/autonomous_tb3/hook/ament_prefix_path.sh'
[0.219s] INFO:colcon.colcon_core.shell:Skip shell extension 'powershell' for command environment: Not usable outside of PowerShell
[0.219s] DEBUG:colcon.colcon_core.shell:Skip shell extension 'dsv' for command environment
[0.222s] INFO:colcon.colcon_ros.task.ament_cmake.build:Building ROS package in '/home/li/Work/Nav2_simple/src/ros2_patrol_robot/autopatrol_interfaces' with build type 'ament_cmake'
[0.222s] INFO:colcon.colcon_cmake.task.cmake.build:Building CMake package in '/home/li/Work/Nav2_simple/src/ros2_patrol_robot/autopatrol_interfaces'
[0.222s] INFO:colcon.colcon_core.shell:Skip shell extension 'powershell' for command environment: Not usable outside of PowerShell
[0.222s] DEBUG:colcon.colcon_core.shell:Skip shell extension 'dsv' for command environment
[0.225s] INFO:colcon.colcon_ros.task.ament_python.build:Building ROS package in '/home/li/Work/Nav2_simple/src/ros2_patrol_robot/autopatrol_robot' with build type 'ament_python'
[0.225s] Level 1:colcon.colcon_core.shell:create_environment_hook('autopatrol_robot', 'ament_prefix_path')
[0.225s] INFO:colcon.colcon_core.shell:Creating environment hook '/home/li/Work/Nav2_simple/install/autopatrol_robot/share/autopatrol_robot/hook/ament_prefix_path.ps1'
[0.225s] INFO:colcon.colcon_core.shell:Creating environment descriptor '/home/li/Work/Nav2_simple/install/autopatrol_robot/share/autopatrol_robot/hook/ament_prefix_path.dsv'
[0.225s] INFO:colcon.colcon_core.shell:Creating environment hook '/home/li/Work/Nav2_simple/install/autopatrol_robot/share/autopatrol_robot/hook/ament_prefix_path.sh'
[0.226s] INFO:colcon.colcon_core.shell:Skip shell extension 'powershell' for command environment: Not usable outside of PowerShell
[0.226s] DEBUG:colcon.colcon_core.shell:Skip shell extension 'dsv' for command environment
[0.228s] INFO:colcon.colcon_ros.task.ament_python.build:Building ROS package in '/home/li/Work/Nav2_simple/src/ros2_patrol_robot/fishbot_application' with build type 'ament_python'
[0.228s] Level 1:colcon.colcon_core.shell:create_environment_hook('fishbot_application', 'ament_prefix_path')
[0.229s] INFO:colcon.colcon_core.shell:Creating environment hook '/home/li/Work/Nav2_simple/install/fishbot_application/share/fishbot_application/hook/ament_prefix_path.ps1'
[0.229s] INFO:colcon.colcon_core.shell:Creating environment descriptor '/home/li/Work/Nav2_simple/install/fishbot_application/share/fishbot_application/hook/ament_prefix_path.dsv'
[0.229s] INFO:colcon.colcon_core.shell:Creating environment hook '/home/li/Work/Nav2_simple/install/fishbot_application/share/fishbot_application/hook/ament_prefix_path.sh'
[0.230s] INFO:colcon.colcon_core.shell:Skip shell extension 'powershell' for command environment: Not usable outside of PowerShell
[0.230s] DEBUG:colcon.colcon_core.shell:Skip shell extension 'dsv' for command environment
[0.232s] INFO:colcon.colcon_ros.task.ament_cmake.build:Building ROS package in '/home/li/Work/Nav2_simple/src/ros2_patrol_robot/fishbot_application_cpp' with build type 'ament_cmake'
[0.232s] INFO:colcon.colcon_cmake.task.cmake.build:Building CMake package in '/home/li/Work/Nav2_simple/src/ros2_patrol_robot/fishbot_application_cpp'
[0.232s] INFO:colcon.colcon_core.shell:Skip shell extension 'powershell' for command environment: Not usable outside of PowerShell
[0.232s] DEBUG:colcon.colcon_core.shell:Skip shell extension 'dsv' for command environment
[0.235s] INFO:colcon.colcon_ros.task.ament_cmake.build:Building ROS package in '/home/li/Work/Nav2_simple/src/ros2_patrol_robot/fishbot_description' with build type 'ament_cmake'
[0.235s] INFO:colcon.colcon_cmake.task.cmake.build:Building CMake package in '/home/li/Work/Nav2_simple/src/ros2_patrol_robot/fishbot_description'
[0.235s] INFO:colcon.colcon_core.shell:Skip shell extension 'powershell' for command environment: Not usable outside of PowerShell
[0.235s] DEBUG:colcon.colcon_core.shell:Skip shell extension 'dsv' for command environment
[0.238s] INFO:colcon.colcon_ros.task.ament_cmake.build:Building ROS package in '/home/li/Work/Nav2_simple/src/ros2_patrol_robot/fishbot_navigation2' with build type 'ament_cmake'
[0.238s] INFO:colcon.colcon_cmake.task.cmake.build:Building CMake package in '/home/li/Work/Nav2_simple/src/ros2_patrol_robot/fishbot_navigation2'
[0.238s] INFO:colcon.colcon_core.shell:Skip shell extension 'powershell' for command environment: Not usable outside of PowerShell
[0.238s] DEBUG:colcon.colcon_core.shell:Skip shell extension 'dsv' for command environment
[0.410s] INFO:colcon.colcon_core.task.python.build:Building Python package in '/home/li/Work/Nav2_simple/src/ROS2-Autonomous-Driving-and-Navigation-SLAM-with-TurtleBot3/autonomous_tb3'
[0.410s] INFO:colcon.colcon_core.shell:Skip shell extension 'powershell' for command environment: Not usable outside of PowerShell
[0.410s] DEBUG:colcon.colcon_core.shell:Skip shell extension 'dsv' for command environment
[0.416s] DEBUG:colcon.colcon_core.event_handler.log_command:Invoking command in '/home/li/Work/Nav2_simple/build/autopatrol_interfaces': CMAKE_PREFIX_PATH=${CMAKE_PREFIX_PATH}:/home/li/Work/Nav2_simple/install/fishbot_application:/home/li/Work/Nav2_simple/install/autopatrol_robot:/home/li/Work/Nav2_simple/install/autonomous_tb3 CONDA_PROMPT_MODIFIER=(ros_humble) /usr/bin/cmake --build /home/li/Work/Nav2_simple/build/autopatrol_interfaces -- -j16 -l16
[0.605s] INFO:colcon.colcon_core.task.python.build:Building Python package in '/home/li/Work/Nav2_simple/src/ros2_patrol_robot/autopatrol_robot'
[0.605s] INFO:colcon.colcon_core.shell:Skip shell extension 'powershell' for command environment: Not usable outside of PowerShell
[0.605s] DEBUG:colcon.colcon_core.shell:Skip shell extension 'dsv' for command environment
[0.767s] INFO:colcon.colcon_core.task.python.build:Building Python package in '/home/li/Work/Nav2_simple/src/ros2_patrol_robot/fishbot_application'
[0.767s] INFO:colcon.colcon_core.shell:Skip shell extension 'powershell' for command environment: Not usable outside of PowerShell
[0.767s] DEBUG:colcon.colcon_core.shell:Skip shell extension 'dsv' for command environment
[0.773s] DEBUG:colcon.colcon_core.event_handler.log_command:Invoking command in '/home/li/Work/Nav2_simple/build/fishbot_application_cpp': CMAKE_PREFIX_PATH=${CMAKE_PREFIX_PATH}:/home/li/Work/Nav2_simple/install/fishbot_application:/home/li/Work/Nav2_simple/install/autopatrol_robot:/home/li/Work/Nav2_simple/install/autonomous_tb3 CONDA_PROMPT_MODIFIER=(ros_humble) /usr/bin/cmake --build /home/li/Work/Nav2_simple/build/fishbot_application_cpp -- -j16 -l16
[0.774s] DEBUG:colcon.colcon_core.event_handler.log_command:Invoking command in '/home/li/Work/Nav2_simple/build/fishbot_description': CMAKE_PREFIX_PATH=${CMAKE_PREFIX_PATH}:/home/li/Work/Nav2_simple/install/fishbot_application:/home/li/Work/Nav2_simple/install/autopatrol_robot:/home/li/Work/Nav2_simple/install/autonomous_tb3 CONDA_PROMPT_MODIFIER=(ros_humble) /usr/bin/cmake --build /home/li/Work/Nav2_simple/build/fishbot_description -- -j16 -l16
[0.783s] DEBUG:colcon.colcon_core.event_handler.log_command:Invoking command in '/home/li/Work/Nav2_simple/build/fishbot_navigation2': CMAKE_PREFIX_PATH=${CMAKE_PREFIX_PATH}:/home/li/Work/Nav2_simple/install/fishbot_application:/home/li/Work/Nav2_simple/install/autopatrol_robot:/home/li/Work/Nav2_simple/install/autonomous_tb3 CONDA_PROMPT_MODIFIER=(ros_humble) /usr/bin/cmake --build /home/li/Work/Nav2_simple/build/fishbot_navigation2 -- -j16 -l16
[0.783s] DEBUG:colcon.colcon_core.event_handler.log_command:Invoked command in '/home/li/Work/Nav2_simple/build/autopatrol_interfaces' returned '0': CMAKE_PREFIX_PATH=${CMAKE_PREFIX_PATH}:/home/li/Work/Nav2_simple/install/fishbot_application:/home/li/Work/Nav2_simple/install/autopatrol_robot:/home/li/Work/Nav2_simple/install/autonomous_tb3 CONDA_PROMPT_MODIFIER=(ros_humble) /usr/bin/cmake --build /home/li/Work/Nav2_simple/build/autopatrol_interfaces -- -j16 -l16
[0.790s] DEBUG:colcon.colcon_core.event_handler.log_command:Invoking command in '/home/li/Work/Nav2_simple/build/autopatrol_interfaces': CMAKE_PREFIX_PATH=${CMAKE_PREFIX_PATH}:/home/li/Work/Nav2_simple/install/fishbot_application:/home/li/Work/Nav2_simple/install/autopatrol_robot:/home/li/Work/Nav2_simple/install/autonomous_tb3 CONDA_PROMPT_MODIFIER=(ros_humble) /usr/bin/cmake --install /home/li/Work/Nav2_simple/build/autopatrol_interfaces
[0.814s] DEBUG:colcon.colcon_core.event_handler.log_command:Invoked command in '/home/li/Work/Nav2_simple/build/fishbot_description' returned '0': CMAKE_PREFIX_PATH=${CMAKE_PREFIX_PATH}:/home/li/Work/Nav2_simple/install/fishbot_application:/home/li/Work/Nav2_simple/install/autopatrol_robot:/home/li/Work/Nav2_simple/install/autonomous_tb3 CONDA_PROMPT_MODIFIER=(ros_humble) /usr/bin/cmake --build /home/li/Work/Nav2_simple/build/fishbot_description -- -j16 -l16
[0.815s] DEBUG:colcon.colcon_core.event_handler.log_command:Invoking command in '/home/li/Work/Nav2_simple/build/fishbot_description': CMAKE_PREFIX_PATH=${CMAKE_PREFIX_PATH}:/home/li/Work/Nav2_simple/install/fishbot_application:/home/li/Work/Nav2_simple/install/autopatrol_robot:/home/li/Work/Nav2_simple/install/autonomous_tb3 CONDA_PROMPT_MODIFIER=(ros_humble) /usr/bin/cmake --install /home/li/Work/Nav2_simple/build/fishbot_description
[0.817s] DEBUG:colcon.colcon_core.event_handler.log_command:Invoked command in '/home/li/Work/Nav2_simple/build/fishbot_navigation2' returned '0': CMAKE_PREFIX_PATH=${CMAKE_PREFIX_PATH}:/home/li/Work/Nav2_simple/install/fishbot_application:/home/li/Work/Nav2_simple/install/autopatrol_robot:/home/li/Work/Nav2_simple/install/autonomous_tb3 CONDA_PROMPT_MODIFIER=(ros_humble) /usr/bin/cmake --build /home/li/Work/Nav2_simple/build/fishbot_navigation2 -- -j16 -l16
[0.818s] DEBUG:colcon.colcon_core.event_handler.log_command:Invoking command in '/home/li/Work/Nav2_simple/build/fishbot_navigation2': CMAKE_PREFIX_PATH=${CMAKE_PREFIX_PATH}:/home/li/Work/Nav2_simple/install/fishbot_application:/home/li/Work/Nav2_simple/install/autopatrol_robot:/home/li/Work/Nav2_simple/install/autonomous_tb3 CONDA_PROMPT_MODIFIER=(ros_humble) /usr/bin/cmake --install /home/li/Work/Nav2_simple/build/fishbot_navigation2
[0.824s] Level 1:colcon.colcon_core.environment:create_environment_scripts_only(fishbot_description)
[0.828s] DEBUG:colcon.colcon_core.event_handler.log_command:Invoked command in '/home/li/Work/Nav2_simple/build/fishbot_description' returned '0': CMAKE_PREFIX_PATH=${CMAKE_PREFIX_PATH}:/home/li/Work/Nav2_simple/install/fishbot_application:/home/li/Work/Nav2_simple/install/autopatrol_robot:/home/li/Work/Nav2_simple/install/autonomous_tb3 CONDA_PROMPT_MODIFIER=(ros_humble) /usr/bin/cmake --install /home/li/Work/Nav2_simple/build/fishbot_description
[0.829s] Level 1:colcon.colcon_core.environment:checking '/home/li/Work/Nav2_simple/install/fishbot_description' for CMake module files
[0.829s] Level 1:colcon.colcon_core.environment:checking '/home/li/Work/Nav2_simple/install/fishbot_description' for CMake config files
[0.830s] Level 1:colcon.colcon_core.shell:create_environment_hook('fishbot_description', 'cmake_prefix_path')
[0.830s] INFO:colcon.colcon_core.shell:Creating environment hook '/home/li/Work/Nav2_simple/install/fishbot_description/share/fishbot_description/hook/cmake_prefix_path.ps1'
[0.830s] INFO:colcon.colcon_core.shell:Creating environment descriptor '/home/li/Work/Nav2_simple/install/fishbot_description/share/fishbot_description/hook/cmake_prefix_path.dsv'
[0.830s] INFO:colcon.colcon_core.shell:Creating environment hook '/home/li/Work/Nav2_simple/install/fishbot_description/share/fishbot_description/hook/cmake_prefix_path.sh'
[0.831s] Level 1:colcon.colcon_core.environment:checking '/home/li/Work/Nav2_simple/install/fishbot_description/bin'
[0.831s] Level 1:colcon.colcon_core.environment:checking '/home/li/Work/Nav2_simple/install/fishbot_description/lib/pkgconfig/fishbot_description.pc'
[0.831s] Level 1:colcon.colcon_core.environment:checking '/home/li/Work/Nav2_simple/install/fishbot_description/lib/python3.10/site-packages'
[0.831s] Level 1:colcon.colcon_core.environment:checking '/home/li/Work/Nav2_simple/install/fishbot_description/bin'
[0.831s] INFO:colcon.colcon_core.shell:Creating package script '/home/li/Work/Nav2_simple/install/fishbot_description/share/fishbot_description/package.ps1'
[0.832s] INFO:colcon.colcon_core.shell:Creating package descriptor '/home/li/Work/Nav2_simple/install/fishbot_description/share/fishbot_description/package.dsv'
[0.832s] INFO:colcon.colcon_core.shell:Creating package script '/home/li/Work/Nav2_simple/install/fishbot_description/share/fishbot_description/package.sh'
[0.833s] INFO:colcon.colcon_core.shell:Creating package script '/home/li/Work/Nav2_simple/install/fishbot_description/share/fishbot_description/package.bash'
[0.833s] INFO:colcon.colcon_core.shell:Creating package script '/home/li/Work/Nav2_simple/install/fishbot_description/share/fishbot_description/package.zsh'
[0.833s] Level 1:colcon.colcon_core.environment:create_file_with_runtime_dependencies(/home/li/Work/Nav2_simple/install/fishbot_description/share/colcon-core/packages/fishbot_description)
[0.834s] Level 1:colcon.colcon_core.environment:create_environment_scripts_only(fishbot_description)
[0.834s] Level 1:colcon.colcon_core.environment:checking '/home/li/Work/Nav2_simple/install/fishbot_description' for CMake module files
[0.834s] Level 1:colcon.colcon_core.environment:checking '/home/li/Work/Nav2_simple/install/fishbot_description' for CMake config files
[0.834s] Level 1:colcon.colcon_core.shell:create_environment_hook('fishbot_description', 'cmake_prefix_path')
[0.834s] INFO:colcon.colcon_core.shell:Creating environment hook '/home/li/Work/Nav2_simple/install/fishbot_description/share/fishbot_description/hook/cmake_prefix_path.ps1'
[0.835s] INFO:colcon.colcon_core.shell:Creating environment descriptor '/home/li/Work/Nav2_simple/install/fishbot_description/share/fishbot_description/hook/cmake_prefix_path.dsv'
[0.835s] INFO:colcon.colcon_core.shell:Creating environment hook '/home/li/Work/Nav2_simple/install/fishbot_description/share/fishbot_description/hook/cmake_prefix_path.sh'
[0.835s] Level 1:colcon.colcon_core.environment:checking '/home/li/Work/Nav2_simple/install/fishbot_description/bin'
[0.835s] Level 1:colcon.colcon_core.environment:checking '/home/li/Work/Nav2_simple/install/fishbot_description/lib/pkgconfig/fishbot_description.pc'
[0.836s] Level 1:colcon.colcon_core.environment:checking '/home/li/Work/Nav2_simple/install/fishbot_description/lib/python3.10/site-packages'
[0.836s] Level 1:colcon.colcon_core.environment:checking '/home/li/Work/Nav2_simple/install/fishbot_description/bin'
[0.836s] INFO:colcon.colcon_core.shell:Creating package script '/home/li/Work/Nav2_simple/install/fishbot_description/share/fishbot_description/package.ps1'
[0.836s] INFO:colcon.colcon_core.shell:Creating package descriptor '/home/li/Work/Nav2_simple/install/fishbot_description/share/fishbot_description/package.dsv'
[0.836s] INFO:colcon.colcon_core.shell:Creating package script '/home/li/Work/Nav2_simple/install/fishbot_description/share/fishbot_description/package.sh'
[0.837s] INFO:colcon.colcon_core.shell:Creating package script '/home/li/Work/Nav2_simple/install/fishbot_description/share/fishbot_description/package.bash'
[0.837s] INFO:colcon.colcon_core.shell:Creating package script '/home/li/Work/Nav2_simple/install/fishbot_description/share/fishbot_description/package.zsh'
[0.837s] Level 1:colcon.colcon_core.environment:create_file_with_runtime_dependencies(/home/li/Work/Nav2_simple/install/fishbot_description/share/colcon-core/packages/fishbot_description)
[0.839s] DEBUG:colcon.colcon_core.event_handler.log_command:Invoked command in '/home/li/Work/Nav2_simple/build/fishbot_application_cpp' returned '0': CMAKE_PREFIX_PATH=${CMAKE_PREFIX_PATH}:/home/li/Work/Nav2_simple/install/fishbot_application:/home/li/Work/Nav2_simple/install/autopatrol_robot:/home/li/Work/Nav2_simple/install/autonomous_tb3 CONDA_PROMPT_MODIFIER=(ros_humble) /usr/bin/cmake --build /home/li/Work/Nav2_simple/build/fishbot_application_cpp -- -j16 -l16
[0.840s] Level 1:colcon.colcon_core.environment:create_environment_scripts_only(fishbot_navigation2)
[0.840s] Level 1:colcon.colcon_core.environment:checking '/home/li/Work/Nav2_simple/install/fishbot_navigation2' for CMake module files
[0.840s] DEBUG:colcon.colcon_core.event_handler.log_command:Invoking command in '/home/li/Work/Nav2_simple/build/fishbot_application_cpp': CMAKE_PREFIX_PATH=${CMAKE_PREFIX_PATH}:/home/li/Work/Nav2_simple/install/fishbot_application:/home/li/Work/Nav2_simple/install/autopatrol_robot:/home/li/Work/Nav2_simple/install/autonomous_tb3 CONDA_PROMPT_MODIFIER=(ros_humble) /usr/bin/cmake --install /home/li/Work/Nav2_simple/build/fishbot_application_cpp
[0.841s] DEBUG:colcon.colcon_core.event_handler.log_command:Invoked command in '/home/li/Work/Nav2_simple/build/fishbot_navigation2' returned '0': CMAKE_PREFIX_PATH=${CMAKE_PREFIX_PATH}:/home/li/Work/Nav2_simple/install/fishbot_application:/home/li/Work/Nav2_simple/install/autopatrol_robot:/home/li/Work/Nav2_simple/install/autonomous_tb3 CONDA_PROMPT_MODIFIER=(ros_humble) /usr/bin/cmake --install /home/li/Work/Nav2_simple/build/fishbot_navigation2
[0.841s] Level 1:colcon.colcon_core.environment:checking '/home/li/Work/Nav2_simple/install/fishbot_navigation2' for CMake config files
[0.841s] Level 1:colcon.colcon_core.shell:create_environment_hook('fishbot_navigation2', 'cmake_prefix_path')
[0.841s] INFO:colcon.colcon_core.shell:Creating environment hook '/home/li/Work/Nav2_simple/install/fishbot_navigation2/share/fishbot_navigation2/hook/cmake_prefix_path.ps1'
[0.842s] INFO:colcon.colcon_core.shell:Creating environment descriptor '/home/li/Work/Nav2_simple/install/fishbot_navigation2/share/fishbot_navigation2/hook/cmake_prefix_path.dsv'
[0.842s] INFO:colcon.colcon_core.shell:Creating environment hook '/home/li/Work/Nav2_simple/install/fishbot_navigation2/share/fishbot_navigation2/hook/cmake_prefix_path.sh'
[0.842s] Level 1:colcon.colcon_core.environment:checking '/home/li/Work/Nav2_simple/install/fishbot_navigation2/bin'
[0.842s] Level 1:colcon.colcon_core.environment:checking '/home/li/Work/Nav2_simple/install/fishbot_navigation2/lib/pkgconfig/fishbot_navigation2.pc'
[0.842s] Level 1:colcon.colcon_core.environment:checking '/home/li/Work/Nav2_simple/install/fishbot_navigation2/lib/python3.10/site-packages'
[0.842s] Level 1:colcon.colcon_core.environment:checking '/home/li/Work/Nav2_simple/install/fishbot_navigation2/bin'
[0.843s] INFO:colcon.colcon_core.shell:Creating package script '/home/li/Work/Nav2_simple/install/fishbot_navigation2/share/fishbot_navigation2/package.ps1'
[0.843s] INFO:colcon.colcon_core.shell:Creating package descriptor '/home/li/Work/Nav2_simple/install/fishbot_navigation2/share/fishbot_navigation2/package.dsv'
[0.844s] INFO:colcon.colcon_core.shell:Creating package script '/home/li/Work/Nav2_simple/install/fishbot_navigation2/share/fishbot_navigation2/package.sh'
[0.844s] INFO:colcon.colcon_core.shell:Creating package script '/home/li/Work/Nav2_simple/install/fishbot_navigation2/share/fishbot_navigation2/package.bash'
[0.844s] INFO:colcon.colcon_core.shell:Creating package script '/home/li/Work/Nav2_simple/install/fishbot_navigation2/share/fishbot_navigation2/package.zsh'
[0.844s] Level 1:colcon.colcon_core.environment:create_file_with_runtime_dependencies(/home/li/Work/Nav2_simple/install/fishbot_navigation2/share/colcon-core/packages/fishbot_navigation2)
[0.845s] Level 1:colcon.colcon_core.environment:create_environment_scripts_only(fishbot_navigation2)
[0.845s] Level 1:colcon.colcon_core.environment:checking '/home/li/Work/Nav2_simple/install/fishbot_navigation2' for CMake module files
[0.846s] Level 1:colcon.colcon_core.environment:checking '/home/li/Work/Nav2_simple/install/fishbot_navigation2' for CMake config files
[0.846s] Level 1:colcon.colcon_core.shell:create_environment_hook('fishbot_navigation2', 'cmake_prefix_path')
[0.846s] INFO:colcon.colcon_core.shell:Creating environment hook '/home/li/Work/Nav2_simple/install/fishbot_navigation2/share/fishbot_navigation2/hook/cmake_prefix_path.ps1'
[0.847s] INFO:colcon.colcon_core.shell:Creating environment descriptor '/home/li/Work/Nav2_simple/install/fishbot_navigation2/share/fishbot_navigation2/hook/cmake_prefix_path.dsv'
[0.847s] INFO:colcon.colcon_core.shell:Creating environment hook '/home/li/Work/Nav2_simple/install/fishbot_navigation2/share/fishbot_navigation2/hook/cmake_prefix_path.sh'
[0.848s] Level 1:colcon.colcon_core.environment:checking '/home/li/Work/Nav2_simple/install/fishbot_navigation2/bin'
[0.848s] Level 1:colcon.colcon_core.environment:checking '/home/li/Work/Nav2_simple/install/fishbot_navigation2/lib/pkgconfig/fishbot_navigation2.pc'
[0.848s] Level 1:colcon.colcon_core.environment:checking '/home/li/Work/Nav2_simple/install/fishbot_navigation2/lib/python3.10/site-packages'
[0.848s] Level 1:colcon.colcon_core.environment:checking '/home/li/Work/Nav2_simple/install/fishbot_navigation2/bin'
[0.848s] INFO:colcon.colcon_core.shell:Creating package script '/home/li/Work/Nav2_simple/install/fishbot_navigation2/share/fishbot_navigation2/package.ps1'
[0.849s] INFO:colcon.colcon_core.shell:Creating package descriptor '/home/li/Work/Nav2_simple/install/fishbot_navigation2/share/fishbot_navigation2/package.dsv'
[0.849s] INFO:colcon.colcon_core.shell:Creating package script '/home/li/Work/Nav2_simple/install/fishbot_navigation2/share/fishbot_navigation2/package.sh'
[0.850s] INFO:colcon.colcon_core.shell:Creating package script '/home/li/Work/Nav2_simple/install/fishbot_navigation2/share/fishbot_navigation2/package.bash'
[0.850s] INFO:colcon.colcon_core.shell:Creating package script '/home/li/Work/Nav2_simple/install/fishbot_navigation2/share/fishbot_navigation2/package.zsh'
[0.851s] Level 1:colcon.colcon_core.environment:create_file_with_runtime_dependencies(/home/li/Work/Nav2_simple/install/fishbot_navigation2/share/colcon-core/packages/fishbot_navigation2)
[0.852s] Level 1:colcon.colcon_core.environment:create_environment_scripts_only(fishbot_application_cpp)
[0.852s] Level 1:colcon.colcon_core.environment:checking '/home/li/Work/Nav2_simple/install/fishbot_application_cpp' for CMake module files
[0.855s] Level 1:colcon.colcon_core.environment:checking '/home/li/Work/Nav2_simple/install/fishbot_application_cpp' for CMake config files
[0.856s] DEBUG:colcon.colcon_core.event_handler.log_command:Invoked command in '/home/li/Work/Nav2_simple/build/fishbot_application_cpp' returned '0': CMAKE_PREFIX_PATH=${CMAKE_PREFIX_PATH}:/home/li/Work/Nav2_simple/install/fishbot_application:/home/li/Work/Nav2_simple/install/autopatrol_robot:/home/li/Work/Nav2_simple/install/autonomous_tb3 CONDA_PROMPT_MODIFIER=(ros_humble) /usr/bin/cmake --install /home/li/Work/Nav2_simple/build/fishbot_application_cpp
[0.858s] Level 1:colcon.colcon_core.shell:create_environment_hook('fishbot_application_cpp', 'cmake_prefix_path')
[0.859s] INFO:colcon.colcon_core.shell:Creating environment hook '/home/li/Work/Nav2_simple/install/fishbot_application_cpp/share/fishbot_application_cpp/hook/cmake_prefix_path.ps1'
[0.859s] INFO:colcon.colcon_core.shell:Creating environment descriptor '/home/li/Work/Nav2_simple/install/fishbot_application_cpp/share/fishbot_application_cpp/hook/cmake_prefix_path.dsv'
[0.860s] INFO:colcon.colcon_core.shell:Creating environment hook '/home/li/Work/Nav2_simple/install/fishbot_application_cpp/share/fishbot_application_cpp/hook/cmake_prefix_path.sh'
[0.860s] Level 1:colcon.colcon_core.environment:checking '/home/li/Work/Nav2_simple/install/fishbot_application_cpp/lib'
[0.861s] Level 1:colcon.colcon_core.environment:checking '/home/li/Work/Nav2_simple/install/fishbot_application_cpp/bin'
[0.861s] Level 1:colcon.colcon_core.environment:checking '/home/li/Work/Nav2_simple/install/fishbot_application_cpp/lib/pkgconfig/fishbot_application_cpp.pc'
[0.861s] Level 1:colcon.colcon_core.environment:checking '/home/li/Work/Nav2_simple/install/fishbot_application_cpp/lib/python3.10/site-packages'
[0.861s] Level 1:colcon.colcon_core.environment:checking '/home/li/Work/Nav2_simple/install/fishbot_application_cpp/bin'
[0.862s] INFO:colcon.colcon_core.shell:Creating package script '/home/li/Work/Nav2_simple/install/fishbot_application_cpp/share/fishbot_application_cpp/package.ps1'
[0.862s] INFO:colcon.colcon_core.shell:Creating package descriptor '/home/li/Work/Nav2_simple/install/fishbot_application_cpp/share/fishbot_application_cpp/package.dsv'
[0.863s] INFO:colcon.colcon_core.shell:Creating package script '/home/li/Work/Nav2_simple/install/fishbot_application_cpp/share/fishbot_application_cpp/package.sh'
[0.863s] INFO:colcon.colcon_core.shell:Creating package script '/home/li/Work/Nav2_simple/install/fishbot_application_cpp/share/fishbot_application_cpp/package.bash'
[0.864s] INFO:colcon.colcon_core.shell:Creating package script '/home/li/Work/Nav2_simple/install/fishbot_application_cpp/share/fishbot_application_cpp/package.zsh'
[0.864s] Level 1:colcon.colcon_core.environment:create_file_with_runtime_dependencies(/home/li/Work/Nav2_simple/install/fishbot_application_cpp/share/colcon-core/packages/fishbot_application_cpp)
[0.865s] Level 1:colcon.colcon_core.environment:create_environment_scripts_only(fishbot_application_cpp)
[0.865s] Level 1:colcon.colcon_core.environment:checking '/home/li/Work/Nav2_simple/install/fishbot_application_cpp' for CMake module files
[0.866s] Level 1:colcon.colcon_core.environment:checking '/home/li/Work/Nav2_simple/install/fishbot_application_cpp' for CMake config files
[0.866s] Level 1:colcon.colcon_core.shell:create_environment_hook('fishbot_application_cpp', 'cmake_prefix_path')
[0.866s] INFO:colcon.colcon_core.shell:Creating environment hook '/home/li/Work/Nav2_simple/install/fishbot_application_cpp/share/fishbot_application_cpp/hook/cmake_prefix_path.ps1'
[0.867s] INFO:colcon.colcon_core.shell:Creating environment descriptor '/home/li/Work/Nav2_simple/install/fishbot_application_cpp/share/fishbot_application_cpp/hook/cmake_prefix_path.dsv'
[0.867s] INFO:colcon.colcon_core.shell:Creating environment hook '/home/li/Work/Nav2_simple/install/fishbot_application_cpp/share/fishbot_application_cpp/hook/cmake_prefix_path.sh'
[0.867s] Level 1:colcon.colcon_core.environment:checking '/home/li/Work/Nav2_simple/install/fishbot_application_cpp/lib'
[0.867s] Level 1:colcon.colcon_core.environment:checking '/home/li/Work/Nav2_simple/install/fishbot_application_cpp/bin'
[0.867s] Level 1:colcon.colcon_core.environment:checking '/home/li/Work/Nav2_simple/install/fishbot_application_cpp/lib/pkgconfig/fishbot_application_cpp.pc'
[0.867s] Level 1:colcon.colcon_core.environment:checking '/home/li/Work/Nav2_simple/install/fishbot_application_cpp/lib/python3.10/site-packages'
[0.868s] Level 1:colcon.colcon_core.environment:checking '/home/li/Work/Nav2_simple/install/fishbot_application_cpp/bin'
[0.868s] INFO:colcon.colcon_core.shell:Creating package script '/home/li/Work/Nav2_simple/install/fishbot_application_cpp/share/fishbot_application_cpp/package.ps1'
[0.868s] INFO:colcon.colcon_core.shell:Creating package descriptor '/home/li/Work/Nav2_simple/install/fishbot_application_cpp/share/fishbot_application_cpp/package.dsv'
[0.868s] INFO:colcon.colcon_core.shell:Creating package script '/home/li/Work/Nav2_simple/install/fishbot_application_cpp/share/fishbot_application_cpp/package.sh'
[0.869s] INFO:colcon.colcon_core.shell:Creating package script '/home/li/Work/Nav2_simple/install/fishbot_application_cpp/share/fishbot_application_cpp/package.bash'
[0.869s] INFO:colcon.colcon_core.shell:Creating package script '/home/li/Work/Nav2_simple/install/fishbot_application_cpp/share/fishbot_application_cpp/package.zsh'
[0.869s] Level 1:colcon.colcon_core.environment:create_file_with_runtime_dependencies(/home/li/Work/Nav2_simple/install/fishbot_application_cpp/share/colcon-core/packages/fishbot_application_cpp)
[0.870s] Level 1:colcon.colcon_core.environment:create_environment_scripts_only(autopatrol_interfaces)
[0.870s] Level 1:colcon.colcon_core.environment:checking '/home/li/Work/Nav2_simple/install/autopatrol_interfaces' for CMake module files
[0.871s] DEBUG:colcon.colcon_core.event_handler.log_command:Invoked command in '/home/li/Work/Nav2_simple/build/autopatrol_interfaces' returned '0': CMAKE_PREFIX_PATH=${CMAKE_PREFIX_PATH}:/home/li/Work/Nav2_simple/install/fishbot_application:/home/li/Work/Nav2_simple/install/autopatrol_robot:/home/li/Work/Nav2_simple/install/autonomous_tb3 CONDA_PROMPT_MODIFIER=(ros_humble) /usr/bin/cmake --install /home/li/Work/Nav2_simple/build/autopatrol_interfaces
[0.871s] Level 1:colcon.colcon_core.environment:checking '/home/li/Work/Nav2_simple/install/autopatrol_interfaces' for CMake config files
[0.872s] Level 1:colcon.colcon_core.shell:create_environment_hook('autopatrol_interfaces', 'cmake_prefix_path')
[0.872s] INFO:colcon.colcon_core.shell:Creating environment hook '/home/li/Work/Nav2_simple/install/autopatrol_interfaces/share/autopatrol_interfaces/hook/cmake_prefix_path.ps1'
[0.873s] INFO:colcon.colcon_core.shell:Creating environment descriptor '/home/li/Work/Nav2_simple/install/autopatrol_interfaces/share/autopatrol_interfaces/hook/cmake_prefix_path.dsv'
[0.873s] INFO:colcon.colcon_core.shell:Creating environment hook '/home/li/Work/Nav2_simple/install/autopatrol_interfaces/share/autopatrol_interfaces/hook/cmake_prefix_path.sh'
[0.874s] Level 1:colcon.colcon_core.environment:checking '/home/li/Work/Nav2_simple/install/autopatrol_interfaces/lib'
[0.874s] Level 1:colcon.colcon_core.shell:create_environment_hook('autopatrol_interfaces', 'ld_library_path_lib')
[0.874s] INFO:colcon.colcon_core.shell:Creating environment hook '/home/li/Work/Nav2_simple/install/autopatrol_interfaces/share/autopatrol_interfaces/hook/ld_library_path_lib.ps1'
[0.875s] INFO:colcon.colcon_core.shell:Creating environment descriptor '/home/li/Work/Nav2_simple/install/autopatrol_interfaces/share/autopatrol_interfaces/hook/ld_library_path_lib.dsv'
[0.875s] INFO:colcon.colcon_core.shell:Creating environment hook '/home/li/Work/Nav2_simple/install/autopatrol_interfaces/share/autopatrol_interfaces/hook/ld_library_path_lib.sh'
[0.876s] Level 1:colcon.colcon_core.environment:checking '/home/li/Work/Nav2_simple/install/autopatrol_interfaces/bin'
[0.876s] Level 1:colcon.colcon_core.environment:checking '/home/li/Work/Nav2_simple/install/autopatrol_interfaces/lib/pkgconfig/autopatrol_interfaces.pc'
[0.876s] Level 1:colcon.colcon_core.environment:checking '/home/li/Work/Nav2_simple/install/autopatrol_interfaces/lib/python3.10/site-packages'
[0.876s] Level 1:colcon.colcon_core.shell:create_environment_hook('autopatrol_interfaces', 'pythonpath')
[0.876s] INFO:colcon.colcon_core.shell:Creating environment hook '/home/li/Work/Nav2_simple/install/autopatrol_interfaces/share/autopatrol_interfaces/hook/pythonpath.ps1'
[0.877s] INFO:colcon.colcon_core.shell:Creating environment descriptor '/home/li/Work/Nav2_simple/install/autopatrol_interfaces/share/autopatrol_interfaces/hook/pythonpath.dsv'
[0.877s] INFO:colcon.colcon_core.shell:Creating environment hook '/home/li/Work/Nav2_simple/install/autopatrol_interfaces/share/autopatrol_interfaces/hook/pythonpath.sh'
[0.878s] Level 1:colcon.colcon_core.environment:checking '/home/li/Work/Nav2_simple/install/autopatrol_interfaces/bin'
[0.879s] INFO:colcon.colcon_core.shell:Creating package script '/home/li/Work/Nav2_simple/install/autopatrol_interfaces/share/autopatrol_interfaces/package.ps1'
[0.879s] INFO:colcon.colcon_core.shell:Creating package descriptor '/home/li/Work/Nav2_simple/install/autopatrol_interfaces/share/autopatrol_interfaces/package.dsv'
[0.879s] INFO:colcon.colcon_core.shell:Creating package script '/home/li/Work/Nav2_simple/install/autopatrol_interfaces/share/autopatrol_interfaces/package.sh'
[0.880s] INFO:colcon.colcon_core.shell:Creating package script '/home/li/Work/Nav2_simple/install/autopatrol_interfaces/share/autopatrol_interfaces/package.bash'
[0.880s] INFO:colcon.colcon_core.shell:Creating package script '/home/li/Work/Nav2_simple/install/autopatrol_interfaces/share/autopatrol_interfaces/package.zsh'
[0.880s] Level 1:colcon.colcon_core.environment:create_file_with_runtime_dependencies(/home/li/Work/Nav2_simple/install/autopatrol_interfaces/share/colcon-core/packages/autopatrol_interfaces)
[0.880s] Level 1:colcon.colcon_core.environment:create_environment_scripts_only(autopatrol_interfaces)
[0.881s] Level 1:colcon.colcon_core.environment:checking '/home/li/Work/Nav2_simple/install/autopatrol_interfaces' for CMake module files
[0.881s] Level 1:colcon.colcon_core.environment:checking '/home/li/Work/Nav2_simple/install/autopatrol_interfaces' for CMake config files
[0.881s] Level 1:colcon.colcon_core.shell:create_environment_hook('autopatrol_interfaces', 'cmake_prefix_path')
[0.882s] INFO:colcon.colcon_core.shell:Creating environment hook '/home/li/Work/Nav2_simple/install/autopatrol_interfaces/share/autopatrol_interfaces/hook/cmake_prefix_path.ps1'
[0.882s] INFO:colcon.colcon_core.shell:Creating environment descriptor '/home/li/Work/Nav2_simple/install/autopatrol_interfaces/share/autopatrol_interfaces/hook/cmake_prefix_path.dsv'
[0.882s] INFO:colcon.colcon_core.shell:Creating environment hook '/home/li/Work/Nav2_simple/install/autopatrol_interfaces/share/autopatrol_interfaces/hook/cmake_prefix_path.sh'
[0.882s] Level 1:colcon.colcon_core.environment:checking '/home/li/Work/Nav2_simple/install/autopatrol_interfaces/lib'
[0.882s] Level 1:colcon.colcon_core.shell:create_environment_hook('autopatrol_interfaces', 'ld_library_path_lib')
[0.883s] INFO:colcon.colcon_core.shell:Creating environment hook '/home/li/Work/Nav2_simple/install/autopatrol_interfaces/share/autopatrol_interfaces/hook/ld_library_path_lib.ps1'
[0.883s] INFO:colcon.colcon_core.shell:Creating environment descriptor '/home/li/Work/Nav2_simple/install/autopatrol_interfaces/share/autopatrol_interfaces/hook/ld_library_path_lib.dsv'
[0.883s] INFO:colcon.colcon_core.shell:Creating environment hook '/home/li/Work/Nav2_simple/install/autopatrol_interfaces/share/autopatrol_interfaces/hook/ld_library_path_lib.sh'
[0.883s] Level 1:colcon.colcon_core.environment:checking '/home/li/Work/Nav2_simple/install/autopatrol_interfaces/bin'
[0.883s] Level 1:colcon.colcon_core.environment:checking '/home/li/Work/Nav2_simple/install/autopatrol_interfaces/lib/pkgconfig/autopatrol_interfaces.pc'
[0.883s] Level 1:colcon.colcon_core.environment:checking '/home/li/Work/Nav2_simple/install/autopatrol_interfaces/lib/python3.10/site-packages'
[0.883s] Level 1:colcon.colcon_core.shell:create_environment_hook('autopatrol_interfaces', 'pythonpath')
[0.884s] INFO:colcon.colcon_core.shell:Creating environment hook '/home/li/Work/Nav2_simple/install/autopatrol_interfaces/share/autopatrol_interfaces/hook/pythonpath.ps1'
[0.884s] INFO:colcon.colcon_core.shell:Creating environment descriptor '/home/li/Work/Nav2_simple/install/autopatrol_interfaces/share/autopatrol_interfaces/hook/pythonpath.dsv'
[0.884s] INFO:colcon.colcon_core.shell:Creating environment hook '/home/li/Work/Nav2_simple/install/autopatrol_interfaces/share/autopatrol_interfaces/hook/pythonpath.sh'
[0.885s] Level 1:colcon.colcon_core.environment:checking '/home/li/Work/Nav2_simple/install/autopatrol_interfaces/bin'
[0.885s] INFO:colcon.colcon_core.shell:Creating package script '/home/li/Work/Nav2_simple/install/autopatrol_interfaces/share/autopatrol_interfaces/package.ps1'
[0.885s] INFO:colcon.colcon_core.shell:Creating package descriptor '/home/li/Work/Nav2_simple/install/autopatrol_interfaces/share/autopatrol_interfaces/package.dsv'
[0.886s] INFO:colcon.colcon_core.shell:Creating package script '/home/li/Work/Nav2_simple/install/autopatrol_interfaces/share/autopatrol_interfaces/package.sh'
[0.886s] INFO:colcon.colcon_core.shell:Creating package script '/home/li/Work/Nav2_simple/install/autopatrol_interfaces/share/autopatrol_interfaces/package.bash'
[0.886s] INFO:colcon.colcon_core.shell:Creating package script '/home/li/Work/Nav2_simple/install/autopatrol_interfaces/share/autopatrol_interfaces/package.zsh'
[0.886s] Level 1:colcon.colcon_core.environment:create_file_with_runtime_dependencies(/home/li/Work/Nav2_simple/install/autopatrol_interfaces/share/colcon-core/packages/autopatrol_interfaces)
[1.228s] DEBUG:colcon.colcon_core.event_handler.log_command:Invoking command in '/home/li/Work/Nav2_simple/src/ros2_patrol_robot/autopatrol_robot': CONDA_PROMPT_MODIFIER=(ros_humble) PYTHONPATH=/home/li/Work/Nav2_simple/build/autopatrol_robot/prefix_override:/usr/lib/python3/dist-packages/colcon_core/task/python/colcon_distutils_commands:/home/li/Work/Nav2_simple/install/autopatrol_robot/lib/python3.10/site-packages:${PYTHONPATH} /usr/bin/python3 -W ignore:setup.py install is deprecated -W ignore:easy_install command is deprecated setup.py egg_info --egg-base ../../../build/autopatrol_robot build --build-base /home/li/Work/Nav2_simple/build/autopatrol_robot/build install --record /home/li/Work/Nav2_simple/build/autopatrol_robot/install.log --single-version-externally-managed install_data
[1.241s] DEBUG:colcon.colcon_core.event_handler.log_command:Invoking command in '/home/li/Work/Nav2_simple/src/ros2_patrol_robot/fishbot_application': CONDA_PROMPT_MODIFIER=(ros_humble) PYTHONPATH=/home/li/Work/Nav2_simple/build/fishbot_application/prefix_override:/usr/lib/python3/dist-packages/colcon_core/task/python/colcon_distutils_commands:/home/li/Work/Nav2_simple/install/fishbot_application/lib/python3.10/site-packages:${PYTHONPATH} /usr/bin/python3 -W ignore:setup.py install is deprecated -W ignore:easy_install command is deprecated setup.py egg_info --egg-base ../../../build/fishbot_application build --build-base /home/li/Work/Nav2_simple/build/fishbot_application/build install --record /home/li/Work/Nav2_simple/build/fishbot_application/install.log --single-version-externally-managed install_data
[1.242s] DEBUG:colcon.colcon_core.event_handler.log_command:Invoking command in '/home/li/Work/Nav2_simple/src/ROS2-Autonomous-Driving-and-Navigation-SLAM-with-TurtleBot3/autonomous_tb3': CONDA_PROMPT_MODIFIER=(ros_humble) PYTHONPATH=/home/li/Work/Nav2_simple/build/autonomous_tb3/prefix_override:/usr/lib/python3/dist-packages/colcon_core/task/python/colcon_distutils_commands:/home/li/Work/Nav2_simple/install/autonomous_tb3/lib/python3.10/site-packages:${PYTHONPATH} /usr/bin/python3 -W ignore:setup.py install is deprecated -W ignore:easy_install command is deprecated setup.py egg_info --egg-base ../../../build/autonomous_tb3 build --build-base /home/li/Work/Nav2_simple/build/autonomous_tb3/build install --record /home/li/Work/Nav2_simple/build/autonomous_tb3/install.log --single-version-externally-managed install_data
[1.469s] DEBUG:colcon.colcon_core.event_handler.log_command:Invoked command in '/home/li/Work/Nav2_simple/src/ros2_patrol_robot/autopatrol_robot' returned '1': CONDA_PROMPT_MODIFIER=(ros_humble) PYTHONPATH=/home/li/Work/Nav2_simple/build/autopatrol_robot/prefix_override:/usr/lib/python3/dist-packages/colcon_core/task/python/colcon_distutils_commands:/home/li/Work/Nav2_simple/install/autopatrol_robot/lib/python3.10/site-packages:${PYTHONPATH} /usr/bin/python3 -W ignore:setup.py install is deprecated -W ignore:easy_install command is deprecated setup.py egg_info --egg-base ../../../build/autopatrol_robot build --build-base /home/li/Work/Nav2_simple/build/autopatrol_robot/build install --record /home/li/Work/Nav2_simple/build/autopatrol_robot/install.log --single-version-externally-managed install_data
[1.504s] DEBUG:colcon.colcon_parallel_executor.executor.parallel:closing loop
[1.505s] DEBUG:colcon.colcon_parallel_executor.executor.parallel:loop closed
[1.505s] DEBUG:colcon.colcon_parallel_executor.executor.parallel:run_until_complete finished with '1'
[1.505s] DEBUG:colcon.colcon_core.event_reactor:joining thread
[1.508s] INFO:colcon.colcon_core.plugin_system:Skipping extension 'colcon_notification.desktop_notification.terminal_notifier': Not used on non-Darwin systems
[1.508s] INFO:colcon.colcon_core.plugin_system:Skipping extension 'colcon_notification.desktop_notification.win32': Not used on non-Windows systems
[1.508s] INFO:colcon.colcon_notification.desktop_notification:Sending desktop notification using 'notify2'
[1.520s] DEBUG:colcon.colcon_core.event_reactor:joined thread
[1.521s] INFO:colcon.colcon_core.shell:Creating prefix script '/home/li/Work/Nav2_simple/install/local_setup.ps1'
[1.523s] INFO:colcon.colcon_core.shell:Creating prefix util module '/home/li/Work/Nav2_simple/install/_local_setup_util_ps1.py'
[1.525s] INFO:colcon.colcon_core.shell:Creating prefix chain script '/home/li/Work/Nav2_simple/install/setup.ps1'
[1.526s] INFO:colcon.colcon_core.shell:Creating prefix script '/home/li/Work/Nav2_simple/install/local_setup.sh'
[1.527s] INFO:colcon.colcon_core.shell:Creating prefix util module '/home/li/Work/Nav2_simple/install/_local_setup_util_sh.py'
[1.529s] INFO:colcon.colcon_core.shell:Creating prefix chain script '/home/li/Work/Nav2_simple/install/setup.sh'
[1.531s] INFO:colcon.colcon_core.shell:Creating prefix script '/home/li/Work/Nav2_simple/install/local_setup.bash'
[1.532s] INFO:colcon.colcon_core.shell:Creating prefix chain script '/home/li/Work/Nav2_simple/install/setup.bash'
[1.534s] INFO:colcon.colcon_core.shell:Creating prefix script '/home/li/Work/Nav2_simple/install/local_setup.zsh'
[1.535s] INFO:colcon.colcon_core.shell:Creating prefix chain script '/home/li/Work/Nav2_simple/install/setup.zsh'
