[1.012s] Invoking command in '/home/li/Work/Nav2_simple/src/ros2_patrol_robot/fishbot_application': CONDA_PROMPT_MODIFIER=(ros_humble) PYTHONPATH=/home/li/Work/Nav2_simple/build/fishbot_application/prefix_override:/usr/lib/python3/dist-packages/colcon_core/task/python/colcon_distutils_commands:/home/li/Work/Nav2_simple/install/fishbot_application/lib/python3.10/site-packages:${PYTHONPATH} /usr/bin/python3 -W ignore:setup.py install is deprecated -W ignore:easy_install command is deprecated setup.py egg_info --egg-base ../../../build/fishbot_application build --build-base /home/li/Work/Nav2_simple/build/fishbot_application/build install --record /home/li/Work/Nav2_simple/build/fishbot_application/install.log --single-version-externally-managed install_data
[1.152s] /home/li/miniconda3/envs/ros_humble/lib/python3.10/site-packages/setuptools/_distutils/dist.py:289: UserWarning: Unknown distribution option: 'tests_require'
[1.152s]   warnings.warn(msg)
[1.211s] running egg_info
[1.222s] writing ../../../build/fishbot_application/fishbot_application.egg-info/PKG-INFO
[1.222s] writing dependency_links to ../../../build/fishbot_application/fishbot_application.egg-info/dependency_links.txt
[1.222s] writing entry points to ../../../build/fishbot_application/fishbot_application.egg-info/entry_points.txt
[1.223s] writing requirements to ../../../build/fishbot_application/fishbot_application.egg-info/requires.txt
[1.223s] writing top-level names to ../../../build/fishbot_application/fishbot_application.egg-info/top_level.txt
[1.244s] reading manifest file '../../../build/fishbot_application/fishbot_application.egg-info/SOURCES.txt'
[1.244s] Traceback (most recent call last):
[1.244s]   File "/home/li/Work/Nav2_simple/src/ros2_patrol_robot/fishbot_application/setup.py", line 5, in <module>
[1.244s]     setup(
[1.244s]   File "/home/li/miniconda3/envs/ros_humble/lib/python3.10/site-packages/setuptools/__init__.py", line 117, in setup
[1.244s]     return distutils.core.setup(**attrs)
[1.245s]   File "/home/li/miniconda3/envs/ros_humble/lib/python3.10/site-packages/setuptools/_distutils/core.py", line 186, in setup
[1.245s]     return run_commands(dist)
[1.245s]   File "/home/li/miniconda3/envs/ros_humble/lib/python3.10/site-packages/setuptools/_distutils/core.py", line 202, in run_commands
[1.245s]     dist.run_commands()
[1.245s]   File "/home/li/miniconda3/envs/ros_humble/lib/python3.10/site-packages/setuptools/_distutils/dist.py", line 1002, in run_commands
[1.245s]     self.run_command(cmd)
[1.245s]   File "/home/li/miniconda3/envs/ros_humble/lib/python3.10/site-packages/setuptools/dist.py", line 1104, in run_command
[1.245s]     super().run_command(command)
[1.245s]   File "/home/li/miniconda3/envs/ros_humble/lib/python3.10/site-packages/setuptools/_distutils/dist.py", line 1021, in run_command
[1.245s]     cmd_obj.run()
[1.245s]   File "/home/li/miniconda3/envs/ros_humble/lib/python3.10/site-packages/setuptools/command/egg_info.py", line 312, in run
[1.245s]     self.find_sources()
[1.245s]   File "/home/li/miniconda3/envs/ros_humble/lib/python3.10/site-packages/setuptools/command/egg_info.py", line 320, in find_sources
[1.245s]     mm.run()
[1.245s]   File "/home/li/miniconda3/envs/ros_humble/lib/python3.10/site-packages/setuptools/command/egg_info.py", line 548, in run
[1.245s]     self.prune_file_list()
[1.245s]   File "/home/li/miniconda3/envs/ros_humble/lib/python3.10/site-packages/setuptools/command/sdist.py", line 162, in prune_file_list
[1.245s]     super().prune_file_list()
[1.245s]   File "/home/li/miniconda3/envs/ros_humble/lib/python3.10/site-packages/setuptools/_distutils/command/sdist.py", line 386, in prune_file_list
[1.245s]     base_dir = self.distribution.get_fullname()
[1.245s]   File "/home/li/miniconda3/envs/ros_humble/lib/python3.10/site-packages/setuptools/_core_metadata.py", line 275, in get_fullname
[1.245s]     return _distribution_fullname(self.get_name(), self.get_version())
[1.245s]   File "/home/li/miniconda3/envs/ros_humble/lib/python3.10/site-packages/setuptools/_core_metadata.py", line 293, in _distribution_fullname
[1.245s]     canonicalize_version(version, strip_trailing_zero=False),
[1.245s] TypeError: canonicalize_version() got an unexpected keyword argument 'strip_trailing_zero'
