[0.160s] Invoking command in '/home/li/Work/Nav2_simple/build/autopatrol_interfaces': CONDA_PROMPT_MODIFIER=(base) /usr/bin/cmake --build /home/li/Work/Nav2_simple/build/autopatrol_interfaces -- -j16 -l16
[0.458s] [  3%] [34m[1mGenerating C code for ROS interfaces[0m
[0.458s] [  6%] [34m[1mGenerating C++ code for ROS interfaces[0m
[0.458s] [  6%] Built target ament_cmake_python_copy_autopatrol_interfaces
[0.458s] running egg_info
[0.458s] creating autopatrol_interfaces.egg-info
[0.458s] writing autopatrol_interfaces.egg-info/PKG-INFO
[0.459s] writing dependency_links to autopatrol_interfaces.egg-info/dependency_links.txt
[0.459s] writing top-level names to autopatrol_interfaces.egg-info/top_level.txt
[0.459s] writing manifest file 'autopatrol_interfaces.egg-info/SOURCES.txt'
[0.459s] reading manifest file 'autopatrol_interfaces.egg-info/SOURCES.txt'
[0.459s] writing manifest file 'autopatrol_interfaces.egg-info/SOURCES.txt'
[0.459s] [  6%] Built target ament_cmake_python_build_autopatrol_interfaces_egg
[0.459s] [  6%] Built target autopatrol_interfaces__cpp
[0.460s] [ 12%] [34m[1mGenerating C++ introspection for ROS interfaces[0m
[0.460s] [ 12%] [32mBuilding C object CMakeFiles/autopatrol_interfaces__rosidl_generator_c.dir/rosidl_generator_c/autopatrol_interfaces/srv/detail/speach_text__functions.c.o[0m
[0.460s] [ 16%] [34m[1mGenerating C++ type support dispatch for ROS interfaces[0m
[0.460s] [ 19%] [34m[1mGenerating C++ type support for eProsima Fast-RTPS[0m
[0.479s] [ 22%] [32m[1mLinking C shared library libautopatrol_interfaces__rosidl_generator_c.so[0m
[0.512s] [ 22%] Built target autopatrol_interfaces__rosidl_generator_c
[0.520s] [ 25%] [34m[1mGenerating C type support for eProsima Fast-RTPS[0m
[0.522s] [ 29%] [34m[1mGenerating C introspection for ROS interfaces[0m
[0.523s] [ 32%] [34m[1mGenerating C type support dispatch for ROS interfaces[0m
[0.592s] [ 35%] [32mBuilding CXX object CMakeFiles/autopatrol_interfaces__rosidl_typesupport_cpp.dir/rosidl_typesupport_cpp/autopatrol_interfaces/srv/speach_text__type_support.cpp.o[0m
[0.614s] [ 38%] [32mBuilding CXX object CMakeFiles/autopatrol_interfaces__rosidl_typesupport_introspection_cpp.dir/rosidl_typesupport_introspection_cpp/autopatrol_interfaces/srv/detail/speach_text__type_support.cpp.o[0m
[0.630s] [ 41%] [32mBuilding CXX object CMakeFiles/autopatrol_interfaces__rosidl_typesupport_fastrtps_cpp.dir/rosidl_typesupport_fastrtps_cpp/autopatrol_interfaces/srv/detail/dds_fastrtps/speach_text__type_support.cpp.o[0m
[0.729s] [ 45%] [32mBuilding CXX object CMakeFiles/autopatrol_interfaces__rosidl_typesupport_fastrtps_c.dir/rosidl_typesupport_fastrtps_c/autopatrol_interfaces/srv/detail/speach_text__type_support_c.cpp.o[0m
[0.783s] [ 48%] [32mBuilding C object CMakeFiles/autopatrol_interfaces__rosidl_typesupport_introspection_c.dir/rosidl_typesupport_introspection_c/autopatrol_interfaces/srv/detail/speach_text__type_support.c.o[0m
[0.803s] [ 51%] [32mBuilding CXX object CMakeFiles/autopatrol_interfaces__rosidl_typesupport_c.dir/rosidl_typesupport_c/autopatrol_interfaces/srv/speach_text__type_support.cpp.o[0m
[0.810s] [ 54%] [32m[1mLinking CXX shared library libautopatrol_interfaces__rosidl_typesupport_cpp.so[0m
[0.812s] [ 58%] [32m[1mLinking C shared library libautopatrol_interfaces__rosidl_typesupport_introspection_c.so[0m
[0.830s] [ 61%] [32m[1mLinking CXX shared library libautopatrol_interfaces__rosidl_typesupport_c.so[0m
[0.832s] [ 61%] Built target autopatrol_interfaces__rosidl_typesupport_introspection_c
[0.845s] [ 61%] Built target autopatrol_interfaces__rosidl_typesupport_cpp
[0.864s] [ 61%] Built target autopatrol_interfaces__rosidl_typesupport_c
[0.906s] [ 64%] [32m[1mLinking CXX shared library libautopatrol_interfaces__rosidl_typesupport_introspection_cpp.so[0m
[0.907s] [ 67%] [32m[1mLinking CXX shared library libautopatrol_interfaces__rosidl_typesupport_fastrtps_cpp.so[0m
[0.953s] [ 67%] Built target autopatrol_interfaces__rosidl_typesupport_introspection_cpp
[0.959s] [ 67%] Built target autopatrol_interfaces__rosidl_typesupport_fastrtps_cpp
[0.970s] [ 70%] [32m[1mLinking CXX shared library libautopatrol_interfaces__rosidl_typesupport_fastrtps_c.so[0m
[1.022s] [ 70%] Built target autopatrol_interfaces__rosidl_typesupport_fastrtps_c
[1.044s] [ 70%] Built target autopatrol_interfaces
[1.063s] [ 74%] [34m[1mGenerating Python code for ROS interfaces[0m
[1.305s] [ 74%] Built target autopatrol_interfaces__py
[1.327s] [ 77%] [32mBuilding C object CMakeFiles/autopatrol_interfaces__rosidl_generator_py.dir/rosidl_generator_py/autopatrol_interfaces/srv/_speach_text_s.c.o[0m
[1.410s] [ 80%] [32m[1mLinking C shared library rosidl_generator_py/autopatrol_interfaces/libautopatrol_interfaces__rosidl_generator_py.so[0m
[1.448s] [ 80%] Built target autopatrol_interfaces__rosidl_generator_py
[1.464s] [ 83%] [32mBuilding C object CMakeFiles/autopatrol_interfaces__rosidl_typesupport_c__pyext.dir/rosidl_generator_py/autopatrol_interfaces/_autopatrol_interfaces_s.ep.rosidl_typesupport_c.c.o[0m
[1.464s] [ 87%] [32mBuilding C object CMakeFiles/autopatrol_interfaces__rosidl_typesupport_introspection_c__pyext.dir/rosidl_generator_py/autopatrol_interfaces/_autopatrol_interfaces_s.ep.rosidl_typesupport_introspection_c.c.o[0m
[1.466s] [ 90%] [32mBuilding C object CMakeFiles/autopatrol_interfaces__rosidl_typesupport_fastrtps_c__pyext.dir/rosidl_generator_py/autopatrol_interfaces/_autopatrol_interfaces_s.ep.rosidl_typesupport_fastrtps_c.c.o[0m
[1.535s] [ 93%] [32m[1mLinking C shared library rosidl_generator_py/autopatrol_interfaces/autopatrol_interfaces_s__rosidl_typesupport_c.cpython-310-x86_64-linux-gnu.so[0m
[1.535s] [ 96%] [32m[1mLinking C shared library rosidl_generator_py/autopatrol_interfaces/autopatrol_interfaces_s__rosidl_typesupport_fastrtps_c.cpython-310-x86_64-linux-gnu.so[0m
[1.546s] [100%] [32m[1mLinking C shared library rosidl_generator_py/autopatrol_interfaces/autopatrol_interfaces_s__rosidl_typesupport_introspection_c.cpython-310-x86_64-linux-gnu.so[0m
[1.561s] [100%] Built target autopatrol_interfaces__rosidl_typesupport_fastrtps_c__pyext
[1.562s] [100%] Built target autopatrol_interfaces__rosidl_typesupport_c__pyext
[1.572s] [100%] Built target autopatrol_interfaces__rosidl_typesupport_introspection_c__pyext
[1.582s] Invoked command in '/home/li/Work/Nav2_simple/build/autopatrol_interfaces' returned '0': CONDA_PROMPT_MODIFIER=(base) /usr/bin/cmake --build /home/li/Work/Nav2_simple/build/autopatrol_interfaces -- -j16 -l16
[1.583s] Invoking command in '/home/li/Work/Nav2_simple/build/autopatrol_interfaces': CONDA_PROMPT_MODIFIER=(base) /usr/bin/cmake --install /home/li/Work/Nav2_simple/build/autopatrol_interfaces
[1.589s] -- Install configuration: ""
[1.589s] -- Installing: /home/li/Work/Nav2_simple/install/autopatrol_interfaces/share/ament_index/resource_index/rosidl_interfaces/autopatrol_interfaces
[1.589s] -- Installing: /home/li/Work/Nav2_simple/install/autopatrol_interfaces/include/autopatrol_interfaces/autopatrol_interfaces
[1.589s] -- Installing: /home/li/Work/Nav2_simple/install/autopatrol_interfaces/include/autopatrol_interfaces/autopatrol_interfaces/msg
[1.589s] -- Installing: /home/li/Work/Nav2_simple/install/autopatrol_interfaces/include/autopatrol_interfaces/autopatrol_interfaces/msg/rosidl_generator_c__visibility_control.h
[1.590s] -- Installing: /home/li/Work/Nav2_simple/install/autopatrol_interfaces/include/autopatrol_interfaces/autopatrol_interfaces/srv
[1.590s] -- Installing: /home/li/Work/Nav2_simple/install/autopatrol_interfaces/include/autopatrol_interfaces/autopatrol_interfaces/srv/speach_text.h
[1.590s] -- Installing: /home/li/Work/Nav2_simple/install/autopatrol_interfaces/include/autopatrol_interfaces/autopatrol_interfaces/srv/detail
[1.590s] -- Installing: /home/li/Work/Nav2_simple/install/autopatrol_interfaces/include/autopatrol_interfaces/autopatrol_interfaces/srv/detail/speach_text__functions.c
[1.590s] -- Installing: /home/li/Work/Nav2_simple/install/autopatrol_interfaces/include/autopatrol_interfaces/autopatrol_interfaces/srv/detail/speach_text__type_support.h
[1.590s] -- Installing: /home/li/Work/Nav2_simple/install/autopatrol_interfaces/include/autopatrol_interfaces/autopatrol_interfaces/srv/detail/speach_text__struct.h
[1.590s] -- Installing: /home/li/Work/Nav2_simple/install/autopatrol_interfaces/include/autopatrol_interfaces/autopatrol_interfaces/srv/detail/speach_text__functions.h
[1.590s] -- Installing: /home/li/Work/Nav2_simple/install/autopatrol_interfaces/share/autopatrol_interfaces/environment/library_path.sh
[1.590s] -- Installing: /home/li/Work/Nav2_simple/install/autopatrol_interfaces/share/autopatrol_interfaces/environment/library_path.dsv
[1.590s] -- Installing: /home/li/Work/Nav2_simple/install/autopatrol_interfaces/lib/libautopatrol_interfaces__rosidl_generator_c.so
[1.590s] -- Set runtime path of "/home/li/Work/Nav2_simple/install/autopatrol_interfaces/lib/libautopatrol_interfaces__rosidl_generator_c.so" to ""
[1.590s] -- Up-to-date: /home/li/Work/Nav2_simple/install/autopatrol_interfaces/include/autopatrol_interfaces/autopatrol_interfaces
[1.590s] -- Up-to-date: /home/li/Work/Nav2_simple/install/autopatrol_interfaces/include/autopatrol_interfaces/autopatrol_interfaces/msg
[1.590s] -- Installing: /home/li/Work/Nav2_simple/install/autopatrol_interfaces/include/autopatrol_interfaces/autopatrol_interfaces/msg/rosidl_typesupport_fastrtps_c__visibility_control.h
[1.590s] -- Up-to-date: /home/li/Work/Nav2_simple/install/autopatrol_interfaces/include/autopatrol_interfaces/autopatrol_interfaces/srv
[1.591s] -- Up-to-date: /home/li/Work/Nav2_simple/install/autopatrol_interfaces/include/autopatrol_interfaces/autopatrol_interfaces/srv/detail
[1.591s] -- Installing: /home/li/Work/Nav2_simple/install/autopatrol_interfaces/include/autopatrol_interfaces/autopatrol_interfaces/srv/detail/speach_text__rosidl_typesupport_fastrtps_c.h
[1.591s] -- Installing: /home/li/Work/Nav2_simple/install/autopatrol_interfaces/lib/libautopatrol_interfaces__rosidl_typesupport_fastrtps_c.so
[1.591s] -- Set runtime path of "/home/li/Work/Nav2_simple/install/autopatrol_interfaces/lib/libautopatrol_interfaces__rosidl_typesupport_fastrtps_c.so" to ""
[1.591s] -- Up-to-date: /home/li/Work/Nav2_simple/install/autopatrol_interfaces/include/autopatrol_interfaces/autopatrol_interfaces
[1.591s] -- Up-to-date: /home/li/Work/Nav2_simple/install/autopatrol_interfaces/include/autopatrol_interfaces/autopatrol_interfaces/msg
[1.591s] -- Installing: /home/li/Work/Nav2_simple/install/autopatrol_interfaces/include/autopatrol_interfaces/autopatrol_interfaces/msg/rosidl_typesupport_introspection_c__visibility_control.h
[1.591s] -- Up-to-date: /home/li/Work/Nav2_simple/install/autopatrol_interfaces/include/autopatrol_interfaces/autopatrol_interfaces/srv
[1.591s] -- Up-to-date: /home/li/Work/Nav2_simple/install/autopatrol_interfaces/include/autopatrol_interfaces/autopatrol_interfaces/srv/detail
[1.591s] -- Installing: /home/li/Work/Nav2_simple/install/autopatrol_interfaces/include/autopatrol_interfaces/autopatrol_interfaces/srv/detail/speach_text__rosidl_typesupport_introspection_c.h
[1.591s] -- Installing: /home/li/Work/Nav2_simple/install/autopatrol_interfaces/include/autopatrol_interfaces/autopatrol_interfaces/srv/detail/speach_text__type_support.c
[1.591s] -- Installing: /home/li/Work/Nav2_simple/install/autopatrol_interfaces/lib/libautopatrol_interfaces__rosidl_typesupport_introspection_c.so
[1.591s] -- Set runtime path of "/home/li/Work/Nav2_simple/install/autopatrol_interfaces/lib/libautopatrol_interfaces__rosidl_typesupport_introspection_c.so" to ""
[1.592s] -- Installing: /home/li/Work/Nav2_simple/install/autopatrol_interfaces/lib/libautopatrol_interfaces__rosidl_typesupport_c.so
[1.592s] -- Set runtime path of "/home/li/Work/Nav2_simple/install/autopatrol_interfaces/lib/libautopatrol_interfaces__rosidl_typesupport_c.so" to ""
[1.592s] -- Up-to-date: /home/li/Work/Nav2_simple/install/autopatrol_interfaces/include/autopatrol_interfaces/autopatrol_interfaces
[1.592s] -- Up-to-date: /home/li/Work/Nav2_simple/install/autopatrol_interfaces/include/autopatrol_interfaces/autopatrol_interfaces/msg
[1.592s] -- Installing: /home/li/Work/Nav2_simple/install/autopatrol_interfaces/include/autopatrol_interfaces/autopatrol_interfaces/msg/rosidl_generator_cpp__visibility_control.hpp
[1.592s] -- Up-to-date: /home/li/Work/Nav2_simple/install/autopatrol_interfaces/include/autopatrol_interfaces/autopatrol_interfaces/srv
[1.592s] -- Up-to-date: /home/li/Work/Nav2_simple/install/autopatrol_interfaces/include/autopatrol_interfaces/autopatrol_interfaces/srv/detail
[1.592s] -- Installing: /home/li/Work/Nav2_simple/install/autopatrol_interfaces/include/autopatrol_interfaces/autopatrol_interfaces/srv/detail/speach_text__struct.hpp
[1.592s] -- Installing: /home/li/Work/Nav2_simple/install/autopatrol_interfaces/include/autopatrol_interfaces/autopatrol_interfaces/srv/detail/speach_text__type_support.hpp
[1.593s] -- Installing: /home/li/Work/Nav2_simple/install/autopatrol_interfaces/include/autopatrol_interfaces/autopatrol_interfaces/srv/detail/speach_text__builder.hpp
[1.593s] -- Installing: /home/li/Work/Nav2_simple/install/autopatrol_interfaces/include/autopatrol_interfaces/autopatrol_interfaces/srv/detail/speach_text__traits.hpp
[1.593s] -- Installing: /home/li/Work/Nav2_simple/install/autopatrol_interfaces/include/autopatrol_interfaces/autopatrol_interfaces/srv/speach_text.hpp
[1.593s] -- Up-to-date: /home/li/Work/Nav2_simple/install/autopatrol_interfaces/include/autopatrol_interfaces/autopatrol_interfaces
[1.593s] -- Up-to-date: /home/li/Work/Nav2_simple/install/autopatrol_interfaces/include/autopatrol_interfaces/autopatrol_interfaces/msg
[1.593s] -- Installing: /home/li/Work/Nav2_simple/install/autopatrol_interfaces/include/autopatrol_interfaces/autopatrol_interfaces/msg/rosidl_typesupport_fastrtps_cpp__visibility_control.h
[1.593s] -- Up-to-date: /home/li/Work/Nav2_simple/install/autopatrol_interfaces/include/autopatrol_interfaces/autopatrol_interfaces/srv
[1.593s] -- Up-to-date: /home/li/Work/Nav2_simple/install/autopatrol_interfaces/include/autopatrol_interfaces/autopatrol_interfaces/srv/detail
[1.594s] -- Installing: /home/li/Work/Nav2_simple/install/autopatrol_interfaces/include/autopatrol_interfaces/autopatrol_interfaces/srv/detail/dds_fastrtps
[1.594s] -- Installing: /home/li/Work/Nav2_simple/install/autopatrol_interfaces/include/autopatrol_interfaces/autopatrol_interfaces/srv/detail/speach_text__rosidl_typesupport_fastrtps_cpp.hpp
[1.594s] -- Installing: /home/li/Work/Nav2_simple/install/autopatrol_interfaces/lib/libautopatrol_interfaces__rosidl_typesupport_fastrtps_cpp.so
[1.594s] -- Set runtime path of "/home/li/Work/Nav2_simple/install/autopatrol_interfaces/lib/libautopatrol_interfaces__rosidl_typesupport_fastrtps_cpp.so" to ""
[1.594s] -- Up-to-date: /home/li/Work/Nav2_simple/install/autopatrol_interfaces/include/autopatrol_interfaces/autopatrol_interfaces
[1.594s] -- Up-to-date: /home/li/Work/Nav2_simple/install/autopatrol_interfaces/include/autopatrol_interfaces/autopatrol_interfaces/srv
[1.594s] -- Up-to-date: /home/li/Work/Nav2_simple/install/autopatrol_interfaces/include/autopatrol_interfaces/autopatrol_interfaces/srv/detail
[1.594s] -- Installing: /home/li/Work/Nav2_simple/install/autopatrol_interfaces/include/autopatrol_interfaces/autopatrol_interfaces/srv/detail/speach_text__rosidl_typesupport_introspection_cpp.hpp
[1.594s] -- Installing: /home/li/Work/Nav2_simple/install/autopatrol_interfaces/include/autopatrol_interfaces/autopatrol_interfaces/srv/detail/speach_text__type_support.cpp
[1.594s] -- Installing: /home/li/Work/Nav2_simple/install/autopatrol_interfaces/lib/libautopatrol_interfaces__rosidl_typesupport_introspection_cpp.so
[1.594s] -- Set runtime path of "/home/li/Work/Nav2_simple/install/autopatrol_interfaces/lib/libautopatrol_interfaces__rosidl_typesupport_introspection_cpp.so" to ""
[1.594s] -- Installing: /home/li/Work/Nav2_simple/install/autopatrol_interfaces/lib/libautopatrol_interfaces__rosidl_typesupport_cpp.so
[1.594s] -- Set runtime path of "/home/li/Work/Nav2_simple/install/autopatrol_interfaces/lib/libautopatrol_interfaces__rosidl_typesupport_cpp.so" to ""
[1.594s] -- Installing: /home/li/Work/Nav2_simple/install/autopatrol_interfaces/share/autopatrol_interfaces/environment/pythonpath.sh
[1.594s] -- Installing: /home/li/Work/Nav2_simple/install/autopatrol_interfaces/share/autopatrol_interfaces/environment/pythonpath.dsv
[1.594s] -- Installing: /home/li/Work/Nav2_simple/install/autopatrol_interfaces/lib/python3.10/site-packages/autopatrol_interfaces-0.0.0-py3.10.egg-info
[1.594s] -- Installing: /home/li/Work/Nav2_simple/install/autopatrol_interfaces/lib/python3.10/site-packages/autopatrol_interfaces-0.0.0-py3.10.egg-info/top_level.txt
[1.595s] -- Installing: /home/li/Work/Nav2_simple/install/autopatrol_interfaces/lib/python3.10/site-packages/autopatrol_interfaces-0.0.0-py3.10.egg-info/dependency_links.txt
[1.595s] -- Installing: /home/li/Work/Nav2_simple/install/autopatrol_interfaces/lib/python3.10/site-packages/autopatrol_interfaces-0.0.0-py3.10.egg-info/SOURCES.txt
[1.595s] -- Installing: /home/li/Work/Nav2_simple/install/autopatrol_interfaces/lib/python3.10/site-packages/autopatrol_interfaces-0.0.0-py3.10.egg-info/PKG-INFO
[1.595s] -- Installing: /home/li/Work/Nav2_simple/install/autopatrol_interfaces/lib/python3.10/site-packages/autopatrol_interfaces
[1.595s] -- Installing: /home/li/Work/Nav2_simple/install/autopatrol_interfaces/lib/python3.10/site-packages/autopatrol_interfaces/autopatrol_interfaces_s__rosidl_typesupport_introspection_c.cpython-310-x86_64-linux-gnu.so
[1.595s] -- Installing: /home/li/Work/Nav2_simple/install/autopatrol_interfaces/lib/python3.10/site-packages/autopatrol_interfaces/autopatrol_interfaces_s__rosidl_typesupport_c.cpython-310-x86_64-linux-gnu.so
[1.595s] -- Installing: /home/li/Work/Nav2_simple/install/autopatrol_interfaces/lib/python3.10/site-packages/autopatrol_interfaces/srv
[1.595s] -- Installing: /home/li/Work/Nav2_simple/install/autopatrol_interfaces/lib/python3.10/site-packages/autopatrol_interfaces/srv/_speach_text.py
[1.595s] -- Installing: /home/li/Work/Nav2_simple/install/autopatrol_interfaces/lib/python3.10/site-packages/autopatrol_interfaces/srv/__init__.py
[1.595s] -- Installing: /home/li/Work/Nav2_simple/install/autopatrol_interfaces/lib/python3.10/site-packages/autopatrol_interfaces/srv/_speach_text_s.c
[1.595s] -- Installing: /home/li/Work/Nav2_simple/install/autopatrol_interfaces/lib/python3.10/site-packages/autopatrol_interfaces/libautopatrol_interfaces__rosidl_generator_py.so
[1.595s] -- Installing: /home/li/Work/Nav2_simple/install/autopatrol_interfaces/lib/python3.10/site-packages/autopatrol_interfaces/_autopatrol_interfaces_s.ep.rosidl_typesupport_introspection_c.c
[1.595s] -- Installing: /home/li/Work/Nav2_simple/install/autopatrol_interfaces/lib/python3.10/site-packages/autopatrol_interfaces/_autopatrol_interfaces_s.ep.rosidl_typesupport_fastrtps_c.c
[1.595s] -- Installing: /home/li/Work/Nav2_simple/install/autopatrol_interfaces/lib/python3.10/site-packages/autopatrol_interfaces/autopatrol_interfaces_s__rosidl_typesupport_fastrtps_c.cpython-310-x86_64-linux-gnu.so
[1.595s] -- Installing: /home/li/Work/Nav2_simple/install/autopatrol_interfaces/lib/python3.10/site-packages/autopatrol_interfaces/__init__.py
[1.595s] -- Installing: /home/li/Work/Nav2_simple/install/autopatrol_interfaces/lib/python3.10/site-packages/autopatrol_interfaces/_autopatrol_interfaces_s.ep.rosidl_typesupport_c.c
[1.619s] Listing '/home/li/Work/Nav2_simple/install/autopatrol_interfaces/lib/python3.10/site-packages/autopatrol_interfaces'...
[1.619s] Compiling '/home/li/Work/Nav2_simple/install/autopatrol_interfaces/lib/python3.10/site-packages/autopatrol_interfaces/__init__.py'...
[1.619s] Listing '/home/li/Work/Nav2_simple/install/autopatrol_interfaces/lib/python3.10/site-packages/autopatrol_interfaces/srv'...
[1.619s] Compiling '/home/li/Work/Nav2_simple/install/autopatrol_interfaces/lib/python3.10/site-packages/autopatrol_interfaces/srv/__init__.py'...
[1.619s] Compiling '/home/li/Work/Nav2_simple/install/autopatrol_interfaces/lib/python3.10/site-packages/autopatrol_interfaces/srv/_speach_text.py'...
[1.622s] -- Installing: /home/li/Work/Nav2_simple/install/autopatrol_interfaces/lib/python3.10/site-packages/autopatrol_interfaces/autopatrol_interfaces_s__rosidl_typesupport_fastrtps_c.cpython-310-x86_64-linux-gnu.so
[1.622s] -- Set runtime path of "/home/li/Work/Nav2_simple/install/autopatrol_interfaces/lib/python3.10/site-packages/autopatrol_interfaces/autopatrol_interfaces_s__rosidl_typesupport_fastrtps_c.cpython-310-x86_64-linux-gnu.so" to ""
[1.622s] -- Installing: /home/li/Work/Nav2_simple/install/autopatrol_interfaces/lib/python3.10/site-packages/autopatrol_interfaces/autopatrol_interfaces_s__rosidl_typesupport_introspection_c.cpython-310-x86_64-linux-gnu.so
[1.622s] -- Set runtime path of "/home/li/Work/Nav2_simple/install/autopatrol_interfaces/lib/python3.10/site-packages/autopatrol_interfaces/autopatrol_interfaces_s__rosidl_typesupport_introspection_c.cpython-310-x86_64-linux-gnu.so" to ""
[1.622s] -- Installing: /home/li/Work/Nav2_simple/install/autopatrol_interfaces/lib/python3.10/site-packages/autopatrol_interfaces/autopatrol_interfaces_s__rosidl_typesupport_c.cpython-310-x86_64-linux-gnu.so
[1.623s] -- Set runtime path of "/home/li/Work/Nav2_simple/install/autopatrol_interfaces/lib/python3.10/site-packages/autopatrol_interfaces/autopatrol_interfaces_s__rosidl_typesupport_c.cpython-310-x86_64-linux-gnu.so" to ""
[1.623s] -- Installing: /home/li/Work/Nav2_simple/install/autopatrol_interfaces/lib/libautopatrol_interfaces__rosidl_generator_py.so
[1.623s] -- Set runtime path of "/home/li/Work/Nav2_simple/install/autopatrol_interfaces/lib/libautopatrol_interfaces__rosidl_generator_py.so" to ""
[1.623s] -- Installing: /home/li/Work/Nav2_simple/install/autopatrol_interfaces/share/autopatrol_interfaces/srv/SpeachText.idl
[1.623s] -- Installing: /home/li/Work/Nav2_simple/install/autopatrol_interfaces/share/autopatrol_interfaces/srv/SpeachText.srv
[1.623s] -- Installing: /home/li/Work/Nav2_simple/install/autopatrol_interfaces/share/autopatrol_interfaces/srv/SpeachText_Request.msg
[1.623s] -- Installing: /home/li/Work/Nav2_simple/install/autopatrol_interfaces/share/autopatrol_interfaces/srv/SpeachText_Response.msg
[1.623s] -- Installing: /home/li/Work/Nav2_simple/install/autopatrol_interfaces/share/ament_index/resource_index/package_run_dependencies/autopatrol_interfaces
[1.623s] -- Installing: /home/li/Work/Nav2_simple/install/autopatrol_interfaces/share/ament_index/resource_index/parent_prefix_path/autopatrol_interfaces
[1.624s] -- Installing: /home/li/Work/Nav2_simple/install/autopatrol_interfaces/share/autopatrol_interfaces/environment/ament_prefix_path.sh
[1.624s] -- Installing: /home/li/Work/Nav2_simple/install/autopatrol_interfaces/share/autopatrol_interfaces/environment/ament_prefix_path.dsv
[1.624s] -- Installing: /home/li/Work/Nav2_simple/install/autopatrol_interfaces/share/autopatrol_interfaces/environment/path.sh
[1.624s] -- Installing: /home/li/Work/Nav2_simple/install/autopatrol_interfaces/share/autopatrol_interfaces/environment/path.dsv
[1.624s] -- Installing: /home/li/Work/Nav2_simple/install/autopatrol_interfaces/share/autopatrol_interfaces/local_setup.bash
[1.624s] -- Installing: /home/li/Work/Nav2_simple/install/autopatrol_interfaces/share/autopatrol_interfaces/local_setup.sh
[1.624s] -- Installing: /home/li/Work/Nav2_simple/install/autopatrol_interfaces/share/autopatrol_interfaces/local_setup.zsh
[1.624s] -- Installing: /home/li/Work/Nav2_simple/install/autopatrol_interfaces/share/autopatrol_interfaces/local_setup.dsv
[1.625s] -- Installing: /home/li/Work/Nav2_simple/install/autopatrol_interfaces/share/autopatrol_interfaces/package.dsv
[1.625s] -- Installing: /home/li/Work/Nav2_simple/install/autopatrol_interfaces/share/ament_index/resource_index/packages/autopatrol_interfaces
[1.625s] -- Installing: /home/li/Work/Nav2_simple/install/autopatrol_interfaces/share/autopatrol_interfaces/cmake/export_autopatrol_interfaces__rosidl_generator_cExport.cmake
[1.625s] -- Installing: /home/li/Work/Nav2_simple/install/autopatrol_interfaces/share/autopatrol_interfaces/cmake/export_autopatrol_interfaces__rosidl_generator_cExport-noconfig.cmake
[1.625s] -- Installing: /home/li/Work/Nav2_simple/install/autopatrol_interfaces/share/autopatrol_interfaces/cmake/export_autopatrol_interfaces__rosidl_typesupport_fastrtps_cExport.cmake
[1.625s] -- Installing: /home/li/Work/Nav2_simple/install/autopatrol_interfaces/share/autopatrol_interfaces/cmake/export_autopatrol_interfaces__rosidl_typesupport_fastrtps_cExport-noconfig.cmake
[1.626s] -- Installing: /home/li/Work/Nav2_simple/install/autopatrol_interfaces/share/autopatrol_interfaces/cmake/autopatrol_interfaces__rosidl_typesupport_introspection_cExport.cmake
[1.626s] -- Installing: /home/li/Work/Nav2_simple/install/autopatrol_interfaces/share/autopatrol_interfaces/cmake/autopatrol_interfaces__rosidl_typesupport_introspection_cExport-noconfig.cmake
[1.626s] -- Installing: /home/li/Work/Nav2_simple/install/autopatrol_interfaces/share/autopatrol_interfaces/cmake/autopatrol_interfaces__rosidl_typesupport_cExport.cmake
[1.626s] -- Installing: /home/li/Work/Nav2_simple/install/autopatrol_interfaces/share/autopatrol_interfaces/cmake/autopatrol_interfaces__rosidl_typesupport_cExport-noconfig.cmake
[1.626s] -- Installing: /home/li/Work/Nav2_simple/install/autopatrol_interfaces/share/autopatrol_interfaces/cmake/export_autopatrol_interfaces__rosidl_generator_cppExport.cmake
[1.626s] -- Installing: /home/li/Work/Nav2_simple/install/autopatrol_interfaces/share/autopatrol_interfaces/cmake/export_autopatrol_interfaces__rosidl_typesupport_fastrtps_cppExport.cmake
[1.627s] -- Installing: /home/li/Work/Nav2_simple/install/autopatrol_interfaces/share/autopatrol_interfaces/cmake/export_autopatrol_interfaces__rosidl_typesupport_fastrtps_cppExport-noconfig.cmake
[1.627s] -- Installing: /home/li/Work/Nav2_simple/install/autopatrol_interfaces/share/autopatrol_interfaces/cmake/autopatrol_interfaces__rosidl_typesupport_introspection_cppExport.cmake
[1.627s] -- Installing: /home/li/Work/Nav2_simple/install/autopatrol_interfaces/share/autopatrol_interfaces/cmake/autopatrol_interfaces__rosidl_typesupport_introspection_cppExport-noconfig.cmake
[1.627s] -- Installing: /home/li/Work/Nav2_simple/install/autopatrol_interfaces/share/autopatrol_interfaces/cmake/autopatrol_interfaces__rosidl_typesupport_cppExport.cmake
[1.627s] -- Installing: /home/li/Work/Nav2_simple/install/autopatrol_interfaces/share/autopatrol_interfaces/cmake/autopatrol_interfaces__rosidl_typesupport_cppExport-noconfig.cmake
[1.627s] -- Installing: /home/li/Work/Nav2_simple/install/autopatrol_interfaces/share/autopatrol_interfaces/cmake/export_autopatrol_interfaces__rosidl_generator_pyExport.cmake
[1.627s] -- Installing: /home/li/Work/Nav2_simple/install/autopatrol_interfaces/share/autopatrol_interfaces/cmake/export_autopatrol_interfaces__rosidl_generator_pyExport-noconfig.cmake
[1.628s] -- Installing: /home/li/Work/Nav2_simple/install/autopatrol_interfaces/share/autopatrol_interfaces/cmake/rosidl_cmake-extras.cmake
[1.628s] -- Installing: /home/li/Work/Nav2_simple/install/autopatrol_interfaces/share/autopatrol_interfaces/cmake/ament_cmake_export_include_directories-extras.cmake
[1.628s] -- Installing: /home/li/Work/Nav2_simple/install/autopatrol_interfaces/share/autopatrol_interfaces/cmake/ament_cmake_export_libraries-extras.cmake
[1.628s] -- Installing: /home/li/Work/Nav2_simple/install/autopatrol_interfaces/share/autopatrol_interfaces/cmake/ament_cmake_export_targets-extras.cmake
[1.628s] -- Installing: /home/li/Work/Nav2_simple/install/autopatrol_interfaces/share/autopatrol_interfaces/cmake/rosidl_cmake_export_typesupport_targets-extras.cmake
[1.628s] -- Installing: /home/li/Work/Nav2_simple/install/autopatrol_interfaces/share/autopatrol_interfaces/cmake/ament_cmake_export_dependencies-extras.cmake
[1.629s] -- Installing: /home/li/Work/Nav2_simple/install/autopatrol_interfaces/share/autopatrol_interfaces/cmake/rosidl_cmake_export_typesupport_libraries-extras.cmake
[1.629s] -- Installing: /home/li/Work/Nav2_simple/install/autopatrol_interfaces/share/autopatrol_interfaces/cmake/autopatrol_interfacesConfig.cmake
[1.629s] -- Installing: /home/li/Work/Nav2_simple/install/autopatrol_interfaces/share/autopatrol_interfaces/cmake/autopatrol_interfacesConfig-version.cmake
[1.629s] -- Installing: /home/li/Work/Nav2_simple/install/autopatrol_interfaces/share/autopatrol_interfaces/package.xml
[1.632s] Invoked command in '/home/li/Work/Nav2_simple/build/autopatrol_interfaces' returned '0': CONDA_PROMPT_MODIFIER=(base) /usr/bin/cmake --install /home/li/Work/Nav2_simple/build/autopatrol_interfaces
